[0.023s] Invoking command in '/home/sankala-mahidhar/jackal_ws/build/jackal_tutorials': DEBUGINFOD_URLS=https://debuginfod.ubuntu.com /usr/bin/cmake /home/sankala-mahidhar/jackal_ws/src/jackal/jackal_tutorials -DCATKIN_INSTALL_INTO_PREFIX_ROOT=0 -DCATKIN_SYMLINK_INSTALL=ON -DCMAKE_INSTALL_PREFIX=/home/sankala-mahidhar/jackal_ws/install/jackal_tutorials
[0.028s] CMake Deprecation Warning at CMakeLists.txt:1 (cmake_minimum_required):
[0.028s]   Compatibility with CMake < 3.5 will be removed from a future version of
[0.028s]   CMake.
[0.029s] 
[0.029s]   Update the VERSION argument <min> value or use a ...<max> suffix to tell
[0.029s]   CMake that the project does not need compatibility with older versions.
[0.029s] 
[0.029s] 
[0.085s] -- The C compiler identification is GNU 13.3.0
[0.157s] -- The CXX compiler identification is GNU 13.3.0
[0.175s] -- Detecting C compiler ABI info
[0.260s] -- Detecting C compiler ABI info - done
[0.274s] -- Check for working C compiler: /usr/bin/cc - skipped
[0.274s] -- Detecting C compile features
[0.275s] -- Detecting C compile features - done
[0.287s] -- Detecting CXX compiler ABI info
[0.393s] -- Detecting CXX compiler ABI info - done
[0.404s] -- Check for working CXX compiler: /usr/bin/c++ - skipped
[0.404s] -- Detecting CXX compile features
[0.404s] -- Detecting CXX compile features - done
[0.416s] CMake Error at CMakeLists.txt:4 (find_package):
[0.417s]   By not providing "Findcatkin.cmake" in CMAKE_MODULE_PATH this project has
[0.417s]   asked CMake to find a package configuration file provided by "catkin", but
[0.417s]   CMake did not find one.
[0.417s] 
[0.417s]   Could not find a package configuration file provided by "catkin" with any
[0.417s]   of the following names:
[0.417s] 
[0.417s]     catkinConfig.cmake
[0.417s]     catkin-config.cmake
[0.417s] 
[0.417s]   Add the installation prefix of "catkin" to CMAKE_PREFIX_PATH or set
[0.418s]   "catkin_DIR" to a directory containing one of the above files.  If "catkin"
[0.418s]   provides a separate development package or SDK, be sure it has been
[0.418s]   installed.
[0.418s] 
[0.418s] 
[0.418s] -- Configuring incomplete, errors occurred!
