[0.024s] Invoking command in '/home/sankala-mahidhar/jackal_ws/build/jackal_msgs': DEBUGINFOD_URLS=https://debuginfod.ubuntu.com /usr/bin/cmake /home/sankala-mahidhar/jackal_ws/src/jackal/jackal_msgs -DCATKIN_INSTALL_INTO_PREFIX_ROOT=0 -DCATKIN_SYMLINK_INSTALL=ON -DCMAKE_INSTALL_PREFIX=/home/sankala-mahidhar/jackal_ws/install/jackal_msgs
[0.035s] CMake Deprecation Warning at CMakeLists.txt:1 (cmake_minimum_required):
[0.035s]   Compatibility with CMake < 3.5 will be removed from a future version of
[0.035s]   CMake.
[0.035s] 
[0.035s]   Update the VERSION argument <min> value or use a ...<max> suffix to tell
[0.035s]   CMake that the project does not need compatibility with older versions.
[0.035s] 
[0.035s] 
[0.082s] -- The C compiler identification is GNU 13.3.0
[0.139s] -- The CXX compiler identification is GNU 13.3.0
[0.155s] -- Detecting C compiler ABI info
[0.239s] -- Detecting C compiler ABI info - done
[0.249s] -- Check for working C compiler: /usr/bin/cc - skipped
[0.249s] -- Detecting C compile features
[0.250s] -- Detecting C compile features - done
[0.259s] -- Detecting CXX compiler ABI info
[0.353s] -- Detecting CXX compiler ABI info - done
[0.365s] -- Check for working CXX compiler: /usr/bin/c++ - skipped
[0.365s] -- Detecting CXX compile features
[0.366s] -- Detecting CXX compile features - done
[0.380s] CMake Error at CMakeLists.txt:4 (find_package):
[0.380s]   By not providing "Findcatkin.cmake" in CMAKE_MODULE_PATH this project has
[0.380s]   asked CMake to find a package configuration file provided by "catkin", but
[0.380s]   CMake did not find one.
[0.380s] 
[0.380s]   Could not find a package configuration file provided by "catkin" with any
[0.380s]   of the following names:
[0.380s] 
[0.380s]     catkinConfig.cmake
[0.380s]     catkin-config.cmake
[0.380s] 
[0.381s]   Add the installation prefix of "catkin" to CMAKE_PREFIX_PATH or set
[0.381s]   "catkin_DIR" to a directory containing one of the above files.  If "catkin"
[0.381s]   provides a separate development package or SDK, be sure it has been
[0.381s]   installed.
[0.381s] 
[0.381s] 
[0.381s] -- Configuring incomplete, errors occurred!
[0.385s] Invoked command in '/home/sankala-mahidhar/jackal_ws/build/jackal_msgs' returned '1': DEBUGINFOD_URLS=https://debuginfod.ubuntu.com /usr/bin/cmake /home/sankala-mahidhar/jackal_ws/src/jackal/jackal_msgs -DCATKIN_INSTALL_INTO_PREFIX_ROOT=0 -DCATKIN_SYMLINK_INSTALL=ON -DCMAKE_INSTALL_PREFIX=/home/sankala-mahidhar/jackal_ws/install/jackal_msgs
