[0.018s] Invoking command in '/home/sankala-mahidhar/jackal_ws/build/jackal_navigation': DEBUGINFOD_URLS=https://debuginfod.ubuntu.com /usr/bin/cmake /home/sankala-mahidhar/jackal_ws/src/jackal/jackal_navigation -DCATKIN_INSTALL_INTO_PREFIX_ROOT=0 -DCATKIN_SYMLINK_INSTALL=ON -DCMAKE_INSTALL_PREFIX=/home/sankala-mahidhar/jackal_ws/install/jackal_navigation
[0.027s] CMake Deprecation Warning at CMakeLists.txt:1 (cmake_minimum_required):
[0.027s]   Compatibility with CMake < 3.5 will be removed from a future version of
[0.027s]   CMake.
[0.027s] 
[0.027s]   Update the VERSION argument <min> value or use a ...<max> suffix to tell
[0.027s]   CMake that the project does not need compatibility with older versions.
[0.028s] 
[0.028s] 
[0.076s] -- The C compiler identification is GNU 13.3.0
[0.133s] -- The CXX compiler identification is GNU 13.3.0
[0.149s] -- Detecting C compiler ABI info
[0.234s] -- Detecting C compiler ABI info - done
[0.249s] -- Check for working C compiler: /usr/bin/cc - skipped
[0.249s] -- Detecting C compile features
[0.250s] -- Detecting C compile features - done
[0.260s] -- Detecting CXX compiler ABI info
[0.352s] -- Detecting CXX compiler ABI info - done
[0.362s] -- Check for working CXX compiler: /usr/bin/c++ - skipped
[0.362s] -- Detecting CXX compile features
[0.363s] -- Detecting CXX compile features - done
[0.376s] CMake Error at CMakeLists.txt:4 (find_package):
[0.376s]   By not providing "Findcatkin.cmake" in CMAKE_MODULE_PATH this project has
[0.376s]   asked CMake to find a package configuration file provided by "catkin", but
[0.376s]   CMake did not find one.
[0.376s] 
[0.376s]   Could not find a package configuration file provided by "catkin" with any
[0.376s]   of the following names:
[0.376s] 
[0.377s]     catkinConfig.cmake
[0.377s]     catkin-config.cmake
[0.377s] 
[0.377s]   Add the installation prefix of "catkin" to CMAKE_PREFIX_PATH or set
[0.377s]   "catkin_DIR" to a directory containing one of the above files.  If "catkin"
[0.377s]   provides a separate development package or SDK, be sure it has been
[0.377s]   installed.
[0.377s] 
[0.377s] 
[0.377s] -- Configuring incomplete, errors occurred!
[0.381s] Invoked command in '/home/sankala-mahidhar/jackal_ws/build/jackal_navigation' returned '1': DEBUGINFOD_URLS=https://debuginfod.ubuntu.com /usr/bin/cmake /home/sankala-mahidhar/jackal_ws/src/jackal/jackal_navigation -DCATKIN_INSTALL_INTO_PREFIX_ROOT=0 -DCATKIN_SYMLINK_INSTALL=ON -DCMAKE_INSTALL_PREFIX=/home/sankala-mahidhar/jackal_ws/install/jackal_navigation
