Built target ament_cmake_python_symlink_jackal_helper
running egg_info
creating jackal_helper.egg-info
writing jackal_helper.egg-info/PKG-INFO
writing dependency_links to jackal_helper.egg-info/dependency_links.txt
writing top-level names to jackal_helper.egg-info/top_level.txt
writing manifest file 'jackal_helper.egg-info/SOURCES.txt'
reading manifest file 'jackal_helper.egg-info/SOURCES.txt'
writing manifest file 'jackal_helper.egg-info/SOURCES.txt'
Built target ament_cmake_python_build_jackal_helper_egg
-- Install configuration: ""
-- Execute custom install script
-- Symlinking: /home/sankala-mahidhar/jackal_ws/install/jackal_helper/share/jackal_helper/environment/pythonpath.sh
-- Symlinking: /home/sankala-mahidhar/jackal_ws/install/jackal_helper/share/jackal_helper/environment/pythonpath.dsv
-- Symlinking: /home/sankala-mahidhar/jackal_ws/install/jackal_helper/lib/python3.12/site-packages/jackal_helper-0.0.0-py3.12.egg-info/PKG-INFO
-- Symlinking: /home/sankala-mahidhar/jackal_ws/install/jackal_helper/lib/python3.12/site-packages/jackal_helper-0.0.0-py3.12.egg-info/SOURCES.txt
-- Symlinking: /home/sankala-mahidhar/jackal_ws/install/jackal_helper/lib/python3.12/site-packages/jackal_helper-0.0.0-py3.12.egg-info/dependency_links.txt
-- Symlinking: /home/sankala-mahidhar/jackal_ws/install/jackal_helper/lib/python3.12/site-packages/jackal_helper-0.0.0-py3.12.egg-info/top_level.txt
-- Symlinking: /home/sankala-mahidhar/jackal_ws/install/jackal_helper/lib/python3.12/site-packages/jackal_helper/__init__.py
-- Symlinking: /home/sankala-mahidhar/jackal_ws/install/jackal_helper/lib/python3.12/site-packages/jackal_helper/utils.py
-- Symlinking: /home/sankala-mahidhar/jackal_ws/install/jackal_helper/lib/jackal_helper/gazebo_simulation.py
-- Symlinking: /home/sankala-mahidhar/jackal_ws/install/jackal_helper/lib/jackal_helper/barn_runner.py
-- Symlinking: /home/sankala-mahidhar/jackal_ws/install/jackal_helper/share/jackal_helper/config/gui.config
-- Symlinking: /home/sankala-mahidhar/jackal_ws/install/jackal_helper/share/jackal_helper/config/nav2.yaml
-- Symlinking: /home/sankala-mahidhar/jackal_ws/install/jackal_helper/share/jackal_helper/config/nav2_dwa.yaml
-- Symlinking: /home/sankala-mahidhar/jackal_ws/install/jackal_helper/share/jackal_helper/config/robot.yaml
-- Symlinking: /home/sankala-mahidhar/jackal_ws/install/jackal_helper/share/jackal_helper/launch/BARN_runner.launch.py
-- Symlinking: /home/sankala-mahidhar/jackal_ws/install/jackal_helper/share/jackal_helper/launch/nav2_bringup.launch.py
-- Symlinking: /home/sankala-mahidhar/jackal_ws/install/jackal_helper/share/jackal_helper/worlds/BARN/path_files/path_0.npy
-- Symlinking: /home/sankala-mahidhar/jackal_ws/install/jackal_helper/share/jackal_helper/worlds/BARN/path_files/path_1.npy
-- Symlinking: /home/sankala-mahidhar/jackal_ws/install/jackal_helper/share/jackal_helper/worlds/BARN/path_files/path_10.npy
-- Symlinking: /home/sankala-mahidhar/jackal_ws/install/jackal_helper/share/jackal_helper/worlds/BARN/path_files/path_100.npy
-- Symlinking: /home/sankala-mahidhar/jackal_ws/install/jackal_helper/share/jackal_helper/worlds/BARN/path_files/path_101.npy
-- Symlinking: /home/sankala-mahidhar/jackal_ws/install/jackal_helper/share/jackal_helper/worlds/BARN/path_files/path_102.npy
-- Symlinking: /home/sankala-mahidhar/jackal_ws/install/jackal_helper/share/jackal_helper/worlds/BARN/path_files/path_103.npy
-- Symlinking: /home/sankala-mahidhar/jackal_ws/install/jackal_helper/share/jackal_helper/worlds/BARN/path_files/path_104.npy
-- Symlinking: /home/sankala-mahidhar/jackal_ws/install/jackal_helper/share/jackal_helper/worlds/BARN/path_files/path_105.npy
-- Symlinking: /home/sankala-mahidhar/jackal_ws/install/jackal_helper/share/jackal_helper/worlds/BARN/path_files/path_106.npy
-- Symlinking: /home/sankala-mahidhar/jackal_ws/install/jackal_helper/share/jackal_helper/worlds/BARN/path_files/path_107.npy
-- Symlinking: /home/sankala-mahidhar/jackal_ws/install/jackal_helper/share/jackal_helper/worlds/BARN/path_files/path_108.npy
-- Symlinking: /home/sankala-mahidhar/jackal_ws/install/jackal_helper/share/jackal_helper/worlds/BARN/path_files/path_109.npy
-- Symlinking: /home/sankala-mahidhar/jackal_ws/install/jackal_helper/share/jackal_helper/worlds/BARN/path_files/path_11.npy
-- Symlinking: /home/sankala-mahidhar/jackal_ws/install/jackal_helper/share/jackal_helper/worlds/BARN/path_files/path_110.npy
-- Symlinking: /home/sankala-mahidhar/jackal_ws/install/jackal_helper/share/jackal_helper/worlds/BARN/path_files/path_111.npy
-- Symlinking: /home/sankala-mahidhar/jackal_ws/install/jackal_helper/share/jackal_helper/worlds/BARN/path_files/path_112.npy
-- Symlinking: /home/sankala-mahidhar/jackal_ws/install/jackal_helper/share/jackal_helper/worlds/BARN/path_files/path_113.npy
-- Symlinking: /home/sankala-mahidhar/jackal_ws/install/jackal_helper/share/jackal_helper/worlds/BARN/path_files/path_114.npy
-- Symlinking: /home/sankala-mahidhar/jackal_ws/install/jackal_helper/share/jackal_helper/worlds/BARN/path_files/path_115.npy
-- Symlinking: /home/sankala-mahidhar/jackal_ws/install/jackal_helper/share/jackal_helper/worlds/BARN/path_files/path_116.npy
-- Symlinking: /home/sankala-mahidhar/jackal_ws/install/jackal_helper/share/jackal_helper/worlds/BARN/path_files/path_117.npy
-- Symlinking: /home/sankala-mahidhar/jackal_ws/install/jackal_helper/share/jackal_helper/worlds/BARN/path_files/path_118.npy
-- Symlinking: /home/sankala-mahidhar/jackal_ws/install/jackal_helper/share/jackal_helper/worlds/BARN/path_files/path_119.npy
-- Symlinking: /home/sankala-mahidhar/jackal_ws/install/jackal_helper/share/jackal_helper/worlds/BARN/path_files/path_12.npy
-- Symlinking: /home/sankala-mahidhar/jackal_ws/install/jackal_helper/share/jackal_helper/worlds/BARN/path_files/path_120.npy
-- Symlinking: /home/sankala-mahidhar/jackal_ws/install/jackal_helper/share/jackal_helper/worlds/BARN/path_files/path_121.npy
-- Symlinking: /home/sankala-mahidhar/jackal_ws/install/jackal_helper/share/jackal_helper/worlds/BARN/path_files/path_122.npy
-- Symlinking: /home/sankala-mahidhar/jackal_ws/install/jackal_helper/share/jackal_helper/worlds/BARN/path_files/path_123.npy
-- Symlinking: /home/sankala-mahidhar/jackal_ws/install/jackal_helper/share/jackal_helper/worlds/BARN/path_files/path_124.npy
-- Symlinking: /home/sankala-mahidhar/jackal_ws/install/jackal_helper/share/jackal_helper/worlds/BARN/path_files/path_125.npy
-- Symlinking: /home/sankala-mahidhar/jackal_ws/install/jackal_helper/share/jackal_helper/worlds/BARN/path_files/path_126.npy
-- Symlinking: /home/sankala-mahidhar/jackal_ws/install/jackal_helper/share/jackal_helper/worlds/BARN/path_files/path_127.npy
-- Symlinking: /home/sankala-mahidhar/jackal_ws/install/jackal_helper/share/jackal_helper/worlds/BARN/path_files/path_128.npy
-- Symlinking: /home/sankala-mahidhar/jackal_ws/install/jackal_helper/share/jackal_helper/worlds/BARN/path_files/path_129.npy
-- Symlinking: /home/sankala-mahidhar/jackal_ws/install/jackal_helper/share/jackal_helper/worlds/BARN/path_files/path_13.npy
-- Symlinking: /home/sankala-mahidhar/jackal_ws/install/jackal_helper/share/jackal_helper/worlds/BARN/path_files/path_130.npy
-- Symlinking: /home/sankala-mahidhar/jackal_ws/install/jackal_helper/share/jackal_helper/worlds/BARN/path_files/path_131.npy
-- Symlinking: /home/sankala-mahidhar/jackal_ws/install/jackal_helper/share/jackal_helper/worlds/BARN/path_files/path_132.npy
-- Symlinking: /home/sankala-mahidhar/jackal_ws/install/jackal_helper/share/jackal_helper/worlds/BARN/path_files/path_133.npy
-- Symlinking: /home/sankala-mahidhar/jackal_ws/install/jackal_helper/share/jackal_helper/worlds/BARN/path_files/path_134.npy
-- Symlinking: /home/sankala-mahidhar/jackal_ws/install/jackal_helper/share/jackal_helper/worlds/BARN/path_files/path_135.npy
-- Symlinking: /home/sankala-mahidhar/jackal_ws/install/jackal_helper/share/jackal_helper/worlds/BARN/path_files/path_136.npy
-- Symlinking: /home/sankala-mahidhar/jackal_ws/install/jackal_helper/share/jackal_helper/worlds/BARN/path_files/path_137.npy
-- Symlinking: /home/sankala-mahidhar/jackal_ws/install/jackal_helper/share/jackal_helper/worlds/BARN/path_files/path_138.npy
-- Symlinking: /home/sankala-mahidhar/jackal_ws/install/jackal_helper/share/jackal_helper/worlds/BARN/path_files/path_139.npy
-- Symlinking: /home/sankala-mahidhar/jackal_ws/install/jackal_helper/share/jackal_helper/worlds/BARN/path_files/path_14.npy
-- Symlinking: /home/sankala-mahidhar/jackal_ws/install/jackal_helper/share/jackal_helper/worlds/BARN/path_files/path_140.npy
-- Symlinking: /home/sankala-mahidhar/jackal_ws/install/jackal_helper/share/jackal_helper/worlds/BARN/path_files/path_141.npy
-- Symlinking: /home/sankala-mahidhar/jackal_ws/install/jackal_helper/share/jackal_helper/worlds/BARN/path_files/path_142.npy
-- Symlinking: /home/sankala-mahidhar/jackal_ws/install/jackal_helper/share/jackal_helper/worlds/BARN/path_files/path_143.npy
-- Symlinking: /home/sankala-mahidhar/jackal_ws/install/jackal_helper/share/jackal_helper/worlds/BARN/path_files/path_144.npy
-- Symlinking: /home/sankala-mahidhar/jackal_ws/install/jackal_helper/share/jackal_helper/worlds/BARN/path_files/path_145.npy
-- Symlinking: /home/sankala-mahidhar/jackal_ws/install/jackal_helper/share/jackal_helper/worlds/BARN/path_files/path_146.npy
-- Symlinking: /home/sankala-mahidhar/jackal_ws/install/jackal_helper/share/jackal_helper/worlds/BARN/path_files/path_147.npy
-- Symlinking: /home/sankala-mahidhar/jackal_ws/install/jackal_helper/share/jackal_helper/worlds/BARN/path_files/path_148.npy
-- Symlinking: /home/sankala-mahidhar/jackal_ws/install/jackal_helper/share/jackal_helper/worlds/BARN/path_files/path_149.npy
-- Symlinking: /home/sankala-mahidhar/jackal_ws/install/jackal_helper/share/jackal_helper/worlds/BARN/path_files/path_15.npy
-- Symlinking: /home/sankala-mahidhar/jackal_ws/install/jackal_helper/share/jackal_helper/worlds/BARN/path_files/path_150.npy
-- Symlinking: /home/sankala-mahidhar/jackal_ws/install/jackal_helper/share/jackal_helper/worlds/BARN/path_files/path_151.npy
-- Symlinking: /home/sankala-mahidhar/jackal_ws/install/jackal_helper/share/jackal_helper/worlds/BARN/path_files/path_152.npy
-- Symlinking: /home/sankala-mahidhar/jackal_ws/install/jackal_helper/share/jackal_helper/worlds/BARN/path_files/path_153.npy
-- Symlinking: /home/sankala-mahidhar/jackal_ws/install/jackal_helper/share/jackal_helper/worlds/BARN/path_files/path_154.npy
-- Symlinking: /home/sankala-mahidhar/jackal_ws/install/jackal_helper/share/jackal_helper/worlds/BARN/path_files/path_155.npy
-- Symlinking: /home/sankala-mahidhar/jackal_ws/install/jackal_helper/share/jackal_helper/worlds/BARN/path_files/path_156.npy
-- Symlinking: /home/sankala-mahidhar/jackal_ws/install/jackal_helper/share/jackal_helper/worlds/BARN/path_files/path_157.npy
-- Symlinking: /home/sankala-mahidhar/jackal_ws/install/jackal_helper/share/jackal_helper/worlds/BARN/path_files/path_158.npy
-- Symlinking: /home/sankala-mahidhar/jackal_ws/install/jackal_helper/share/jackal_helper/worlds/BARN/path_files/path_159.npy
-- Symlinking: /home/sankala-mahidhar/jackal_ws/install/jackal_helper/share/jackal_helper/worlds/BARN/path_files/path_16.npy
-- Symlinking: /home/sankala-mahidhar/jackal_ws/install/jackal_helper/share/jackal_helper/worlds/BARN/path_files/path_160.npy
-- Symlinking: /home/sankala-mahidhar/jackal_ws/install/jackal_helper/share/jackal_helper/worlds/BARN/path_files/path_161.npy
-- Symlinking: /home/sankala-mahidhar/jackal_ws/install/jackal_helper/share/jackal_helper/worlds/BARN/path_files/path_162.npy
-- Symlinking: /home/sankala-mahidhar/jackal_ws/install/jackal_helper/share/jackal_helper/worlds/BARN/path_files/path_163.npy
-- Symlinking: /home/sankala-mahidhar/jackal_ws/install/jackal_helper/share/jackal_helper/worlds/BARN/path_files/path_164.npy
-- Symlinking: /home/sankala-mahidhar/jackal_ws/install/jackal_helper/share/jackal_helper/worlds/BARN/path_files/path_165.npy
-- Symlinking: /home/sankala-mahidhar/jackal_ws/install/jackal_helper/share/jackal_helper/worlds/BARN/path_files/path_166.npy
-- Symlinking: /home/sankala-mahidhar/jackal_ws/install/jackal_helper/share/jackal_helper/worlds/BARN/path_files/path_167.npy
-- Symlinking: /home/sankala-mahidhar/jackal_ws/install/jackal_helper/share/jackal_helper/worlds/BARN/path_files/path_168.npy
-- Symlinking: /home/sankala-mahidhar/jackal_ws/install/jackal_helper/share/jackal_helper/worlds/BARN/path_files/path_169.npy
-- Symlinking: /home/sankala-mahidhar/jackal_ws/install/jackal_helper/share/jackal_helper/worlds/BARN/path_files/path_17.npy
-- Symlinking: /home/sankala-mahidhar/jackal_ws/install/jackal_helper/share/jackal_helper/worlds/BARN/path_files/path_170.npy
-- Symlinking: /home/sankala-mahidhar/jackal_ws/install/jackal_helper/share/jackal_helper/worlds/BARN/path_files/path_171.npy
-- Symlinking: /home/sankala-mahidhar/jackal_ws/install/jackal_helper/share/jackal_helper/worlds/BARN/path_files/path_172.npy
-- Symlinking: /home/sankala-mahidhar/jackal_ws/install/jackal_helper/share/jackal_helper/worlds/BARN/path_files/path_173.npy
-- Symlinking: /home/sankala-mahidhar/jackal_ws/install/jackal_helper/share/jackal_helper/worlds/BARN/path_files/path_174.npy
-- Symlinking: /home/sankala-mahidhar/jackal_ws/install/jackal_helper/share/jackal_helper/worlds/BARN/path_files/path_175.npy
-- Symlinking: /home/sankala-mahidhar/jackal_ws/install/jackal_helper/share/jackal_helper/worlds/BARN/path_files/path_176.npy
-- Symlinking: /home/sankala-mahidhar/jackal_ws/install/jackal_helper/share/jackal_helper/worlds/BARN/path_files/path_177.npy
-- Symlinking: /home/sankala-mahidhar/jackal_ws/install/jackal_helper/share/jackal_helper/worlds/BARN/path_files/path_178.npy
-- Symlinking: /home/sankala-mahidhar/jackal_ws/install/jackal_helper/share/jackal_helper/worlds/BARN/path_files/path_179.npy
-- Symlinking: /home/sankala-mahidhar/jackal_ws/install/jackal_helper/share/jackal_helper/worlds/BARN/path_files/path_18.npy
-- Symlinking: /home/sankala-mahidhar/jackal_ws/install/jackal_helper/share/jackal_helper/worlds/BARN/path_files/path_180.npy
-- Symlinking: /home/sankala-mahidhar/jackal_ws/install/jackal_helper/share/jackal_helper/worlds/BARN/path_files/path_181.npy
-- Symlinking: /home/sankala-mahidhar/jackal_ws/install/jackal_helper/share/jackal_helper/worlds/BARN/path_files/path_182.npy
-- Symlinking: /home/sankala-mahidhar/jackal_ws/install/jackal_helper/share/jackal_helper/worlds/BARN/path_files/path_183.npy
-- Symlinking: /home/sankala-mahidhar/jackal_ws/install/jackal_helper/share/jackal_helper/worlds/BARN/path_files/path_184.npy
-- Symlinking: /home/sankala-mahidhar/jackal_ws/install/jackal_helper/share/jackal_helper/worlds/BARN/path_files/path_185.npy
-- Symlinking: /home/sankala-mahidhar/jackal_ws/install/jackal_helper/share/jackal_helper/worlds/BARN/path_files/path_186.npy
-- Symlinking: /home/sankala-mahidhar/jackal_ws/install/jackal_helper/share/jackal_helper/worlds/BARN/path_files/path_187.npy
-- Symlinking: /home/sankala-mahidhar/jackal_ws/install/jackal_helper/share/jackal_helper/worlds/BARN/path_files/path_188.npy
-- Symlinking: /home/sankala-mahidhar/jackal_ws/install/jackal_helper/share/jackal_helper/worlds/BARN/path_files/path_189.npy
-- Symlinking: /home/sankala-mahidhar/jackal_ws/install/jackal_helper/share/jackal_helper/worlds/BARN/path_files/path_19.npy
-- Symlinking: /home/sankala-mahidhar/jackal_ws/install/jackal_helper/share/jackal_helper/worlds/BARN/path_files/path_190.npy
-- Symlinking: /home/sankala-mahidhar/jackal_ws/install/jackal_helper/share/jackal_helper/worlds/BARN/path_files/path_191.npy
-- Symlinking: /home/sankala-mahidhar/jackal_ws/install/jackal_helper/share/jackal_helper/worlds/BARN/path_files/path_192.npy
-- Symlinking: /home/sankala-mahidhar/jackal_ws/install/jackal_helper/share/jackal_helper/worlds/BARN/path_files/path_193.npy
-- Symlinking: /home/sankala-mahidhar/jackal_ws/install/jackal_helper/share/jackal_helper/worlds/BARN/path_files/path_194.npy
-- Symlinking: /home/sankala-mahidhar/jackal_ws/install/jackal_helper/share/jackal_helper/worlds/BARN/path_files/path_195.npy
-- Symlinking: /home/sankala-mahidhar/jackal_ws/install/jackal_helper/share/jackal_helper/worlds/BARN/path_files/path_196.npy
-- Symlinking: /home/sankala-mahidhar/jackal_ws/install/jackal_helper/share/jackal_helper/worlds/BARN/path_files/path_197.npy
-- Symlinking: /home/sankala-mahidhar/jackal_ws/install/jackal_helper/share/jackal_helper/worlds/BARN/path_files/path_198.npy
-- Symlinking: /home/sankala-mahidhar/jackal_ws/install/jackal_helper/share/jackal_helper/worlds/BARN/path_files/path_199.npy
-- Symlinking: /home/sankala-mahidhar/jackal_ws/install/jackal_helper/share/jackal_helper/worlds/BARN/path_files/path_2.npy
-- Symlinking: /home/sankala-mahidhar/jackal_ws/install/jackal_helper/share/jackal_helper/worlds/BARN/path_files/path_20.npy
-- Symlinking: /home/sankala-mahidhar/jackal_ws/install/jackal_helper/share/jackal_helper/worlds/BARN/path_files/path_200.npy
-- Symlinking: /home/sankala-mahidhar/jackal_ws/install/jackal_helper/share/jackal_helper/worlds/BARN/path_files/path_201.npy
-- Symlinking: /home/sankala-mahidhar/jackal_ws/install/jackal_helper/share/jackal_helper/worlds/BARN/path_files/path_202.npy
-- Symlinking: /home/sankala-mahidhar/jackal_ws/install/jackal_helper/share/jackal_helper/worlds/BARN/path_files/path_203.npy
-- Symlinking: /home/sankala-mahidhar/jackal_ws/install/jackal_helper/share/jackal_helper/worlds/BARN/path_files/path_204.npy
-- Symlinking: /home/sankala-mahidhar/jackal_ws/install/jackal_helper/share/jackal_helper/worlds/BARN/path_files/path_205.npy
-- Symlinking: /home/sankala-mahidhar/jackal_ws/install/jackal_helper/share/jackal_helper/worlds/BARN/path_files/path_206.npy
-- Symlinking: /home/sankala-mahidhar/jackal_ws/install/jackal_helper/share/jackal_helper/worlds/BARN/path_files/path_207.npy
-- Symlinking: /home/sankala-mahidhar/jackal_ws/install/jackal_helper/share/jackal_helper/worlds/BARN/path_files/path_208.npy
-- Symlinking: /home/sankala-mahidhar/jackal_ws/install/jackal_helper/share/jackal_helper/worlds/BARN/path_files/path_209.npy
-- Symlinking: /home/sankala-mahidhar/jackal_ws/install/jackal_helper/share/jackal_helper/worlds/BARN/path_files/path_21.npy
-- Symlinking: /home/sankala-mahidhar/jackal_ws/install/jackal_helper/share/jackal_helper/worlds/BARN/path_files/path_210.npy
-- Symlinking: /home/sankala-mahidhar/jackal_ws/install/jackal_helper/share/jackal_helper/worlds/BARN/path_files/path_211.npy
-- Symlinking: /home/sankala-mahidhar/jackal_ws/install/jackal_helper/share/jackal_helper/worlds/BARN/path_files/path_212.npy
-- Symlinking: /home/sankala-mahidhar/jackal_ws/install/jackal_helper/share/jackal_helper/worlds/BARN/path_files/path_213.npy
-- Symlinking: /home/sankala-mahidhar/jackal_ws/install/jackal_helper/share/jackal_helper/worlds/BARN/path_files/path_214.npy
-- Symlinking: /home/sankala-mahidhar/jackal_ws/install/jackal_helper/share/jackal_helper/worlds/BARN/path_files/path_215.npy
-- Symlinking: /home/sankala-mahidhar/jackal_ws/install/jackal_helper/share/jackal_helper/worlds/BARN/path_files/path_216.npy
-- Symlinking: /home/sankala-mahidhar/jackal_ws/install/jackal_helper/share/jackal_helper/worlds/BARN/path_files/path_217.npy
-- Symlinking: /home/sankala-mahidhar/jackal_ws/install/jackal_helper/share/jackal_helper/worlds/BARN/path_files/path_218.npy
-- Symlinking: /home/sankala-mahidhar/jackal_ws/install/jackal_helper/share/jackal_helper/worlds/BARN/path_files/path_219.npy
-- Symlinking: /home/sankala-mahidhar/jackal_ws/install/jackal_helper/share/jackal_helper/worlds/BARN/path_files/path_22.npy
-- Symlinking: /home/sankala-mahidhar/jackal_ws/install/jackal_helper/share/jackal_helper/worlds/BARN/path_files/path_220.npy
-- Symlinking: /home/sankala-mahidhar/jackal_ws/install/jackal_helper/share/jackal_helper/worlds/BARN/path_files/path_221.npy
-- Symlinking: /home/sankala-mahidhar/jackal_ws/install/jackal_helper/share/jackal_helper/worlds/BARN/path_files/path_222.npy
-- Symlinking: /home/sankala-mahidhar/jackal_ws/install/jackal_helper/share/jackal_helper/worlds/BARN/path_files/path_223.npy
-- Symlinking: /home/sankala-mahidhar/jackal_ws/install/jackal_helper/share/jackal_helper/worlds/BARN/path_files/path_224.npy
-- Symlinking: /home/sankala-mahidhar/jackal_ws/install/jackal_helper/share/jackal_helper/worlds/BARN/path_files/path_225.npy
-- Symlinking: /home/sankala-mahidhar/jackal_ws/install/jackal_helper/share/jackal_helper/worlds/BARN/path_files/path_226.npy
-- Symlinking: /home/sankala-mahidhar/jackal_ws/install/jackal_helper/share/jackal_helper/worlds/BARN/path_files/path_227.npy
-- Symlinking: /home/sankala-mahidhar/jackal_ws/install/jackal_helper/share/jackal_helper/worlds/BARN/path_files/path_228.npy
-- Symlinking: /home/sankala-mahidhar/jackal_ws/install/jackal_helper/share/jackal_helper/worlds/BARN/path_files/path_229.npy
-- Symlinking: /home/sankala-mahidhar/jackal_ws/install/jackal_helper/share/jackal_helper/worlds/BARN/path_files/path_23.npy
-- Symlinking: /home/sankala-mahidhar/jackal_ws/install/jackal_helper/share/jackal_helper/worlds/BARN/path_files/path_230.npy
-- Symlinking: /home/sankala-mahidhar/jackal_ws/install/jackal_helper/share/jackal_helper/worlds/BARN/path_files/path_231.npy
-- Symlinking: /home/sankala-mahidhar/jackal_ws/install/jackal_helper/share/jackal_helper/worlds/BARN/path_files/path_232.npy
-- Symlinking: /home/sankala-mahidhar/jackal_ws/install/jackal_helper/share/jackal_helper/worlds/BARN/path_files/path_233.npy
-- Symlinking: /home/sankala-mahidhar/jackal_ws/install/jackal_helper/share/jackal_helper/worlds/BARN/path_files/path_234.npy
-- Symlinking: /home/sankala-mahidhar/jackal_ws/install/jackal_helper/share/jackal_helper/worlds/BARN/path_files/path_235.npy
-- Symlinking: /home/sankala-mahidhar/jackal_ws/install/jackal_helper/share/jackal_helper/worlds/BARN/path_files/path_236.npy
-- Symlinking: /home/sankala-mahidhar/jackal_ws/install/jackal_helper/share/jackal_helper/worlds/BARN/path_files/path_237.npy
-- Symlinking: /home/sankala-mahidhar/jackal_ws/install/jackal_helper/share/jackal_helper/worlds/BARN/path_files/path_238.npy
-- Symlinking: /home/sankala-mahidhar/jackal_ws/install/jackal_helper/share/jackal_helper/worlds/BARN/path_files/path_239.npy
-- Symlinking: /home/sankala-mahidhar/jackal_ws/install/jackal_helper/share/jackal_helper/worlds/BARN/path_files/path_24.npy
-- Symlinking: /home/sankala-mahidhar/jackal_ws/install/jackal_helper/share/jackal_helper/worlds/BARN/path_files/path_240.npy
-- Symlinking: /home/sankala-mahidhar/jackal_ws/install/jackal_helper/share/jackal_helper/worlds/BARN/path_files/path_241.npy
-- Symlinking: /home/sankala-mahidhar/jackal_ws/install/jackal_helper/share/jackal_helper/worlds/BARN/path_files/path_242.npy
-- Symlinking: /home/sankala-mahidhar/jackal_ws/install/jackal_helper/share/jackal_helper/worlds/BARN/path_files/path_243.npy
-- Symlinking: /home/sankala-mahidhar/jackal_ws/install/jackal_helper/share/jackal_helper/worlds/BARN/path_files/path_244.npy
-- Symlinking: /home/sankala-mahidhar/jackal_ws/install/jackal_helper/share/jackal_helper/worlds/BARN/path_files/path_245.npy
-- Symlinking: /home/sankala-mahidhar/jackal_ws/install/jackal_helper/share/jackal_helper/worlds/BARN/path_files/path_246.npy
-- Symlinking: /home/sankala-mahidhar/jackal_ws/install/jackal_helper/share/jackal_helper/worlds/BARN/path_files/path_247.npy
-- Symlinking: /home/sankala-mahidhar/jackal_ws/install/jackal_helper/share/jackal_helper/worlds/BARN/path_files/path_248.npy
-- Symlinking: /home/sankala-mahidhar/jackal_ws/install/jackal_helper/share/jackal_helper/worlds/BARN/path_files/path_249.npy
-- Symlinking: /home/sankala-mahidhar/jackal_ws/install/jackal_helper/share/jackal_helper/worlds/BARN/path_files/path_25.npy
-- Symlinking: /home/sankala-mahidhar/jackal_ws/install/jackal_helper/share/jackal_helper/worlds/BARN/path_files/path_250.npy
-- Symlinking: /home/sankala-mahidhar/jackal_ws/install/jackal_helper/share/jackal_helper/worlds/BARN/path_files/path_251.npy
-- Symlinking: /home/sankala-mahidhar/jackal_ws/install/jackal_helper/share/jackal_helper/worlds/BARN/path_files/path_252.npy
-- Symlinking: /home/sankala-mahidhar/jackal_ws/install/jackal_helper/share/jackal_helper/worlds/BARN/path_files/path_253.npy
-- Symlinking: /home/sankala-mahidhar/jackal_ws/install/jackal_helper/share/jackal_helper/worlds/BARN/path_files/path_254.npy
-- Symlinking: /home/sankala-mahidhar/jackal_ws/install/jackal_helper/share/jackal_helper/worlds/BARN/path_files/path_255.npy
-- Symlinking: /home/sankala-mahidhar/jackal_ws/install/jackal_helper/share/jackal_helper/worlds/BARN/path_files/path_256.npy
-- Symlinking: /home/sankala-mahidhar/jackal_ws/install/jackal_helper/share/jackal_helper/worlds/BARN/path_files/path_257.npy
-- Symlinking: /home/sankala-mahidhar/jackal_ws/install/jackal_helper/share/jackal_helper/worlds/BARN/path_files/path_258.npy
-- Symlinking: /home/sankala-mahidhar/jackal_ws/install/jackal_helper/share/jackal_helper/worlds/BARN/path_files/path_259.npy
-- Symlinking: /home/sankala-mahidhar/jackal_ws/install/jackal_helper/share/jackal_helper/worlds/BARN/path_files/path_26.npy
-- Symlinking: /home/sankala-mahidhar/jackal_ws/install/jackal_helper/share/jackal_helper/worlds/BARN/path_files/path_260.npy
-- Symlinking: /home/sankala-mahidhar/jackal_ws/install/jackal_helper/share/jackal_helper/worlds/BARN/path_files/path_261.npy
-- Symlinking: /home/sankala-mahidhar/jackal_ws/install/jackal_helper/share/jackal_helper/worlds/BARN/path_files/path_262.npy
-- Symlinking: /home/sankala-mahidhar/jackal_ws/install/jackal_helper/share/jackal_helper/worlds/BARN/path_files/path_263.npy
-- Symlinking: /home/sankala-mahidhar/jackal_ws/install/jackal_helper/share/jackal_helper/worlds/BARN/path_files/path_264.npy
-- Symlinking: /home/sankala-mahidhar/jackal_ws/install/jackal_helper/share/jackal_helper/worlds/BARN/path_files/path_265.npy
-- Symlinking: /home/sankala-mahidhar/jackal_ws/install/jackal_helper/share/jackal_helper/worlds/BARN/path_files/path_266.npy
-- Symlinking: /home/sankala-mahidhar/jackal_ws/install/jackal_helper/share/jackal_helper/worlds/BARN/path_files/path_267.npy
-- Symlinking: /home/sankala-mahidhar/jackal_ws/install/jackal_helper/share/jackal_helper/worlds/BARN/path_files/path_268.npy
-- Symlinking: /home/sankala-mahidhar/jackal_ws/install/jackal_helper/share/jackal_helper/worlds/BARN/path_files/path_269.npy
-- Symlinking: /home/sankala-mahidhar/jackal_ws/install/jackal_helper/share/jackal_helper/worlds/BARN/path_files/path_27.npy
-- Symlinking: /home/sankala-mahidhar/jackal_ws/install/jackal_helper/share/jackal_helper/worlds/BARN/path_files/path_270.npy
-- Symlinking: /home/sankala-mahidhar/jackal_ws/install/jackal_helper/share/jackal_helper/worlds/BARN/path_files/path_271.npy
-- Symlinking: /home/sankala-mahidhar/jackal_ws/install/jackal_helper/share/jackal_helper/worlds/BARN/path_files/path_272.npy
-- Symlinking: /home/sankala-mahidhar/jackal_ws/install/jackal_helper/share/jackal_helper/worlds/BARN/path_files/path_273.npy
-- Symlinking: /home/sankala-mahidhar/jackal_ws/install/jackal_helper/share/jackal_helper/worlds/BARN/path_files/path_274.npy
-- Symlinking: /home/sankala-mahidhar/jackal_ws/install/jackal_helper/share/jackal_helper/worlds/BARN/path_files/path_275.npy
-- Symlinking: /home/sankala-mahidhar/jackal_ws/install/jackal_helper/share/jackal_helper/worlds/BARN/path_files/path_276.npy
-- Symlinking: /home/sankala-mahidhar/jackal_ws/install/jackal_helper/share/jackal_helper/worlds/BARN/path_files/path_277.npy
-- Symlinking: /home/sankala-mahidhar/jackal_ws/install/jackal_helper/share/jackal_helper/worlds/BARN/path_files/path_278.npy
-- Symlinking: /home/sankala-mahidhar/jackal_ws/install/jackal_helper/share/jackal_helper/worlds/BARN/path_files/path_279.npy
-- Symlinking: /home/sankala-mahidhar/jackal_ws/install/jackal_helper/share/jackal_helper/worlds/BARN/path_files/path_28.npy
-- Symlinking: /home/sankala-mahidhar/jackal_ws/install/jackal_helper/share/jackal_helper/worlds/BARN/path_files/path_280.npy
-- Symlinking: /home/sankala-mahidhar/jackal_ws/install/jackal_helper/share/jackal_helper/worlds/BARN/path_files/path_281.npy
-- Symlinking: /home/sankala-mahidhar/jackal_ws/install/jackal_helper/share/jackal_helper/worlds/BARN/path_files/path_282.npy
-- Symlinking: /home/sankala-mahidhar/jackal_ws/install/jackal_helper/share/jackal_helper/worlds/BARN/path_files/path_283.npy
-- Symlinking: /home/sankala-mahidhar/jackal_ws/install/jackal_helper/share/jackal_helper/worlds/BARN/path_files/path_284.npy
-- Symlinking: /home/sankala-mahidhar/jackal_ws/install/jackal_helper/share/jackal_helper/worlds/BARN/path_files/path_285.npy
-- Symlinking: /home/sankala-mahidhar/jackal_ws/install/jackal_helper/share/jackal_helper/worlds/BARN/path_files/path_286.npy
-- Symlinking: /home/sankala-mahidhar/jackal_ws/install/jackal_helper/share/jackal_helper/worlds/BARN/path_files/path_287.npy
-- Symlinking: /home/sankala-mahidhar/jackal_ws/install/jackal_helper/share/jackal_helper/worlds/BARN/path_files/path_288.npy
-- Symlinking: /home/sankala-mahidhar/jackal_ws/install/jackal_helper/share/jackal_helper/worlds/BARN/path_files/path_289.npy
-- Symlinking: /home/sankala-mahidhar/jackal_ws/install/jackal_helper/share/jackal_helper/worlds/BARN/path_files/path_29.npy
-- Symlinking: /home/sankala-mahidhar/jackal_ws/install/jackal_helper/share/jackal_helper/worlds/BARN/path_files/path_290.npy
-- Symlinking: /home/sankala-mahidhar/jackal_ws/install/jackal_helper/share/jackal_helper/worlds/BARN/path_files/path_291.npy
-- Symlinking: /home/sankala-mahidhar/jackal_ws/install/jackal_helper/share/jackal_helper/worlds/BARN/path_files/path_292.npy
-- Symlinking: /home/sankala-mahidhar/jackal_ws/install/jackal_helper/share/jackal_helper/worlds/BARN/path_files/path_293.npy
-- Symlinking: /home/sankala-mahidhar/jackal_ws/install/jackal_helper/share/jackal_helper/worlds/BARN/path_files/path_294.npy
-- Symlinking: /home/sankala-mahidhar/jackal_ws/install/jackal_helper/share/jackal_helper/worlds/BARN/path_files/path_295.npy
-- Symlinking: /home/sankala-mahidhar/jackal_ws/install/jackal_helper/share/jackal_helper/worlds/BARN/path_files/path_296.npy
-- Symlinking: /home/sankala-mahidhar/jackal_ws/install/jackal_helper/share/jackal_helper/worlds/BARN/path_files/path_297.npy
-- Symlinking: /home/sankala-mahidhar/jackal_ws/install/jackal_helper/share/jackal_helper/worlds/BARN/path_files/path_298.npy
-- Symlinking: /home/sankala-mahidhar/jackal_ws/install/jackal_helper/share/jackal_helper/worlds/BARN/path_files/path_299.npy
-- Symlinking: /home/sankala-mahidhar/jackal_ws/install/jackal_helper/share/jackal_helper/worlds/BARN/path_files/path_3.npy
-- Symlinking: /home/sankala-mahidhar/jackal_ws/install/jackal_helper/share/jackal_helper/worlds/BARN/path_files/path_30.npy
-- Symlinking: /home/sankala-mahidhar/jackal_ws/install/jackal_helper/share/jackal_helper/worlds/BARN/path_files/path_31.npy
-- Symlinking: /home/sankala-mahidhar/jackal_ws/install/jackal_helper/share/jackal_helper/worlds/BARN/path_files/path_32.npy
-- Symlinking: /home/sankala-mahidhar/jackal_ws/install/jackal_helper/share/jackal_helper/worlds/BARN/path_files/path_33.npy
-- Symlinking: /home/sankala-mahidhar/jackal_ws/install/jackal_helper/share/jackal_helper/worlds/BARN/path_files/path_34.npy
-- Symlinking: /home/sankala-mahidhar/jackal_ws/install/jackal_helper/share/jackal_helper/worlds/BARN/path_files/path_35.npy
-- Symlinking: /home/sankala-mahidhar/jackal_ws/install/jackal_helper/share/jackal_helper/worlds/BARN/path_files/path_36.npy
-- Symlinking: /home/sankala-mahidhar/jackal_ws/install/jackal_helper/share/jackal_helper/worlds/BARN/path_files/path_37.npy
-- Symlinking: /home/sankala-mahidhar/jackal_ws/install/jackal_helper/share/jackal_helper/worlds/BARN/path_files/path_38.npy
-- Symlinking: /home/sankala-mahidhar/jackal_ws/install/jackal_helper/share/jackal_helper/worlds/BARN/path_files/path_39.npy
-- Symlinking: /home/sankala-mahidhar/jackal_ws/install/jackal_helper/share/jackal_helper/worlds/BARN/path_files/path_4.npy
-- Symlinking: /home/sankala-mahidhar/jackal_ws/install/jackal_helper/share/jackal_helper/worlds/BARN/path_files/path_40.npy
-- Symlinking: /home/sankala-mahidhar/jackal_ws/install/jackal_helper/share/jackal_helper/worlds/BARN/path_files/path_41.npy
-- Symlinking: /home/sankala-mahidhar/jackal_ws/install/jackal_helper/share/jackal_helper/worlds/BARN/path_files/path_42.npy
-- Symlinking: /home/sankala-mahidhar/jackal_ws/install/jackal_helper/share/jackal_helper/worlds/BARN/path_files/path_43.npy
-- Symlinking: /home/sankala-mahidhar/jackal_ws/install/jackal_helper/share/jackal_helper/worlds/BARN/path_files/path_44.npy
-- Symlinking: /home/sankala-mahidhar/jackal_ws/install/jackal_helper/share/jackal_helper/worlds/BARN/path_files/path_45.npy
-- Symlinking: /home/sankala-mahidhar/jackal_ws/install/jackal_helper/share/jackal_helper/worlds/BARN/path_files/path_46.npy
-- Symlinking: /home/sankala-mahidhar/jackal_ws/install/jackal_helper/share/jackal_helper/worlds/BARN/path_files/path_47.npy
-- Symlinking: /home/sankala-mahidhar/jackal_ws/install/jackal_helper/share/jackal_helper/worlds/BARN/path_files/path_48.npy
-- Symlinking: /home/sankala-mahidhar/jackal_ws/install/jackal_helper/share/jackal_helper/worlds/BARN/path_files/path_49.npy
-- Symlinking: /home/sankala-mahidhar/jackal_ws/install/jackal_helper/share/jackal_helper/worlds/BARN/path_files/path_5.npy
-- Symlinking: /home/sankala-mahidhar/jackal_ws/install/jackal_helper/share/jackal_helper/worlds/BARN/path_files/path_50.npy
-- Symlinking: /home/sankala-mahidhar/jackal_ws/install/jackal_helper/share/jackal_helper/worlds/BARN/path_files/path_51.npy
-- Symlinking: /home/sankala-mahidhar/jackal_ws/install/jackal_helper/share/jackal_helper/worlds/BARN/path_files/path_52.npy
-- Symlinking: /home/sankala-mahidhar/jackal_ws/install/jackal_helper/share/jackal_helper/worlds/BARN/path_files/path_53.npy
-- Symlinking: /home/sankala-mahidhar/jackal_ws/install/jackal_helper/share/jackal_helper/worlds/BARN/path_files/path_54.npy
-- Symlinking: /home/sankala-mahidhar/jackal_ws/install/jackal_helper/share/jackal_helper/worlds/BARN/path_files/path_55.npy
-- Symlinking: /home/sankala-mahidhar/jackal_ws/install/jackal_helper/share/jackal_helper/worlds/BARN/path_files/path_56.npy
-- Symlinking: /home/sankala-mahidhar/jackal_ws/install/jackal_helper/share/jackal_helper/worlds/BARN/path_files/path_57.npy
-- Symlinking: /home/sankala-mahidhar/jackal_ws/install/jackal_helper/share/jackal_helper/worlds/BARN/path_files/path_58.npy
-- Symlinking: /home/sankala-mahidhar/jackal_ws/install/jackal_helper/share/jackal_helper/worlds/BARN/path_files/path_59.npy
-- Symlinking: /home/sankala-mahidhar/jackal_ws/install/jackal_helper/share/jackal_helper/worlds/BARN/path_files/path_6.npy
-- Symlinking: /home/sankala-mahidhar/jackal_ws/install/jackal_helper/share/jackal_helper/worlds/BARN/path_files/path_60.npy
-- Symlinking: /home/sankala-mahidhar/jackal_ws/install/jackal_helper/share/jackal_helper/worlds/BARN/path_files/path_61.npy
-- Symlinking: /home/sankala-mahidhar/jackal_ws/install/jackal_helper/share/jackal_helper/worlds/BARN/path_files/path_62.npy
-- Symlinking: /home/sankala-mahidhar/jackal_ws/install/jackal_helper/share/jackal_helper/worlds/BARN/path_files/path_63.npy
-- Symlinking: /home/sankala-mahidhar/jackal_ws/install/jackal_helper/share/jackal_helper/worlds/BARN/path_files/path_64.npy
-- Symlinking: /home/sankala-mahidhar/jackal_ws/install/jackal_helper/share/jackal_helper/worlds/BARN/path_files/path_65.npy
-- Symlinking: /home/sankala-mahidhar/jackal_ws/install/jackal_helper/share/jackal_helper/worlds/BARN/path_files/path_66.npy
-- Symlinking: /home/sankala-mahidhar/jackal_ws/install/jackal_helper/share/jackal_helper/worlds/BARN/path_files/path_67.npy
-- Symlinking: /home/sankala-mahidhar/jackal_ws/install/jackal_helper/share/jackal_helper/worlds/BARN/path_files/path_68.npy
-- Symlinking: /home/sankala-mahidhar/jackal_ws/install/jackal_helper/share/jackal_helper/worlds/BARN/path_files/path_69.npy
-- Symlinking: /home/sankala-mahidhar/jackal_ws/install/jackal_helper/share/jackal_helper/worlds/BARN/path_files/path_7.npy
-- Symlinking: /home/sankala-mahidhar/jackal_ws/install/jackal_helper/share/jackal_helper/worlds/BARN/path_files/path_70.npy
-- Symlinking: /home/sankala-mahidhar/jackal_ws/install/jackal_helper/share/jackal_helper/worlds/BARN/path_files/path_71.npy
-- Symlinking: /home/sankala-mahidhar/jackal_ws/install/jackal_helper/share/jackal_helper/worlds/BARN/path_files/path_72.npy
-- Symlinking: /home/sankala-mahidhar/jackal_ws/install/jackal_helper/share/jackal_helper/worlds/BARN/path_files/path_73.npy
-- Symlinking: /home/sankala-mahidhar/jackal_ws/install/jackal_helper/share/jackal_helper/worlds/BARN/path_files/path_74.npy
-- Symlinking: /home/sankala-mahidhar/jackal_ws/install/jackal_helper/share/jackal_helper/worlds/BARN/path_files/path_75.npy
-- Symlinking: /home/sankala-mahidhar/jackal_ws/install/jackal_helper/share/jackal_helper/worlds/BARN/path_files/path_76.npy
-- Symlinking: /home/sankala-mahidhar/jackal_ws/install/jackal_helper/share/jackal_helper/worlds/BARN/path_files/path_77.npy
-- Symlinking: /home/sankala-mahidhar/jackal_ws/install/jackal_helper/share/jackal_helper/worlds/BARN/path_files/path_78.npy
-- Symlinking: /home/sankala-mahidhar/jackal_ws/install/jackal_helper/share/jackal_helper/worlds/BARN/path_files/path_79.npy
-- Symlinking: /home/sankala-mahidhar/jackal_ws/install/jackal_helper/share/jackal_helper/worlds/BARN/path_files/path_8.npy
-- Symlinking: /home/sankala-mahidhar/jackal_ws/install/jackal_helper/share/jackal_helper/worlds/BARN/path_files/path_80.npy
-- Symlinking: /home/sankala-mahidhar/jackal_ws/install/jackal_helper/share/jackal_helper/worlds/BARN/path_files/path_81.npy
-- Symlinking: /home/sankala-mahidhar/jackal_ws/install/jackal_helper/share/jackal_helper/worlds/BARN/path_files/path_82.npy
-- Symlinking: /home/sankala-mahidhar/jackal_ws/install/jackal_helper/share/jackal_helper/worlds/BARN/path_files/path_83.npy
-- Symlinking: /home/sankala-mahidhar/jackal_ws/install/jackal_helper/share/jackal_helper/worlds/BARN/path_files/path_84.npy
-- Symlinking: /home/sankala-mahidhar/jackal_ws/install/jackal_helper/share/jackal_helper/worlds/BARN/path_files/path_85.npy
-- Symlinking: /home/sankala-mahidhar/jackal_ws/install/jackal_helper/share/jackal_helper/worlds/BARN/path_files/path_86.npy
-- Symlinking: /home/sankala-mahidhar/jackal_ws/install/jackal_helper/share/jackal_helper/worlds/BARN/path_files/path_87.npy
-- Symlinking: /home/sankala-mahidhar/jackal_ws/install/jackal_helper/share/jackal_helper/worlds/BARN/path_files/path_88.npy
-- Symlinking: /home/sankala-mahidhar/jackal_ws/install/jackal_helper/share/jackal_helper/worlds/BARN/path_files/path_89.npy
-- Symlinking: /home/sankala-mahidhar/jackal_ws/install/jackal_helper/share/jackal_helper/worlds/BARN/path_files/path_9.npy
-- Symlinking: /home/sankala-mahidhar/jackal_ws/install/jackal_helper/share/jackal_helper/worlds/BARN/path_files/path_90.npy
-- Symlinking: /home/sankala-mahidhar/jackal_ws/install/jackal_helper/share/jackal_helper/worlds/BARN/path_files/path_91.npy
-- Symlinking: /home/sankala-mahidhar/jackal_ws/install/jackal_helper/share/jackal_helper/worlds/BARN/path_files/path_92.npy
-- Symlinking: /home/sankala-mahidhar/jackal_ws/install/jackal_helper/share/jackal_helper/worlds/BARN/path_files/path_93.npy
-- Symlinking: /home/sankala-mahidhar/jackal_ws/install/jackal_helper/share/jackal_helper/worlds/BARN/path_files/path_94.npy
-- Symlinking: /home/sankala-mahidhar/jackal_ws/install/jackal_helper/share/jackal_helper/worlds/BARN/path_files/path_95.npy
-- Symlinking: /home/sankala-mahidhar/jackal_ws/install/jackal_helper/share/jackal_helper/worlds/BARN/path_files/path_96.npy
-- Symlinking: /home/sankala-mahidhar/jackal_ws/install/jackal_helper/share/jackal_helper/worlds/BARN/path_files/path_97.npy
-- Symlinking: /home/sankala-mahidhar/jackal_ws/install/jackal_helper/share/jackal_helper/worlds/BARN/path_files/path_98.npy
-- Symlinking: /home/sankala-mahidhar/jackal_ws/install/jackal_helper/share/jackal_helper/worlds/BARN/path_files/path_99.npy
-- Symlinking: /home/sankala-mahidhar/jackal_ws/install/jackal_helper/share/jackal_helper/worlds/BARN/world_0.world
-- Symlinking: /home/sankala-mahidhar/jackal_ws/install/jackal_helper/share/jackal_helper/worlds/BARN/world_1.world
-- Symlinking: /home/sankala-mahidhar/jackal_ws/install/jackal_helper/share/jackal_helper/worlds/BARN/world_10.world
-- Symlinking: /home/sankala-mahidhar/jackal_ws/install/jackal_helper/share/jackal_helper/worlds/BARN/world_100.world
-- Symlinking: /home/sankala-mahidhar/jackal_ws/install/jackal_helper/share/jackal_helper/worlds/BARN/world_101.world
-- Symlinking: /home/sankala-mahidhar/jackal_ws/install/jackal_helper/share/jackal_helper/worlds/BARN/world_102.world
-- Symlinking: /home/sankala-mahidhar/jackal_ws/install/jackal_helper/share/jackal_helper/worlds/BARN/world_103.world
-- Symlinking: /home/sankala-mahidhar/jackal_ws/install/jackal_helper/share/jackal_helper/worlds/BARN/world_104.world
-- Symlinking: /home/sankala-mahidhar/jackal_ws/install/jackal_helper/share/jackal_helper/worlds/BARN/world_105.world
-- Symlinking: /home/sankala-mahidhar/jackal_ws/install/jackal_helper/share/jackal_helper/worlds/BARN/world_106.world
-- Symlinking: /home/sankala-mahidhar/jackal_ws/install/jackal_helper/share/jackal_helper/worlds/BARN/world_107.world
-- Symlinking: /home/sankala-mahidhar/jackal_ws/install/jackal_helper/share/jackal_helper/worlds/BARN/world_108.world
-- Symlinking: /home/sankala-mahidhar/jackal_ws/install/jackal_helper/share/jackal_helper/worlds/BARN/world_109.world
-- Symlinking: /home/sankala-mahidhar/jackal_ws/install/jackal_helper/share/jackal_helper/worlds/BARN/world_11.world
-- Symlinking: /home/sankala-mahidhar/jackal_ws/install/jackal_helper/share/jackal_helper/worlds/BARN/world_110.world
-- Symlinking: /home/sankala-mahidhar/jackal_ws/install/jackal_helper/share/jackal_helper/worlds/BARN/world_111.world
-- Symlinking: /home/sankala-mahidhar/jackal_ws/install/jackal_helper/share/jackal_helper/worlds/BARN/world_112.world
-- Symlinking: /home/sankala-mahidhar/jackal_ws/install/jackal_helper/share/jackal_helper/worlds/BARN/world_113.world
-- Symlinking: /home/sankala-mahidhar/jackal_ws/install/jackal_helper/share/jackal_helper/worlds/BARN/world_114.world
-- Symlinking: /home/sankala-mahidhar/jackal_ws/install/jackal_helper/share/jackal_helper/worlds/BARN/world_115.world
-- Symlinking: /home/sankala-mahidhar/jackal_ws/install/jackal_helper/share/jackal_helper/worlds/BARN/world_116.world
-- Symlinking: /home/sankala-mahidhar/jackal_ws/install/jackal_helper/share/jackal_helper/worlds/BARN/world_117.world
-- Symlinking: /home/sankala-mahidhar/jackal_ws/install/jackal_helper/share/jackal_helper/worlds/BARN/world_118.world
-- Symlinking: /home/sankala-mahidhar/jackal_ws/install/jackal_helper/share/jackal_helper/worlds/BARN/world_119.world
-- Symlinking: /home/sankala-mahidhar/jackal_ws/install/jackal_helper/share/jackal_helper/worlds/BARN/world_12.world
-- Symlinking: /home/sankala-mahidhar/jackal_ws/install/jackal_helper/share/jackal_helper/worlds/BARN/world_120.world
-- Symlinking: /home/sankala-mahidhar/jackal_ws/install/jackal_helper/share/jackal_helper/worlds/BARN/world_121.world
-- Symlinking: /home/sankala-mahidhar/jackal_ws/install/jackal_helper/share/jackal_helper/worlds/BARN/world_122.world
-- Symlinking: /home/sankala-mahidhar/jackal_ws/install/jackal_helper/share/jackal_helper/worlds/BARN/world_123.world
-- Symlinking: /home/sankala-mahidhar/jackal_ws/install/jackal_helper/share/jackal_helper/worlds/BARN/world_124.world
-- Symlinking: /home/sankala-mahidhar/jackal_ws/install/jackal_helper/share/jackal_helper/worlds/BARN/world_125.world
-- Symlinking: /home/sankala-mahidhar/jackal_ws/install/jackal_helper/share/jackal_helper/worlds/BARN/world_126.world
-- Symlinking: /home/sankala-mahidhar/jackal_ws/install/jackal_helper/share/jackal_helper/worlds/BARN/world_127.world
-- Symlinking: /home/sankala-mahidhar/jackal_ws/install/jackal_helper/share/jackal_helper/worlds/BARN/world_128.world
-- Symlinking: /home/sankala-mahidhar/jackal_ws/install/jackal_helper/share/jackal_helper/worlds/BARN/world_129.world
-- Symlinking: /home/sankala-mahidhar/jackal_ws/install/jackal_helper/share/jackal_helper/worlds/BARN/world_13.world
-- Symlinking: /home/sankala-mahidhar/jackal_ws/install/jackal_helper/share/jackal_helper/worlds/BARN/world_130.world
-- Symlinking: /home/sankala-mahidhar/jackal_ws/install/jackal_helper/share/jackal_helper/worlds/BARN/world_131.world
-- Symlinking: /home/sankala-mahidhar/jackal_ws/install/jackal_helper/share/jackal_helper/worlds/BARN/world_132.world
-- Symlinking: /home/sankala-mahidhar/jackal_ws/install/jackal_helper/share/jackal_helper/worlds/BARN/world_133.world
-- Symlinking: /home/sankala-mahidhar/jackal_ws/install/jackal_helper/share/jackal_helper/worlds/BARN/world_134.world
-- Symlinking: /home/sankala-mahidhar/jackal_ws/install/jackal_helper/share/jackal_helper/worlds/BARN/world_135.world
-- Symlinking: /home/sankala-mahidhar/jackal_ws/install/jackal_helper/share/jackal_helper/worlds/BARN/world_136.world
-- Symlinking: /home/sankala-mahidhar/jackal_ws/install/jackal_helper/share/jackal_helper/worlds/BARN/world_137.world
-- Symlinking: /home/sankala-mahidhar/jackal_ws/install/jackal_helper/share/jackal_helper/worlds/BARN/world_138.world
-- Symlinking: /home/sankala-mahidhar/jackal_ws/install/jackal_helper/share/jackal_helper/worlds/BARN/world_139.world
-- Symlinking: /home/sankala-mahidhar/jackal_ws/install/jackal_helper/share/jackal_helper/worlds/BARN/world_14.world
-- Symlinking: /home/sankala-mahidhar/jackal_ws/install/jackal_helper/share/jackal_helper/worlds/BARN/world_140.world
-- Symlinking: /home/sankala-mahidhar/jackal_ws/install/jackal_helper/share/jackal_helper/worlds/BARN/world_141.world
-- Symlinking: /home/sankala-mahidhar/jackal_ws/install/jackal_helper/share/jackal_helper/worlds/BARN/world_142.world
-- Symlinking: /home/sankala-mahidhar/jackal_ws/install/jackal_helper/share/jackal_helper/worlds/BARN/world_143.world
-- Symlinking: /home/sankala-mahidhar/jackal_ws/install/jackal_helper/share/jackal_helper/worlds/BARN/world_144.world
-- Symlinking: /home/sankala-mahidhar/jackal_ws/install/jackal_helper/share/jackal_helper/worlds/BARN/world_145.world
-- Symlinking: /home/sankala-mahidhar/jackal_ws/install/jackal_helper/share/jackal_helper/worlds/BARN/world_146.world
-- Symlinking: /home/sankala-mahidhar/jackal_ws/install/jackal_helper/share/jackal_helper/worlds/BARN/world_147.world
-- Symlinking: /home/sankala-mahidhar/jackal_ws/install/jackal_helper/share/jackal_helper/worlds/BARN/world_148.world
-- Symlinking: /home/sankala-mahidhar/jackal_ws/install/jackal_helper/share/jackal_helper/worlds/BARN/world_149.world
-- Symlinking: /home/sankala-mahidhar/jackal_ws/install/jackal_helper/share/jackal_helper/worlds/BARN/world_15.world
-- Symlinking: /home/sankala-mahidhar/jackal_ws/install/jackal_helper/share/jackal_helper/worlds/BARN/world_150.world
-- Symlinking: /home/sankala-mahidhar/jackal_ws/install/jackal_helper/share/jackal_helper/worlds/BARN/world_151.world
-- Symlinking: /home/sankala-mahidhar/jackal_ws/install/jackal_helper/share/jackal_helper/worlds/BARN/world_152.world
-- Symlinking: /home/sankala-mahidhar/jackal_ws/install/jackal_helper/share/jackal_helper/worlds/BARN/world_153.world
-- Symlinking: /home/sankala-mahidhar/jackal_ws/install/jackal_helper/share/jackal_helper/worlds/BARN/world_154.world
-- Symlinking: /home/sankala-mahidhar/jackal_ws/install/jackal_helper/share/jackal_helper/worlds/BARN/world_155.world
-- Symlinking: /home/sankala-mahidhar/jackal_ws/install/jackal_helper/share/jackal_helper/worlds/BARN/world_156.world
-- Symlinking: /home/sankala-mahidhar/jackal_ws/install/jackal_helper/share/jackal_helper/worlds/BARN/world_157.world
-- Symlinking: /home/sankala-mahidhar/jackal_ws/install/jackal_helper/share/jackal_helper/worlds/BARN/world_158.world
-- Symlinking: /home/sankala-mahidhar/jackal_ws/install/jackal_helper/share/jackal_helper/worlds/BARN/world_159.world
-- Symlinking: /home/sankala-mahidhar/jackal_ws/install/jackal_helper/share/jackal_helper/worlds/BARN/world_16.world
-- Symlinking: /home/sankala-mahidhar/jackal_ws/install/jackal_helper/share/jackal_helper/worlds/BARN/world_160.world
-- Symlinking: /home/sankala-mahidhar/jackal_ws/install/jackal_helper/share/jackal_helper/worlds/BARN/world_161.world
-- Symlinking: /home/sankala-mahidhar/jackal_ws/install/jackal_helper/share/jackal_helper/worlds/BARN/world_162.world
-- Symlinking: /home/sankala-mahidhar/jackal_ws/install/jackal_helper/share/jackal_helper/worlds/BARN/world_163.world
-- Symlinking: /home/sankala-mahidhar/jackal_ws/install/jackal_helper/share/jackal_helper/worlds/BARN/world_164.world
-- Symlinking: /home/sankala-mahidhar/jackal_ws/install/jackal_helper/share/jackal_helper/worlds/BARN/world_165.world
-- Symlinking: /home/sankala-mahidhar/jackal_ws/install/jackal_helper/share/jackal_helper/worlds/BARN/world_166.world
-- Symlinking: /home/sankala-mahidhar/jackal_ws/install/jackal_helper/share/jackal_helper/worlds/BARN/world_167.world
-- Symlinking: /home/sankala-mahidhar/jackal_ws/install/jackal_helper/share/jackal_helper/worlds/BARN/world_168.world
-- Symlinking: /home/sankala-mahidhar/jackal_ws/install/jackal_helper/share/jackal_helper/worlds/BARN/world_169.world
-- Symlinking: /home/sankala-mahidhar/jackal_ws/install/jackal_helper/share/jackal_helper/worlds/BARN/world_17.world
-- Symlinking: /home/sankala-mahidhar/jackal_ws/install/jackal_helper/share/jackal_helper/worlds/BARN/world_170.world
-- Symlinking: /home/sankala-mahidhar/jackal_ws/install/jackal_helper/share/jackal_helper/worlds/BARN/world_171.world
-- Symlinking: /home/sankala-mahidhar/jackal_ws/install/jackal_helper/share/jackal_helper/worlds/BARN/world_172.world
-- Symlinking: /home/sankala-mahidhar/jackal_ws/install/jackal_helper/share/jackal_helper/worlds/BARN/world_173.world
-- Symlinking: /home/sankala-mahidhar/jackal_ws/install/jackal_helper/share/jackal_helper/worlds/BARN/world_174.world
-- Symlinking: /home/sankala-mahidhar/jackal_ws/install/jackal_helper/share/jackal_helper/worlds/BARN/world_175.world
-- Symlinking: /home/sankala-mahidhar/jackal_ws/install/jackal_helper/share/jackal_helper/worlds/BARN/world_176.world
-- Symlinking: /home/sankala-mahidhar/jackal_ws/install/jackal_helper/share/jackal_helper/worlds/BARN/world_177.world
-- Symlinking: /home/sankala-mahidhar/jackal_ws/install/jackal_helper/share/jackal_helper/worlds/BARN/world_178.world
-- Symlinking: /home/sankala-mahidhar/jackal_ws/install/jackal_helper/share/jackal_helper/worlds/BARN/world_179.world
-- Symlinking: /home/sankala-mahidhar/jackal_ws/install/jackal_helper/share/jackal_helper/worlds/BARN/world_18.world
-- Symlinking: /home/sankala-mahidhar/jackal_ws/install/jackal_helper/share/jackal_helper/worlds/BARN/world_180.world
-- Symlinking: /home/sankala-mahidhar/jackal_ws/install/jackal_helper/share/jackal_helper/worlds/BARN/world_181.world
-- Symlinking: /home/sankala-mahidhar/jackal_ws/install/jackal_helper/share/jackal_helper/worlds/BARN/world_182.world
-- Symlinking: /home/sankala-mahidhar/jackal_ws/install/jackal_helper/share/jackal_helper/worlds/BARN/world_183.world
-- Symlinking: /home/sankala-mahidhar/jackal_ws/install/jackal_helper/share/jackal_helper/worlds/BARN/world_184.world
-- Symlinking: /home/sankala-mahidhar/jackal_ws/install/jackal_helper/share/jackal_helper/worlds/BARN/world_185.world
-- Symlinking: /home/sankala-mahidhar/jackal_ws/install/jackal_helper/share/jackal_helper/worlds/BARN/world_186.world
-- Symlinking: /home/sankala-mahidhar/jackal_ws/install/jackal_helper/share/jackal_helper/worlds/BARN/world_187.world
-- Symlinking: /home/sankala-mahidhar/jackal_ws/install/jackal_helper/share/jackal_helper/worlds/BARN/world_188.world
-- Symlinking: /home/sankala-mahidhar/jackal_ws/install/jackal_helper/share/jackal_helper/worlds/BARN/world_189.world
-- Symlinking: /home/sankala-mahidhar/jackal_ws/install/jackal_helper/share/jackal_helper/worlds/BARN/world_19.world
-- Symlinking: /home/sankala-mahidhar/jackal_ws/install/jackal_helper/share/jackal_helper/worlds/BARN/world_190.world
-- Symlinking: /home/sankala-mahidhar/jackal_ws/install/jackal_helper/share/jackal_helper/worlds/BARN/world_191.world
-- Symlinking: /home/sankala-mahidhar/jackal_ws/install/jackal_helper/share/jackal_helper/worlds/BARN/world_192.world
-- Symlinking: /home/sankala-mahidhar/jackal_ws/install/jackal_helper/share/jackal_helper/worlds/BARN/world_193.world
-- Symlinking: /home/sankala-mahidhar/jackal_ws/install/jackal_helper/share/jackal_helper/worlds/BARN/world_194.world
-- Symlinking: /home/sankala-mahidhar/jackal_ws/install/jackal_helper/share/jackal_helper/worlds/BARN/world_195.world
-- Symlinking: /home/sankala-mahidhar/jackal_ws/install/jackal_helper/share/jackal_helper/worlds/BARN/world_196.world
-- Symlinking: /home/sankala-mahidhar/jackal_ws/install/jackal_helper/share/jackal_helper/worlds/BARN/world_197.world
-- Symlinking: /home/sankala-mahidhar/jackal_ws/install/jackal_helper/share/jackal_helper/worlds/BARN/world_198.world
-- Symlinking: /home/sankala-mahidhar/jackal_ws/install/jackal_helper/share/jackal_helper/worlds/BARN/world_199.world
-- Symlinking: /home/sankala-mahidhar/jackal_ws/install/jackal_helper/share/jackal_helper/worlds/BARN/world_2.world
-- Symlinking: /home/sankala-mahidhar/jackal_ws/install/jackal_helper/share/jackal_helper/worlds/BARN/world_20.world
-- Symlinking: /home/sankala-mahidhar/jackal_ws/install/jackal_helper/share/jackal_helper/worlds/BARN/world_200.world
-- Symlinking: /home/sankala-mahidhar/jackal_ws/install/jackal_helper/share/jackal_helper/worlds/BARN/world_201.world
-- Symlinking: /home/sankala-mahidhar/jackal_ws/install/jackal_helper/share/jackal_helper/worlds/BARN/world_202.world
-- Symlinking: /home/sankala-mahidhar/jackal_ws/install/jackal_helper/share/jackal_helper/worlds/BARN/world_203.world
-- Symlinking: /home/sankala-mahidhar/jackal_ws/install/jackal_helper/share/jackal_helper/worlds/BARN/world_204.world
-- Symlinking: /home/sankala-mahidhar/jackal_ws/install/jackal_helper/share/jackal_helper/worlds/BARN/world_205.world
-- Symlinking: /home/sankala-mahidhar/jackal_ws/install/jackal_helper/share/jackal_helper/worlds/BARN/world_206.world
-- Symlinking: /home/sankala-mahidhar/jackal_ws/install/jackal_helper/share/jackal_helper/worlds/BARN/world_207.world
-- Symlinking: /home/sankala-mahidhar/jackal_ws/install/jackal_helper/share/jackal_helper/worlds/BARN/world_208.world
-- Symlinking: /home/sankala-mahidhar/jackal_ws/install/jackal_helper/share/jackal_helper/worlds/BARN/world_209.world
-- Symlinking: /home/sankala-mahidhar/jackal_ws/install/jackal_helper/share/jackal_helper/worlds/BARN/world_21.world
-- Symlinking: /home/sankala-mahidhar/jackal_ws/install/jackal_helper/share/jackal_helper/worlds/BARN/world_210.world
-- Symlinking: /home/sankala-mahidhar/jackal_ws/install/jackal_helper/share/jackal_helper/worlds/BARN/world_211.world
-- Symlinking: /home/sankala-mahidhar/jackal_ws/install/jackal_helper/share/jackal_helper/worlds/BARN/world_212.world
-- Symlinking: /home/sankala-mahidhar/jackal_ws/install/jackal_helper/share/jackal_helper/worlds/BARN/world_213.world
-- Symlinking: /home/sankala-mahidhar/jackal_ws/install/jackal_helper/share/jackal_helper/worlds/BARN/world_214.world
-- Symlinking: /home/sankala-mahidhar/jackal_ws/install/jackal_helper/share/jackal_helper/worlds/BARN/world_215.world
-- Symlinking: /home/sankala-mahidhar/jackal_ws/install/jackal_helper/share/jackal_helper/worlds/BARN/world_216.world
-- Symlinking: /home/sankala-mahidhar/jackal_ws/install/jackal_helper/share/jackal_helper/worlds/BARN/world_217.world
-- Symlinking: /home/sankala-mahidhar/jackal_ws/install/jackal_helper/share/jackal_helper/worlds/BARN/world_218.world
-- Symlinking: /home/sankala-mahidhar/jackal_ws/install/jackal_helper/share/jackal_helper/worlds/BARN/world_219.world
-- Symlinking: /home/sankala-mahidhar/jackal_ws/install/jackal_helper/share/jackal_helper/worlds/BARN/world_22.world
-- Symlinking: /home/sankala-mahidhar/jackal_ws/install/jackal_helper/share/jackal_helper/worlds/BARN/world_220.world
-- Symlinking: /home/sankala-mahidhar/jackal_ws/install/jackal_helper/share/jackal_helper/worlds/BARN/world_221.world
-- Symlinking: /home/sankala-mahidhar/jackal_ws/install/jackal_helper/share/jackal_helper/worlds/BARN/world_222.world
-- Symlinking: /home/sankala-mahidhar/jackal_ws/install/jackal_helper/share/jackal_helper/worlds/BARN/world_223.world
-- Symlinking: /home/sankala-mahidhar/jackal_ws/install/jackal_helper/share/jackal_helper/worlds/BARN/world_224.world
-- Symlinking: /home/sankala-mahidhar/jackal_ws/install/jackal_helper/share/jackal_helper/worlds/BARN/world_225.world
-- Symlinking: /home/sankala-mahidhar/jackal_ws/install/jackal_helper/share/jackal_helper/worlds/BARN/world_226.world
-- Symlinking: /home/sankala-mahidhar/jackal_ws/install/jackal_helper/share/jackal_helper/worlds/BARN/world_227.world
-- Symlinking: /home/sankala-mahidhar/jackal_ws/install/jackal_helper/share/jackal_helper/worlds/BARN/world_228.world
-- Symlinking: /home/sankala-mahidhar/jackal_ws/install/jackal_helper/share/jackal_helper/worlds/BARN/world_229.world
-- Symlinking: /home/sankala-mahidhar/jackal_ws/install/jackal_helper/share/jackal_helper/worlds/BARN/world_23.world
-- Symlinking: /home/sankala-mahidhar/jackal_ws/install/jackal_helper/share/jackal_helper/worlds/BARN/world_230.world
-- Symlinking: /home/sankala-mahidhar/jackal_ws/install/jackal_helper/share/jackal_helper/worlds/BARN/world_231.world
-- Symlinking: /home/sankala-mahidhar/jackal_ws/install/jackal_helper/share/jackal_helper/worlds/BARN/world_232.world
-- Symlinking: /home/sankala-mahidhar/jackal_ws/install/jackal_helper/share/jackal_helper/worlds/BARN/world_233.world
-- Symlinking: /home/sankala-mahidhar/jackal_ws/install/jackal_helper/share/jackal_helper/worlds/BARN/world_234.world
-- Symlinking: /home/sankala-mahidhar/jackal_ws/install/jackal_helper/share/jackal_helper/worlds/BARN/world_235.world
-- Symlinking: /home/sankala-mahidhar/jackal_ws/install/jackal_helper/share/jackal_helper/worlds/BARN/world_236.world
-- Symlinking: /home/sankala-mahidhar/jackal_ws/install/jackal_helper/share/jackal_helper/worlds/BARN/world_237.world
-- Symlinking: /home/sankala-mahidhar/jackal_ws/install/jackal_helper/share/jackal_helper/worlds/BARN/world_238.world
-- Symlinking: /home/sankala-mahidhar/jackal_ws/install/jackal_helper/share/jackal_helper/worlds/BARN/world_239.world
-- Symlinking: /home/sankala-mahidhar/jackal_ws/install/jackal_helper/share/jackal_helper/worlds/BARN/world_24.world
-- Symlinking: /home/sankala-mahidhar/jackal_ws/install/jackal_helper/share/jackal_helper/worlds/BARN/world_240.world
-- Symlinking: /home/sankala-mahidhar/jackal_ws/install/jackal_helper/share/jackal_helper/worlds/BARN/world_241.world
-- Symlinking: /home/sankala-mahidhar/jackal_ws/install/jackal_helper/share/jackal_helper/worlds/BARN/world_242.world
-- Symlinking: /home/sankala-mahidhar/jackal_ws/install/jackal_helper/share/jackal_helper/worlds/BARN/world_243.world
-- Symlinking: /home/sankala-mahidhar/jackal_ws/install/jackal_helper/share/jackal_helper/worlds/BARN/world_244.world
-- Symlinking: /home/sankala-mahidhar/jackal_ws/install/jackal_helper/share/jackal_helper/worlds/BARN/world_245.world
-- Symlinking: /home/sankala-mahidhar/jackal_ws/install/jackal_helper/share/jackal_helper/worlds/BARN/world_246.world
-- Symlinking: /home/sankala-mahidhar/jackal_ws/install/jackal_helper/share/jackal_helper/worlds/BARN/world_247.world
-- Symlinking: /home/sankala-mahidhar/jackal_ws/install/jackal_helper/share/jackal_helper/worlds/BARN/world_248.world
-- Symlinking: /home/sankala-mahidhar/jackal_ws/install/jackal_helper/share/jackal_helper/worlds/BARN/world_249.world
-- Symlinking: /home/sankala-mahidhar/jackal_ws/install/jackal_helper/share/jackal_helper/worlds/BARN/world_25.world
-- Symlinking: /home/sankala-mahidhar/jackal_ws/install/jackal_helper/share/jackal_helper/worlds/BARN/world_250.world
-- Symlinking: /home/sankala-mahidhar/jackal_ws/install/jackal_helper/share/jackal_helper/worlds/BARN/world_251.world
-- Symlinking: /home/sankala-mahidhar/jackal_ws/install/jackal_helper/share/jackal_helper/worlds/BARN/world_252.world
-- Symlinking: /home/sankala-mahidhar/jackal_ws/install/jackal_helper/share/jackal_helper/worlds/BARN/world_253.world
-- Symlinking: /home/sankala-mahidhar/jackal_ws/install/jackal_helper/share/jackal_helper/worlds/BARN/world_254.world
-- Symlinking: /home/sankala-mahidhar/jackal_ws/install/jackal_helper/share/jackal_helper/worlds/BARN/world_255.world
-- Symlinking: /home/sankala-mahidhar/jackal_ws/install/jackal_helper/share/jackal_helper/worlds/BARN/world_256.world
-- Symlinking: /home/sankala-mahidhar/jackal_ws/install/jackal_helper/share/jackal_helper/worlds/BARN/world_257.world
-- Symlinking: /home/sankala-mahidhar/jackal_ws/install/jackal_helper/share/jackal_helper/worlds/BARN/world_258.world
-- Symlinking: /home/sankala-mahidhar/jackal_ws/install/jackal_helper/share/jackal_helper/worlds/BARN/world_259.world
-- Symlinking: /home/sankala-mahidhar/jackal_ws/install/jackal_helper/share/jackal_helper/worlds/BARN/world_26.world
-- Symlinking: /home/sankala-mahidhar/jackal_ws/install/jackal_helper/share/jackal_helper/worlds/BARN/world_260.world
-- Symlinking: /home/sankala-mahidhar/jackal_ws/install/jackal_helper/share/jackal_helper/worlds/BARN/world_261.world
-- Symlinking: /home/sankala-mahidhar/jackal_ws/install/jackal_helper/share/jackal_helper/worlds/BARN/world_262.world
-- Symlinking: /home/sankala-mahidhar/jackal_ws/install/jackal_helper/share/jackal_helper/worlds/BARN/world_263.world
-- Symlinking: /home/sankala-mahidhar/jackal_ws/install/jackal_helper/share/jackal_helper/worlds/BARN/world_264.world
-- Symlinking: /home/sankala-mahidhar/jackal_ws/install/jackal_helper/share/jackal_helper/worlds/BARN/world_265.world
-- Symlinking: /home/sankala-mahidhar/jackal_ws/install/jackal_helper/share/jackal_helper/worlds/BARN/world_266.world
-- Symlinking: /home/sankala-mahidhar/jackal_ws/install/jackal_helper/share/jackal_helper/worlds/BARN/world_267.world
-- Symlinking: /home/sankala-mahidhar/jackal_ws/install/jackal_helper/share/jackal_helper/worlds/BARN/world_268.world
-- Symlinking: /home/sankala-mahidhar/jackal_ws/install/jackal_helper/share/jackal_helper/worlds/BARN/world_269.world
-- Symlinking: /home/sankala-mahidhar/jackal_ws/install/jackal_helper/share/jackal_helper/worlds/BARN/world_27.world
-- Symlinking: /home/sankala-mahidhar/jackal_ws/install/jackal_helper/share/jackal_helper/worlds/BARN/world_270.world
-- Symlinking: /home/sankala-mahidhar/jackal_ws/install/jackal_helper/share/jackal_helper/worlds/BARN/world_271.world
-- Symlinking: /home/sankala-mahidhar/jackal_ws/install/jackal_helper/share/jackal_helper/worlds/BARN/world_272.world
-- Symlinking: /home/sankala-mahidhar/jackal_ws/install/jackal_helper/share/jackal_helper/worlds/BARN/world_273.world
-- Symlinking: /home/sankala-mahidhar/jackal_ws/install/jackal_helper/share/jackal_helper/worlds/BARN/world_274.world
-- Symlinking: /home/sankala-mahidhar/jackal_ws/install/jackal_helper/share/jackal_helper/worlds/BARN/world_275.world
-- Symlinking: /home/sankala-mahidhar/jackal_ws/install/jackal_helper/share/jackal_helper/worlds/BARN/world_276.world
-- Symlinking: /home/sankala-mahidhar/jackal_ws/install/jackal_helper/share/jackal_helper/worlds/BARN/world_277.world
-- Symlinking: /home/sankala-mahidhar/jackal_ws/install/jackal_helper/share/jackal_helper/worlds/BARN/world_278.world
-- Symlinking: /home/sankala-mahidhar/jackal_ws/install/jackal_helper/share/jackal_helper/worlds/BARN/world_279.world
-- Symlinking: /home/sankala-mahidhar/jackal_ws/install/jackal_helper/share/jackal_helper/worlds/BARN/world_28.world
-- Symlinking: /home/sankala-mahidhar/jackal_ws/install/jackal_helper/share/jackal_helper/worlds/BARN/world_280.world
-- Symlinking: /home/sankala-mahidhar/jackal_ws/install/jackal_helper/share/jackal_helper/worlds/BARN/world_281.world
-- Symlinking: /home/sankala-mahidhar/jackal_ws/install/jackal_helper/share/jackal_helper/worlds/BARN/world_282.world
-- Symlinking: /home/sankala-mahidhar/jackal_ws/install/jackal_helper/share/jackal_helper/worlds/BARN/world_283.world
-- Symlinking: /home/sankala-mahidhar/jackal_ws/install/jackal_helper/share/jackal_helper/worlds/BARN/world_284.world
-- Symlinking: /home/sankala-mahidhar/jackal_ws/install/jackal_helper/share/jackal_helper/worlds/BARN/world_285.world
-- Symlinking: /home/sankala-mahidhar/jackal_ws/install/jackal_helper/share/jackal_helper/worlds/BARN/world_286.world
-- Symlinking: /home/sankala-mahidhar/jackal_ws/install/jackal_helper/share/jackal_helper/worlds/BARN/world_287.world
-- Symlinking: /home/sankala-mahidhar/jackal_ws/install/jackal_helper/share/jackal_helper/worlds/BARN/world_288.world
-- Symlinking: /home/sankala-mahidhar/jackal_ws/install/jackal_helper/share/jackal_helper/worlds/BARN/world_289.world
-- Symlinking: /home/sankala-mahidhar/jackal_ws/install/jackal_helper/share/jackal_helper/worlds/BARN/world_29.world
-- Symlinking: /home/sankala-mahidhar/jackal_ws/install/jackal_helper/share/jackal_helper/worlds/BARN/world_290.world
-- Symlinking: /home/sankala-mahidhar/jackal_ws/install/jackal_helper/share/jackal_helper/worlds/BARN/world_291.world
-- Symlinking: /home/sankala-mahidhar/jackal_ws/install/jackal_helper/share/jackal_helper/worlds/BARN/world_292.world
-- Symlinking: /home/sankala-mahidhar/jackal_ws/install/jackal_helper/share/jackal_helper/worlds/BARN/world_293.world
-- Symlinking: /home/sankala-mahidhar/jackal_ws/install/jackal_helper/share/jackal_helper/worlds/BARN/world_294.world
-- Symlinking: /home/sankala-mahidhar/jackal_ws/install/jackal_helper/share/jackal_helper/worlds/BARN/world_295.world
-- Symlinking: /home/sankala-mahidhar/jackal_ws/install/jackal_helper/share/jackal_helper/worlds/BARN/world_296.world
-- Symlinking: /home/sankala-mahidhar/jackal_ws/install/jackal_helper/share/jackal_helper/worlds/BARN/world_297.world
-- Symlinking: /home/sankala-mahidhar/jackal_ws/install/jackal_helper/share/jackal_helper/worlds/BARN/world_298.world
-- Symlinking: /home/sankala-mahidhar/jackal_ws/install/jackal_helper/share/jackal_helper/worlds/BARN/world_299.world
-- Symlinking: /home/sankala-mahidhar/jackal_ws/install/jackal_helper/share/jackal_helper/worlds/BARN/world_3.world
-- Symlinking: /home/sankala-mahidhar/jackal_ws/install/jackal_helper/share/jackal_helper/worlds/BARN/world_30.world
-- Symlinking: /home/sankala-mahidhar/jackal_ws/install/jackal_helper/share/jackal_helper/worlds/BARN/world_31.world
-- Symlinking: /home/sankala-mahidhar/jackal_ws/install/jackal_helper/share/jackal_helper/worlds/BARN/world_32.world
-- Symlinking: /home/sankala-mahidhar/jackal_ws/install/jackal_helper/share/jackal_helper/worlds/BARN/world_33.world
-- Symlinking: /home/sankala-mahidhar/jackal_ws/install/jackal_helper/share/jackal_helper/worlds/BARN/world_34.world
-- Symlinking: /home/sankala-mahidhar/jackal_ws/install/jackal_helper/share/jackal_helper/worlds/BARN/world_35.world
-- Symlinking: /home/sankala-mahidhar/jackal_ws/install/jackal_helper/share/jackal_helper/worlds/BARN/world_36.world
-- Symlinking: /home/sankala-mahidhar/jackal_ws/install/jackal_helper/share/jackal_helper/worlds/BARN/world_37.world
-- Symlinking: /home/sankala-mahidhar/jackal_ws/install/jackal_helper/share/jackal_helper/worlds/BARN/world_38.world
-- Symlinking: /home/sankala-mahidhar/jackal_ws/install/jackal_helper/share/jackal_helper/worlds/BARN/world_39.world
-- Symlinking: /home/sankala-mahidhar/jackal_ws/install/jackal_helper/share/jackal_helper/worlds/BARN/world_4.world
-- Symlinking: /home/sankala-mahidhar/jackal_ws/install/jackal_helper/share/jackal_helper/worlds/BARN/world_40.world
-- Symlinking: /home/sankala-mahidhar/jackal_ws/install/jackal_helper/share/jackal_helper/worlds/BARN/world_41.world
-- Symlinking: /home/sankala-mahidhar/jackal_ws/install/jackal_helper/share/jackal_helper/worlds/BARN/world_42.world
-- Symlinking: /home/sankala-mahidhar/jackal_ws/install/jackal_helper/share/jackal_helper/worlds/BARN/world_43.world
-- Symlinking: /home/sankala-mahidhar/jackal_ws/install/jackal_helper/share/jackal_helper/worlds/BARN/world_44.world
-- Symlinking: /home/sankala-mahidhar/jackal_ws/install/jackal_helper/share/jackal_helper/worlds/BARN/world_45.world
-- Symlinking: /home/sankala-mahidhar/jackal_ws/install/jackal_helper/share/jackal_helper/worlds/BARN/world_46.world
-- Symlinking: /home/sankala-mahidhar/jackal_ws/install/jackal_helper/share/jackal_helper/worlds/BARN/world_47.world
-- Symlinking: /home/sankala-mahidhar/jackal_ws/install/jackal_helper/share/jackal_helper/worlds/BARN/world_48.world
-- Symlinking: /home/sankala-mahidhar/jackal_ws/install/jackal_helper/share/jackal_helper/worlds/BARN/world_49.world
-- Symlinking: /home/sankala-mahidhar/jackal_ws/install/jackal_helper/share/jackal_helper/worlds/BARN/world_5.world
-- Symlinking: /home/sankala-mahidhar/jackal_ws/install/jackal_helper/share/jackal_helper/worlds/BARN/world_50.world
-- Symlinking: /home/sankala-mahidhar/jackal_ws/install/jackal_helper/share/jackal_helper/worlds/BARN/world_51.world
-- Symlinking: /home/sankala-mahidhar/jackal_ws/install/jackal_helper/share/jackal_helper/worlds/BARN/world_52.world
-- Symlinking: /home/sankala-mahidhar/jackal_ws/install/jackal_helper/share/jackal_helper/worlds/BARN/world_53.world
-- Symlinking: /home/sankala-mahidhar/jackal_ws/install/jackal_helper/share/jackal_helper/worlds/BARN/world_54.world
-- Symlinking: /home/sankala-mahidhar/jackal_ws/install/jackal_helper/share/jackal_helper/worlds/BARN/world_55.world
-- Symlinking: /home/sankala-mahidhar/jackal_ws/install/jackal_helper/share/jackal_helper/worlds/BARN/world_56.world
-- Symlinking: /home/sankala-mahidhar/jackal_ws/install/jackal_helper/share/jackal_helper/worlds/BARN/world_57.world
-- Symlinking: /home/sankala-mahidhar/jackal_ws/install/jackal_helper/share/jackal_helper/worlds/BARN/world_58.world
-- Symlinking: /home/sankala-mahidhar/jackal_ws/install/jackal_helper/share/jackal_helper/worlds/BARN/world_59.world
-- Symlinking: /home/sankala-mahidhar/jackal_ws/install/jackal_helper/share/jackal_helper/worlds/BARN/world_6.world
-- Symlinking: /home/sankala-mahidhar/jackal_ws/install/jackal_helper/share/jackal_helper/worlds/BARN/world_60.world
-- Symlinking: /home/sankala-mahidhar/jackal_ws/install/jackal_helper/share/jackal_helper/worlds/BARN/world_61.world
-- Symlinking: /home/sankala-mahidhar/jackal_ws/install/jackal_helper/share/jackal_helper/worlds/BARN/world_62.world
-- Symlinking: /home/sankala-mahidhar/jackal_ws/install/jackal_helper/share/jackal_helper/worlds/BARN/world_63.world
-- Symlinking: /home/sankala-mahidhar/jackal_ws/install/jackal_helper/share/jackal_helper/worlds/BARN/world_64.world
-- Symlinking: /home/sankala-mahidhar/jackal_ws/install/jackal_helper/share/jackal_helper/worlds/BARN/world_65.world
-- Symlinking: /home/sankala-mahidhar/jackal_ws/install/jackal_helper/share/jackal_helper/worlds/BARN/world_66.world
-- Symlinking: /home/sankala-mahidhar/jackal_ws/install/jackal_helper/share/jackal_helper/worlds/BARN/world_67.world
-- Symlinking: /home/sankala-mahidhar/jackal_ws/install/jackal_helper/share/jackal_helper/worlds/BARN/world_68.world
-- Symlinking: /home/sankala-mahidhar/jackal_ws/install/jackal_helper/share/jackal_helper/worlds/BARN/world_69.world
-- Symlinking: /home/sankala-mahidhar/jackal_ws/install/jackal_helper/share/jackal_helper/worlds/BARN/world_7.world
-- Symlinking: /home/sankala-mahidhar/jackal_ws/install/jackal_helper/share/jackal_helper/worlds/BARN/world_70.world
-- Symlinking: /home/sankala-mahidhar/jackal_ws/install/jackal_helper/share/jackal_helper/worlds/BARN/world_71.world
-- Symlinking: /home/sankala-mahidhar/jackal_ws/install/jackal_helper/share/jackal_helper/worlds/BARN/world_72.world
-- Symlinking: /home/sankala-mahidhar/jackal_ws/install/jackal_helper/share/jackal_helper/worlds/BARN/world_73.world
-- Symlinking: /home/sankala-mahidhar/jackal_ws/install/jackal_helper/share/jackal_helper/worlds/BARN/world_74.world
-- Symlinking: /home/sankala-mahidhar/jackal_ws/install/jackal_helper/share/jackal_helper/worlds/BARN/world_75.world
-- Symlinking: /home/sankala-mahidhar/jackal_ws/install/jackal_helper/share/jackal_helper/worlds/BARN/world_76.world
-- Symlinking: /home/sankala-mahidhar/jackal_ws/install/jackal_helper/share/jackal_helper/worlds/BARN/world_77.world
-- Symlinking: /home/sankala-mahidhar/jackal_ws/install/jackal_helper/share/jackal_helper/worlds/BARN/world_78.world
-- Symlinking: /home/sankala-mahidhar/jackal_ws/install/jackal_helper/share/jackal_helper/worlds/BARN/world_79.world
-- Symlinking: /home/sankala-mahidhar/jackal_ws/install/jackal_helper/share/jackal_helper/worlds/BARN/world_8.world
-- Symlinking: /home/sankala-mahidhar/jackal_ws/install/jackal_helper/share/jackal_helper/worlds/BARN/world_80.world
-- Symlinking: /home/sankala-mahidhar/jackal_ws/install/jackal_helper/share/jackal_helper/worlds/BARN/world_81.world
-- Symlinking: /home/sankala-mahidhar/jackal_ws/install/jackal_helper/share/jackal_helper/worlds/BARN/world_82.world
-- Symlinking: /home/sankala-mahidhar/jackal_ws/install/jackal_helper/share/jackal_helper/worlds/BARN/world_83.world
-- Symlinking: /home/sankala-mahidhar/jackal_ws/install/jackal_helper/share/jackal_helper/worlds/BARN/world_84.world
-- Symlinking: /home/sankala-mahidhar/jackal_ws/install/jackal_helper/share/jackal_helper/worlds/BARN/world_85.world
-- Symlinking: /home/sankala-mahidhar/jackal_ws/install/jackal_helper/share/jackal_helper/worlds/BARN/world_86.world
-- Symlinking: /home/sankala-mahidhar/jackal_ws/install/jackal_helper/share/jackal_helper/worlds/BARN/world_87.world
-- Symlinking: /home/sankala-mahidhar/jackal_ws/install/jackal_helper/share/jackal_helper/worlds/BARN/world_88.world
-- Symlinking: /home/sankala-mahidhar/jackal_ws/install/jackal_helper/share/jackal_helper/worlds/BARN/world_89.world
-- Symlinking: /home/sankala-mahidhar/jackal_ws/install/jackal_helper/share/jackal_helper/worlds/BARN/world_9.world
-- Symlinking: /home/sankala-mahidhar/jackal_ws/install/jackal_helper/share/jackal_helper/worlds/BARN/world_90.world
-- Symlinking: /home/sankala-mahidhar/jackal_ws/install/jackal_helper/share/jackal_helper/worlds/BARN/world_91.world
-- Symlinking: /home/sankala-mahidhar/jackal_ws/install/jackal_helper/share/jackal_helper/worlds/BARN/world_92.world
-- Symlinking: /home/sankala-mahidhar/jackal_ws/install/jackal_helper/share/jackal_helper/worlds/BARN/world_93.world
-- Symlinking: /home/sankala-mahidhar/jackal_ws/install/jackal_helper/share/jackal_helper/worlds/BARN/world_94.world
-- Symlinking: /home/sankala-mahidhar/jackal_ws/install/jackal_helper/share/jackal_helper/worlds/BARN/world_95.world
-- Symlinking: /home/sankala-mahidhar/jackal_ws/install/jackal_helper/share/jackal_helper/worlds/BARN/world_96.world
-- Symlinking: /home/sankala-mahidhar/jackal_ws/install/jackal_helper/share/jackal_helper/worlds/BARN/world_97.world
-- Symlinking: /home/sankala-mahidhar/jackal_ws/install/jackal_helper/share/jackal_helper/worlds/BARN/world_98.world
-- Symlinking: /home/sankala-mahidhar/jackal_ws/install/jackal_helper/share/jackal_helper/worlds/BARN/world_99.world
-- Symlinking: /home/sankala-mahidhar/jackal_ws/install/jackal_helper/share/ament_index/resource_index/package_run_dependencies/jackal_helper
-- Symlinking: /home/sankala-mahidhar/jackal_ws/install/jackal_helper/share/ament_index/resource_index/parent_prefix_path/jackal_helper
-- Symlinking: /home/sankala-mahidhar/jackal_ws/install/jackal_helper/share/jackal_helper/environment/ament_prefix_path.sh
-- Symlinking: /home/sankala-mahidhar/jackal_ws/install/jackal_helper/share/jackal_helper/environment/ament_prefix_path.dsv
-- Symlinking: /home/sankala-mahidhar/jackal_ws/install/jackal_helper/share/jackal_helper/environment/path.sh
-- Symlinking: /home/sankala-mahidhar/jackal_ws/install/jackal_helper/share/jackal_helper/environment/path.dsv
-- Symlinking: /home/sankala-mahidhar/jackal_ws/install/jackal_helper/share/jackal_helper/local_setup.bash
-- Symlinking: /home/sankala-mahidhar/jackal_ws/install/jackal_helper/share/jackal_helper/local_setup.sh
-- Symlinking: /home/sankala-mahidhar/jackal_ws/install/jackal_helper/share/jackal_helper/local_setup.zsh
-- Symlinking: /home/sankala-mahidhar/jackal_ws/install/jackal_helper/share/jackal_helper/local_setup.dsv
-- Symlinking: /home/sankala-mahidhar/jackal_ws/install/jackal_helper/share/jackal_helper/package.dsv
-- Symlinking: /home/sankala-mahidhar/jackal_ws/install/jackal_helper/share/ament_index/resource_index/packages/jackal_helper
-- Symlinking: /home/sankala-mahidhar/jackal_ws/install/jackal_helper/share/jackal_helper/cmake/jackal_helperConfig.cmake
-- Symlinking: /home/sankala-mahidhar/jackal_ws/install/jackal_helper/share/jackal_helper/cmake/jackal_helperConfig-version.cmake
-- Symlinking: /home/sankala-mahidhar/jackal_ws/install/jackal_helper/share/jackal_helper/package.xml
Listing '/home/sankala-mahidhar/jackal_ws/install/jackal_helper/lib/python3.12/site-packages/jackal_helper'...
Compiling '/home/sankala-mahidhar/jackal_ws/install/jackal_helper/lib/python3.12/site-packages/jackal_helper/__init__.py'...
Compiling '/home/sankala-mahidhar/jackal_ws/install/jackal_helper/lib/python3.12/site-packages/jackal_helper/utils.py'...
