[0.011s] Invoking command in '/home/sankala-mahidhar/jackal_ws/build/jackal_helper': CMAKE_PREFIX_PATH=${CMAKE_PREFIX_PATH}:/opt/ros/jazzy DEBUGINFOD_URLS=https://debuginfod.ubuntu.com /usr/bin/cmake --build /home/sankala-mahidhar/jackal_ws/build/jackal_helper -- -j16 -l16
[0.071s] Built target ament_cmake_python_symlink_jackal_helper
[0.261s] running egg_info
[0.262s] creating jackal_helper.egg-info
[0.276s] writing jackal_helper.egg-info/PKG-INFO
[0.277s] writing dependency_links to jackal_helper.egg-info/dependency_links.txt
[0.277s] writing top-level names to jackal_helper.egg-info/top_level.txt
[0.277s] writing manifest file 'jackal_helper.egg-info/SOURCES.txt'
[0.321s] reading manifest file 'jackal_helper.egg-info/SOURCES.txt'
[0.322s] writing manifest file 'jackal_helper.egg-info/SOURCES.txt'
[0.350s] Built target ament_cmake_python_build_jackal_helper_egg
[0.362s] Invoked command in '/home/sankala-mahidhar/jackal_ws/build/jackal_helper' returned '0': CMAKE_PREFIX_PATH=${CMAKE_PREFIX_PATH}:/opt/ros/jazzy DEBUGINFOD_URLS=https://debuginfod.ubuntu.com /usr/bin/cmake --build /home/sankala-mahidhar/jackal_ws/build/jackal_helper -- -j16 -l16
[0.374s] Invoking command in '/home/sankala-mahidhar/jackal_ws/build/jackal_helper': CMAKE_PREFIX_PATH=${CMAKE_PREFIX_PATH}:/opt/ros/jazzy DEBUGINFOD_URLS=https://debuginfod.ubuntu.com /usr/bin/cmake --install /home/sankala-mahidhar/jackal_ws/build/jackal_helper
[0.382s] -- Install configuration: ""
[0.382s] -- Execute custom install script
[0.382s] -- Symlinking: /home/sankala-mahidhar/jackal_ws/install/jackal_helper/share/jackal_helper/environment/pythonpath.sh
[0.391s] -- Symlinking: /home/sankala-mahidhar/jackal_ws/install/jackal_helper/share/jackal_helper/environment/pythonpath.dsv
[0.400s] -- Symlinking: /home/sankala-mahidhar/jackal_ws/install/jackal_helper/lib/python3.12/site-packages/jackal_helper-0.0.0-py3.12.egg-info/PKG-INFO
[0.410s] -- Symlinking: /home/sankala-mahidhar/jackal_ws/install/jackal_helper/lib/python3.12/site-packages/jackal_helper-0.0.0-py3.12.egg-info/SOURCES.txt
[0.418s] -- Symlinking: /home/sankala-mahidhar/jackal_ws/install/jackal_helper/lib/python3.12/site-packages/jackal_helper-0.0.0-py3.12.egg-info/dependency_links.txt
[0.426s] -- Symlinking: /home/sankala-mahidhar/jackal_ws/install/jackal_helper/lib/python3.12/site-packages/jackal_helper-0.0.0-py3.12.egg-info/top_level.txt
[0.434s] -- Symlinking: /home/sankala-mahidhar/jackal_ws/install/jackal_helper/lib/python3.12/site-packages/jackal_helper/__init__.py
[0.442s] -- Symlinking: /home/sankala-mahidhar/jackal_ws/install/jackal_helper/lib/python3.12/site-packages/jackal_helper/utils.py
[0.454s] -- Symlinking: /home/sankala-mahidhar/jackal_ws/install/jackal_helper/lib/jackal_helper/gazebo_simulation.py
[0.461s] -- Symlinking: /home/sankala-mahidhar/jackal_ws/install/jackal_helper/lib/jackal_helper/barn_runner.py
[0.471s] -- Symlinking: /home/sankala-mahidhar/jackal_ws/install/jackal_helper/share/jackal_helper/config/gui.config
[0.479s] -- Symlinking: /home/sankala-mahidhar/jackal_ws/install/jackal_helper/share/jackal_helper/config/nav2.yaml
[0.487s] -- Symlinking: /home/sankala-mahidhar/jackal_ws/install/jackal_helper/share/jackal_helper/config/nav2_dwa.yaml
[0.495s] -- Symlinking: /home/sankala-mahidhar/jackal_ws/install/jackal_helper/share/jackal_helper/config/robot.yaml
[0.505s] -- Symlinking: /home/sankala-mahidhar/jackal_ws/install/jackal_helper/share/jackal_helper/launch/BARN_runner.launch.py
[0.515s] -- Symlinking: /home/sankala-mahidhar/jackal_ws/install/jackal_helper/share/jackal_helper/launch/nav2_bringup.launch.py
[0.529s] -- Symlinking: /home/sankala-mahidhar/jackal_ws/install/jackal_helper/share/jackal_helper/worlds/BARN/path_files/path_0.npy
[0.539s] -- Symlinking: /home/sankala-mahidhar/jackal_ws/install/jackal_helper/share/jackal_helper/worlds/BARN/path_files/path_1.npy
[0.548s] -- Symlinking: /home/sankala-mahidhar/jackal_ws/install/jackal_helper/share/jackal_helper/worlds/BARN/path_files/path_10.npy
[0.558s] -- Symlinking: /home/sankala-mahidhar/jackal_ws/install/jackal_helper/share/jackal_helper/worlds/BARN/path_files/path_100.npy
[0.565s] -- Symlinking: /home/sankala-mahidhar/jackal_ws/install/jackal_helper/share/jackal_helper/worlds/BARN/path_files/path_101.npy
[0.573s] -- Symlinking: /home/sankala-mahidhar/jackal_ws/install/jackal_helper/share/jackal_helper/worlds/BARN/path_files/path_102.npy
[0.581s] -- Symlinking: /home/sankala-mahidhar/jackal_ws/install/jackal_helper/share/jackal_helper/worlds/BARN/path_files/path_103.npy
[0.588s] -- Symlinking: /home/sankala-mahidhar/jackal_ws/install/jackal_helper/share/jackal_helper/worlds/BARN/path_files/path_104.npy
[0.596s] -- Symlinking: /home/sankala-mahidhar/jackal_ws/install/jackal_helper/share/jackal_helper/worlds/BARN/path_files/path_105.npy
[0.604s] -- Symlinking: /home/sankala-mahidhar/jackal_ws/install/jackal_helper/share/jackal_helper/worlds/BARN/path_files/path_106.npy
[0.615s] -- Symlinking: /home/sankala-mahidhar/jackal_ws/install/jackal_helper/share/jackal_helper/worlds/BARN/path_files/path_107.npy
[0.626s] -- Symlinking: /home/sankala-mahidhar/jackal_ws/install/jackal_helper/share/jackal_helper/worlds/BARN/path_files/path_108.npy
[0.636s] -- Symlinking: /home/sankala-mahidhar/jackal_ws/install/jackal_helper/share/jackal_helper/worlds/BARN/path_files/path_109.npy
[0.645s] -- Symlinking: /home/sankala-mahidhar/jackal_ws/install/jackal_helper/share/jackal_helper/worlds/BARN/path_files/path_11.npy
[0.655s] -- Symlinking: /home/sankala-mahidhar/jackal_ws/install/jackal_helper/share/jackal_helper/worlds/BARN/path_files/path_110.npy
[0.665s] -- Symlinking: /home/sankala-mahidhar/jackal_ws/install/jackal_helper/share/jackal_helper/worlds/BARN/path_files/path_111.npy
[0.673s] -- Symlinking: /home/sankala-mahidhar/jackal_ws/install/jackal_helper/share/jackal_helper/worlds/BARN/path_files/path_112.npy
[0.682s] -- Symlinking: /home/sankala-mahidhar/jackal_ws/install/jackal_helper/share/jackal_helper/worlds/BARN/path_files/path_113.npy
[0.689s] -- Symlinking: /home/sankala-mahidhar/jackal_ws/install/jackal_helper/share/jackal_helper/worlds/BARN/path_files/path_114.npy
[0.698s] -- Symlinking: /home/sankala-mahidhar/jackal_ws/install/jackal_helper/share/jackal_helper/worlds/BARN/path_files/path_115.npy
[0.708s] -- Symlinking: /home/sankala-mahidhar/jackal_ws/install/jackal_helper/share/jackal_helper/worlds/BARN/path_files/path_116.npy
[0.717s] -- Symlinking: /home/sankala-mahidhar/jackal_ws/install/jackal_helper/share/jackal_helper/worlds/BARN/path_files/path_117.npy
[0.725s] -- Symlinking: /home/sankala-mahidhar/jackal_ws/install/jackal_helper/share/jackal_helper/worlds/BARN/path_files/path_118.npy
[0.733s] -- Symlinking: /home/sankala-mahidhar/jackal_ws/install/jackal_helper/share/jackal_helper/worlds/BARN/path_files/path_119.npy
[0.742s] -- Symlinking: /home/sankala-mahidhar/jackal_ws/install/jackal_helper/share/jackal_helper/worlds/BARN/path_files/path_12.npy
[0.751s] -- Symlinking: /home/sankala-mahidhar/jackal_ws/install/jackal_helper/share/jackal_helper/worlds/BARN/path_files/path_120.npy
[0.761s] -- Symlinking: /home/sankala-mahidhar/jackal_ws/install/jackal_helper/share/jackal_helper/worlds/BARN/path_files/path_121.npy
[0.769s] -- Symlinking: /home/sankala-mahidhar/jackal_ws/install/jackal_helper/share/jackal_helper/worlds/BARN/path_files/path_122.npy
[0.777s] -- Symlinking: /home/sankala-mahidhar/jackal_ws/install/jackal_helper/share/jackal_helper/worlds/BARN/path_files/path_123.npy
[0.784s] -- Symlinking: /home/sankala-mahidhar/jackal_ws/install/jackal_helper/share/jackal_helper/worlds/BARN/path_files/path_124.npy
[0.792s] -- Symlinking: /home/sankala-mahidhar/jackal_ws/install/jackal_helper/share/jackal_helper/worlds/BARN/path_files/path_125.npy
[0.799s] -- Symlinking: /home/sankala-mahidhar/jackal_ws/install/jackal_helper/share/jackal_helper/worlds/BARN/path_files/path_126.npy
[0.809s] -- Symlinking: /home/sankala-mahidhar/jackal_ws/install/jackal_helper/share/jackal_helper/worlds/BARN/path_files/path_127.npy
[0.818s] -- Symlinking: /home/sankala-mahidhar/jackal_ws/install/jackal_helper/share/jackal_helper/worlds/BARN/path_files/path_128.npy
[0.828s] -- Symlinking: /home/sankala-mahidhar/jackal_ws/install/jackal_helper/share/jackal_helper/worlds/BARN/path_files/path_129.npy
[0.837s] -- Symlinking: /home/sankala-mahidhar/jackal_ws/install/jackal_helper/share/jackal_helper/worlds/BARN/path_files/path_13.npy
[0.848s] -- Symlinking: /home/sankala-mahidhar/jackal_ws/install/jackal_helper/share/jackal_helper/worlds/BARN/path_files/path_130.npy
[0.859s] -- Symlinking: /home/sankala-mahidhar/jackal_ws/install/jackal_helper/share/jackal_helper/worlds/BARN/path_files/path_131.npy
[0.866s] -- Symlinking: /home/sankala-mahidhar/jackal_ws/install/jackal_helper/share/jackal_helper/worlds/BARN/path_files/path_132.npy
[0.874s] -- Symlinking: /home/sankala-mahidhar/jackal_ws/install/jackal_helper/share/jackal_helper/worlds/BARN/path_files/path_133.npy
[0.881s] -- Symlinking: /home/sankala-mahidhar/jackal_ws/install/jackal_helper/share/jackal_helper/worlds/BARN/path_files/path_134.npy
[0.890s] -- Symlinking: /home/sankala-mahidhar/jackal_ws/install/jackal_helper/share/jackal_helper/worlds/BARN/path_files/path_135.npy
[0.897s] -- Symlinking: /home/sankala-mahidhar/jackal_ws/install/jackal_helper/share/jackal_helper/worlds/BARN/path_files/path_136.npy
[0.906s] -- Symlinking: /home/sankala-mahidhar/jackal_ws/install/jackal_helper/share/jackal_helper/worlds/BARN/path_files/path_137.npy
[0.917s] -- Symlinking: /home/sankala-mahidhar/jackal_ws/install/jackal_helper/share/jackal_helper/worlds/BARN/path_files/path_138.npy
[0.928s] -- Symlinking: /home/sankala-mahidhar/jackal_ws/install/jackal_helper/share/jackal_helper/worlds/BARN/path_files/path_139.npy
[0.936s] -- Symlinking: /home/sankala-mahidhar/jackal_ws/install/jackal_helper/share/jackal_helper/worlds/BARN/path_files/path_14.npy
[0.945s] -- Symlinking: /home/sankala-mahidhar/jackal_ws/install/jackal_helper/share/jackal_helper/worlds/BARN/path_files/path_140.npy
[0.956s] -- Symlinking: /home/sankala-mahidhar/jackal_ws/install/jackal_helper/share/jackal_helper/worlds/BARN/path_files/path_141.npy
[0.964s] -- Symlinking: /home/sankala-mahidhar/jackal_ws/install/jackal_helper/share/jackal_helper/worlds/BARN/path_files/path_142.npy
[0.972s] -- Symlinking: /home/sankala-mahidhar/jackal_ws/install/jackal_helper/share/jackal_helper/worlds/BARN/path_files/path_143.npy
[0.980s] -- Symlinking: /home/sankala-mahidhar/jackal_ws/install/jackal_helper/share/jackal_helper/worlds/BARN/path_files/path_144.npy
[0.988s] -- Symlinking: /home/sankala-mahidhar/jackal_ws/install/jackal_helper/share/jackal_helper/worlds/BARN/path_files/path_145.npy
[0.995s] -- Symlinking: /home/sankala-mahidhar/jackal_ws/install/jackal_helper/share/jackal_helper/worlds/BARN/path_files/path_146.npy
[1.006s] -- Symlinking: /home/sankala-mahidhar/jackal_ws/install/jackal_helper/share/jackal_helper/worlds/BARN/path_files/path_147.npy
[1.013s] -- Symlinking: /home/sankala-mahidhar/jackal_ws/install/jackal_helper/share/jackal_helper/worlds/BARN/path_files/path_148.npy
[1.023s] -- Symlinking: /home/sankala-mahidhar/jackal_ws/install/jackal_helper/share/jackal_helper/worlds/BARN/path_files/path_149.npy
[1.033s] -- Symlinking: /home/sankala-mahidhar/jackal_ws/install/jackal_helper/share/jackal_helper/worlds/BARN/path_files/path_15.npy
[1.042s] -- Symlinking: /home/sankala-mahidhar/jackal_ws/install/jackal_helper/share/jackal_helper/worlds/BARN/path_files/path_150.npy
[1.053s] -- Symlinking: /home/sankala-mahidhar/jackal_ws/install/jackal_helper/share/jackal_helper/worlds/BARN/path_files/path_151.npy
[1.061s] -- Symlinking: /home/sankala-mahidhar/jackal_ws/install/jackal_helper/share/jackal_helper/worlds/BARN/path_files/path_152.npy
[1.069s] -- Symlinking: /home/sankala-mahidhar/jackal_ws/install/jackal_helper/share/jackal_helper/worlds/BARN/path_files/path_153.npy
[1.077s] -- Symlinking: /home/sankala-mahidhar/jackal_ws/install/jackal_helper/share/jackal_helper/worlds/BARN/path_files/path_154.npy
[1.085s] -- Symlinking: /home/sankala-mahidhar/jackal_ws/install/jackal_helper/share/jackal_helper/worlds/BARN/path_files/path_155.npy
[1.092s] -- Symlinking: /home/sankala-mahidhar/jackal_ws/install/jackal_helper/share/jackal_helper/worlds/BARN/path_files/path_156.npy
[1.100s] -- Symlinking: /home/sankala-mahidhar/jackal_ws/install/jackal_helper/share/jackal_helper/worlds/BARN/path_files/path_157.npy
[1.110s] -- Symlinking: /home/sankala-mahidhar/jackal_ws/install/jackal_helper/share/jackal_helper/worlds/BARN/path_files/path_158.npy
[1.121s] -- Symlinking: /home/sankala-mahidhar/jackal_ws/install/jackal_helper/share/jackal_helper/worlds/BARN/path_files/path_159.npy
[1.131s] -- Symlinking: /home/sankala-mahidhar/jackal_ws/install/jackal_helper/share/jackal_helper/worlds/BARN/path_files/path_16.npy
[1.141s] -- Symlinking: /home/sankala-mahidhar/jackal_ws/install/jackal_helper/share/jackal_helper/worlds/BARN/path_files/path_160.npy
[1.150s] -- Symlinking: /home/sankala-mahidhar/jackal_ws/install/jackal_helper/share/jackal_helper/worlds/BARN/path_files/path_161.npy
[1.158s] -- Symlinking: /home/sankala-mahidhar/jackal_ws/install/jackal_helper/share/jackal_helper/worlds/BARN/path_files/path_162.npy
[1.167s] -- Symlinking: /home/sankala-mahidhar/jackal_ws/install/jackal_helper/share/jackal_helper/worlds/BARN/path_files/path_163.npy
[1.176s] -- Symlinking: /home/sankala-mahidhar/jackal_ws/install/jackal_helper/share/jackal_helper/worlds/BARN/path_files/path_164.npy
[1.183s] -- Symlinking: /home/sankala-mahidhar/jackal_ws/install/jackal_helper/share/jackal_helper/worlds/BARN/path_files/path_165.npy
[1.192s] -- Symlinking: /home/sankala-mahidhar/jackal_ws/install/jackal_helper/share/jackal_helper/worlds/BARN/path_files/path_166.npy
[1.200s] -- Symlinking: /home/sankala-mahidhar/jackal_ws/install/jackal_helper/share/jackal_helper/worlds/BARN/path_files/path_167.npy
[1.209s] -- Symlinking: /home/sankala-mahidhar/jackal_ws/install/jackal_helper/share/jackal_helper/worlds/BARN/path_files/path_168.npy
[1.218s] -- Symlinking: /home/sankala-mahidhar/jackal_ws/install/jackal_helper/share/jackal_helper/worlds/BARN/path_files/path_169.npy
[1.227s] -- Symlinking: /home/sankala-mahidhar/jackal_ws/install/jackal_helper/share/jackal_helper/worlds/BARN/path_files/path_17.npy
[1.236s] -- Symlinking: /home/sankala-mahidhar/jackal_ws/install/jackal_helper/share/jackal_helper/worlds/BARN/path_files/path_170.npy
[1.245s] -- Symlinking: /home/sankala-mahidhar/jackal_ws/install/jackal_helper/share/jackal_helper/worlds/BARN/path_files/path_171.npy
[1.254s] -- Symlinking: /home/sankala-mahidhar/jackal_ws/install/jackal_helper/share/jackal_helper/worlds/BARN/path_files/path_172.npy
[1.261s] -- Symlinking: /home/sankala-mahidhar/jackal_ws/install/jackal_helper/share/jackal_helper/worlds/BARN/path_files/path_173.npy
[1.270s] -- Symlinking: /home/sankala-mahidhar/jackal_ws/install/jackal_helper/share/jackal_helper/worlds/BARN/path_files/path_174.npy
[1.278s] -- Symlinking: /home/sankala-mahidhar/jackal_ws/install/jackal_helper/share/jackal_helper/worlds/BARN/path_files/path_175.npy
[1.286s] -- Symlinking: /home/sankala-mahidhar/jackal_ws/install/jackal_helper/share/jackal_helper/worlds/BARN/path_files/path_176.npy
[1.293s] -- Symlinking: /home/sankala-mahidhar/jackal_ws/install/jackal_helper/share/jackal_helper/worlds/BARN/path_files/path_177.npy
[1.301s] -- Symlinking: /home/sankala-mahidhar/jackal_ws/install/jackal_helper/share/jackal_helper/worlds/BARN/path_files/path_178.npy
[1.311s] -- Symlinking: /home/sankala-mahidhar/jackal_ws/install/jackal_helper/share/jackal_helper/worlds/BARN/path_files/path_179.npy
[1.321s] -- Symlinking: /home/sankala-mahidhar/jackal_ws/install/jackal_helper/share/jackal_helper/worlds/BARN/path_files/path_18.npy
[1.330s] -- Symlinking: /home/sankala-mahidhar/jackal_ws/install/jackal_helper/share/jackal_helper/worlds/BARN/path_files/path_180.npy
[1.340s] -- Symlinking: /home/sankala-mahidhar/jackal_ws/install/jackal_helper/share/jackal_helper/worlds/BARN/path_files/path_181.npy
[1.351s] -- Symlinking: /home/sankala-mahidhar/jackal_ws/install/jackal_helper/share/jackal_helper/worlds/BARN/path_files/path_182.npy
[1.361s] -- Symlinking: /home/sankala-mahidhar/jackal_ws/install/jackal_helper/share/jackal_helper/worlds/BARN/path_files/path_183.npy
[1.371s] -- Symlinking: /home/sankala-mahidhar/jackal_ws/install/jackal_helper/share/jackal_helper/worlds/BARN/path_files/path_184.npy
[1.380s] -- Symlinking: /home/sankala-mahidhar/jackal_ws/install/jackal_helper/share/jackal_helper/worlds/BARN/path_files/path_185.npy
[1.389s] -- Symlinking: /home/sankala-mahidhar/jackal_ws/install/jackal_helper/share/jackal_helper/worlds/BARN/path_files/path_186.npy
[1.397s] -- Symlinking: /home/sankala-mahidhar/jackal_ws/install/jackal_helper/share/jackal_helper/worlds/BARN/path_files/path_187.npy
[1.406s] -- Symlinking: /home/sankala-mahidhar/jackal_ws/install/jackal_helper/share/jackal_helper/worlds/BARN/path_files/path_188.npy
[1.417s] -- Symlinking: /home/sankala-mahidhar/jackal_ws/install/jackal_helper/share/jackal_helper/worlds/BARN/path_files/path_189.npy
[1.425s] -- Symlinking: /home/sankala-mahidhar/jackal_ws/install/jackal_helper/share/jackal_helper/worlds/BARN/path_files/path_19.npy
[1.433s] -- Symlinking: /home/sankala-mahidhar/jackal_ws/install/jackal_helper/share/jackal_helper/worlds/BARN/path_files/path_190.npy
[1.441s] -- Symlinking: /home/sankala-mahidhar/jackal_ws/install/jackal_helper/share/jackal_helper/worlds/BARN/path_files/path_191.npy
[1.450s] -- Symlinking: /home/sankala-mahidhar/jackal_ws/install/jackal_helper/share/jackal_helper/worlds/BARN/path_files/path_192.npy
[1.459s] -- Symlinking: /home/sankala-mahidhar/jackal_ws/install/jackal_helper/share/jackal_helper/worlds/BARN/path_files/path_193.npy
[1.469s] -- Symlinking: /home/sankala-mahidhar/jackal_ws/install/jackal_helper/share/jackal_helper/worlds/BARN/path_files/path_194.npy
[1.478s] -- Symlinking: /home/sankala-mahidhar/jackal_ws/install/jackal_helper/share/jackal_helper/worlds/BARN/path_files/path_195.npy
[1.487s] -- Symlinking: /home/sankala-mahidhar/jackal_ws/install/jackal_helper/share/jackal_helper/worlds/BARN/path_files/path_196.npy
[1.494s] -- Symlinking: /home/sankala-mahidhar/jackal_ws/install/jackal_helper/share/jackal_helper/worlds/BARN/path_files/path_197.npy
[1.502s] -- Symlinking: /home/sankala-mahidhar/jackal_ws/install/jackal_helper/share/jackal_helper/worlds/BARN/path_files/path_198.npy
[1.512s] -- Symlinking: /home/sankala-mahidhar/jackal_ws/install/jackal_helper/share/jackal_helper/worlds/BARN/path_files/path_199.npy
[1.521s] -- Symlinking: /home/sankala-mahidhar/jackal_ws/install/jackal_helper/share/jackal_helper/worlds/BARN/path_files/path_2.npy
[1.530s] -- Symlinking: /home/sankala-mahidhar/jackal_ws/install/jackal_helper/share/jackal_helper/worlds/BARN/path_files/path_20.npy
[1.538s] -- Symlinking: /home/sankala-mahidhar/jackal_ws/install/jackal_helper/share/jackal_helper/worlds/BARN/path_files/path_200.npy
[1.546s] -- Symlinking: /home/sankala-mahidhar/jackal_ws/install/jackal_helper/share/jackal_helper/worlds/BARN/path_files/path_201.npy
[1.557s] -- Symlinking: /home/sankala-mahidhar/jackal_ws/install/jackal_helper/share/jackal_helper/worlds/BARN/path_files/path_202.npy
[1.565s] -- Symlinking: /home/sankala-mahidhar/jackal_ws/install/jackal_helper/share/jackal_helper/worlds/BARN/path_files/path_203.npy
[1.573s] -- Symlinking: /home/sankala-mahidhar/jackal_ws/install/jackal_helper/share/jackal_helper/worlds/BARN/path_files/path_204.npy
[1.581s] -- Symlinking: /home/sankala-mahidhar/jackal_ws/install/jackal_helper/share/jackal_helper/worlds/BARN/path_files/path_205.npy
[1.590s] -- Symlinking: /home/sankala-mahidhar/jackal_ws/install/jackal_helper/share/jackal_helper/worlds/BARN/path_files/path_206.npy
[1.598s] -- Symlinking: /home/sankala-mahidhar/jackal_ws/install/jackal_helper/share/jackal_helper/worlds/BARN/path_files/path_207.npy
[1.606s] -- Symlinking: /home/sankala-mahidhar/jackal_ws/install/jackal_helper/share/jackal_helper/worlds/BARN/path_files/path_208.npy
[1.618s] -- Symlinking: /home/sankala-mahidhar/jackal_ws/install/jackal_helper/share/jackal_helper/worlds/BARN/path_files/path_209.npy
[1.627s] -- Symlinking: /home/sankala-mahidhar/jackal_ws/install/jackal_helper/share/jackal_helper/worlds/BARN/path_files/path_21.npy
[1.635s] -- Symlinking: /home/sankala-mahidhar/jackal_ws/install/jackal_helper/share/jackal_helper/worlds/BARN/path_files/path_210.npy
[1.642s] -- Symlinking: /home/sankala-mahidhar/jackal_ws/install/jackal_helper/share/jackal_helper/worlds/BARN/path_files/path_211.npy
[1.652s] -- Symlinking: /home/sankala-mahidhar/jackal_ws/install/jackal_helper/share/jackal_helper/worlds/BARN/path_files/path_212.npy
[1.662s] -- Symlinking: /home/sankala-mahidhar/jackal_ws/install/jackal_helper/share/jackal_helper/worlds/BARN/path_files/path_213.npy
[1.671s] -- Symlinking: /home/sankala-mahidhar/jackal_ws/install/jackal_helper/share/jackal_helper/worlds/BARN/path_files/path_214.npy
[1.679s] -- Symlinking: /home/sankala-mahidhar/jackal_ws/install/jackal_helper/share/jackal_helper/worlds/BARN/path_files/path_215.npy
[1.688s] -- Symlinking: /home/sankala-mahidhar/jackal_ws/install/jackal_helper/share/jackal_helper/worlds/BARN/path_files/path_216.npy
[1.696s] -- Symlinking: /home/sankala-mahidhar/jackal_ws/install/jackal_helper/share/jackal_helper/worlds/BARN/path_files/path_217.npy
[1.704s] -- Symlinking: /home/sankala-mahidhar/jackal_ws/install/jackal_helper/share/jackal_helper/worlds/BARN/path_files/path_218.npy
[1.714s] -- Symlinking: /home/sankala-mahidhar/jackal_ws/install/jackal_helper/share/jackal_helper/worlds/BARN/path_files/path_219.npy
[1.724s] -- Symlinking: /home/sankala-mahidhar/jackal_ws/install/jackal_helper/share/jackal_helper/worlds/BARN/path_files/path_22.npy
[1.732s] -- Symlinking: /home/sankala-mahidhar/jackal_ws/install/jackal_helper/share/jackal_helper/worlds/BARN/path_files/path_220.npy
[1.739s] -- Symlinking: /home/sankala-mahidhar/jackal_ws/install/jackal_helper/share/jackal_helper/worlds/BARN/path_files/path_221.npy
[1.747s] -- Symlinking: /home/sankala-mahidhar/jackal_ws/install/jackal_helper/share/jackal_helper/worlds/BARN/path_files/path_222.npy
[1.757s] -- Symlinking: /home/sankala-mahidhar/jackal_ws/install/jackal_helper/share/jackal_helper/worlds/BARN/path_files/path_223.npy
[1.767s] -- Symlinking: /home/sankala-mahidhar/jackal_ws/install/jackal_helper/share/jackal_helper/worlds/BARN/path_files/path_224.npy
[1.774s] -- Symlinking: /home/sankala-mahidhar/jackal_ws/install/jackal_helper/share/jackal_helper/worlds/BARN/path_files/path_225.npy
[1.783s] -- Symlinking: /home/sankala-mahidhar/jackal_ws/install/jackal_helper/share/jackal_helper/worlds/BARN/path_files/path_226.npy
[1.790s] -- Symlinking: /home/sankala-mahidhar/jackal_ws/install/jackal_helper/share/jackal_helper/worlds/BARN/path_files/path_227.npy
[1.799s] -- Symlinking: /home/sankala-mahidhar/jackal_ws/install/jackal_helper/share/jackal_helper/worlds/BARN/path_files/path_228.npy
[1.808s] -- Symlinking: /home/sankala-mahidhar/jackal_ws/install/jackal_helper/share/jackal_helper/worlds/BARN/path_files/path_229.npy
[1.818s] -- Symlinking: /home/sankala-mahidhar/jackal_ws/install/jackal_helper/share/jackal_helper/worlds/BARN/path_files/path_23.npy
[1.826s] -- Symlinking: /home/sankala-mahidhar/jackal_ws/install/jackal_helper/share/jackal_helper/worlds/BARN/path_files/path_230.npy
[1.837s] -- Symlinking: /home/sankala-mahidhar/jackal_ws/install/jackal_helper/share/jackal_helper/worlds/BARN/path_files/path_231.npy
[1.845s] -- Symlinking: /home/sankala-mahidhar/jackal_ws/install/jackal_helper/share/jackal_helper/worlds/BARN/path_files/path_232.npy
[1.855s] -- Symlinking: /home/sankala-mahidhar/jackal_ws/install/jackal_helper/share/jackal_helper/worlds/BARN/path_files/path_233.npy
[1.862s] -- Symlinking: /home/sankala-mahidhar/jackal_ws/install/jackal_helper/share/jackal_helper/worlds/BARN/path_files/path_234.npy
[1.870s] -- Symlinking: /home/sankala-mahidhar/jackal_ws/install/jackal_helper/share/jackal_helper/worlds/BARN/path_files/path_235.npy
[1.877s] -- Symlinking: /home/sankala-mahidhar/jackal_ws/install/jackal_helper/share/jackal_helper/worlds/BARN/path_files/path_236.npy
[1.885s] -- Symlinking: /home/sankala-mahidhar/jackal_ws/install/jackal_helper/share/jackal_helper/worlds/BARN/path_files/path_237.npy
[1.893s] -- Symlinking: /home/sankala-mahidhar/jackal_ws/install/jackal_helper/share/jackal_helper/worlds/BARN/path_files/path_238.npy
[1.901s] -- Symlinking: /home/sankala-mahidhar/jackal_ws/install/jackal_helper/share/jackal_helper/worlds/BARN/path_files/path_239.npy
[1.910s] -- Symlinking: /home/sankala-mahidhar/jackal_ws/install/jackal_helper/share/jackal_helper/worlds/BARN/path_files/path_24.npy
[1.920s] -- Symlinking: /home/sankala-mahidhar/jackal_ws/install/jackal_helper/share/jackal_helper/worlds/BARN/path_files/path_240.npy
[1.930s] -- Symlinking: /home/sankala-mahidhar/jackal_ws/install/jackal_helper/share/jackal_helper/worlds/BARN/path_files/path_241.npy
[1.938s] -- Symlinking: /home/sankala-mahidhar/jackal_ws/install/jackal_helper/share/jackal_helper/worlds/BARN/path_files/path_242.npy
[1.948s] -- Symlinking: /home/sankala-mahidhar/jackal_ws/install/jackal_helper/share/jackal_helper/worlds/BARN/path_files/path_243.npy
[1.957s] -- Symlinking: /home/sankala-mahidhar/jackal_ws/install/jackal_helper/share/jackal_helper/worlds/BARN/path_files/path_244.npy
[1.965s] -- Symlinking: /home/sankala-mahidhar/jackal_ws/install/jackal_helper/share/jackal_helper/worlds/BARN/path_files/path_245.npy
[1.974s] -- Symlinking: /home/sankala-mahidhar/jackal_ws/install/jackal_helper/share/jackal_helper/worlds/BARN/path_files/path_246.npy
[1.983s] -- Symlinking: /home/sankala-mahidhar/jackal_ws/install/jackal_helper/share/jackal_helper/worlds/BARN/path_files/path_247.npy
[1.990s] -- Symlinking: /home/sankala-mahidhar/jackal_ws/install/jackal_helper/share/jackal_helper/worlds/BARN/path_files/path_248.npy
[1.998s] -- Symlinking: /home/sankala-mahidhar/jackal_ws/install/jackal_helper/share/jackal_helper/worlds/BARN/path_files/path_249.npy
[2.008s] -- Symlinking: /home/sankala-mahidhar/jackal_ws/install/jackal_helper/share/jackal_helper/worlds/BARN/path_files/path_25.npy
[2.018s] -- Symlinking: /home/sankala-mahidhar/jackal_ws/install/jackal_helper/share/jackal_helper/worlds/BARN/path_files/path_250.npy
[2.028s] -- Symlinking: /home/sankala-mahidhar/jackal_ws/install/jackal_helper/share/jackal_helper/worlds/BARN/path_files/path_251.npy
[2.035s] -- Symlinking: /home/sankala-mahidhar/jackal_ws/install/jackal_helper/share/jackal_helper/worlds/BARN/path_files/path_252.npy
[2.045s] -- Symlinking: /home/sankala-mahidhar/jackal_ws/install/jackal_helper/share/jackal_helper/worlds/BARN/path_files/path_253.npy
[2.054s] -- Symlinking: /home/sankala-mahidhar/jackal_ws/install/jackal_helper/share/jackal_helper/worlds/BARN/path_files/path_254.npy
[2.063s] -- Symlinking: /home/sankala-mahidhar/jackal_ws/install/jackal_helper/share/jackal_helper/worlds/BARN/path_files/path_255.npy
[2.071s] -- Symlinking: /home/sankala-mahidhar/jackal_ws/install/jackal_helper/share/jackal_helper/worlds/BARN/path_files/path_256.npy
[2.079s] -- Symlinking: /home/sankala-mahidhar/jackal_ws/install/jackal_helper/share/jackal_helper/worlds/BARN/path_files/path_257.npy
[2.086s] -- Symlinking: /home/sankala-mahidhar/jackal_ws/install/jackal_helper/share/jackal_helper/worlds/BARN/path_files/path_258.npy
[2.094s] -- Symlinking: /home/sankala-mahidhar/jackal_ws/install/jackal_helper/share/jackal_helper/worlds/BARN/path_files/path_259.npy
[2.102s] -- Symlinking: /home/sankala-mahidhar/jackal_ws/install/jackal_helper/share/jackal_helper/worlds/BARN/path_files/path_26.npy
[2.114s] -- Symlinking: /home/sankala-mahidhar/jackal_ws/install/jackal_helper/share/jackal_helper/worlds/BARN/path_files/path_260.npy
[2.124s] -- Symlinking: /home/sankala-mahidhar/jackal_ws/install/jackal_helper/share/jackal_helper/worlds/BARN/path_files/path_261.npy
[2.132s] -- Symlinking: /home/sankala-mahidhar/jackal_ws/install/jackal_helper/share/jackal_helper/worlds/BARN/path_files/path_262.npy
[2.142s] -- Symlinking: /home/sankala-mahidhar/jackal_ws/install/jackal_helper/share/jackal_helper/worlds/BARN/path_files/path_263.npy
[2.151s] -- Symlinking: /home/sankala-mahidhar/jackal_ws/install/jackal_helper/share/jackal_helper/worlds/BARN/path_files/path_264.npy
[2.158s] -- Symlinking: /home/sankala-mahidhar/jackal_ws/install/jackal_helper/share/jackal_helper/worlds/BARN/path_files/path_265.npy
[2.166s] -- Symlinking: /home/sankala-mahidhar/jackal_ws/install/jackal_helper/share/jackal_helper/worlds/BARN/path_files/path_266.npy
[2.174s] -- Symlinking: /home/sankala-mahidhar/jackal_ws/install/jackal_helper/share/jackal_helper/worlds/BARN/path_files/path_267.npy
[2.182s] -- Symlinking: /home/sankala-mahidhar/jackal_ws/install/jackal_helper/share/jackal_helper/worlds/BARN/path_files/path_268.npy
[2.189s] -- Symlinking: /home/sankala-mahidhar/jackal_ws/install/jackal_helper/share/jackal_helper/worlds/BARN/path_files/path_269.npy
[2.197s] -- Symlinking: /home/sankala-mahidhar/jackal_ws/install/jackal_helper/share/jackal_helper/worlds/BARN/path_files/path_27.npy
[2.204s] -- Symlinking: /home/sankala-mahidhar/jackal_ws/install/jackal_helper/share/jackal_helper/worlds/BARN/path_files/path_270.npy
[2.216s] -- Symlinking: /home/sankala-mahidhar/jackal_ws/install/jackal_helper/share/jackal_helper/worlds/BARN/path_files/path_271.npy
[2.225s] -- Symlinking: /home/sankala-mahidhar/jackal_ws/install/jackal_helper/share/jackal_helper/worlds/BARN/path_files/path_272.npy
[2.233s] -- Symlinking: /home/sankala-mahidhar/jackal_ws/install/jackal_helper/share/jackal_helper/worlds/BARN/path_files/path_273.npy
[2.242s] -- Symlinking: /home/sankala-mahidhar/jackal_ws/install/jackal_helper/share/jackal_helper/worlds/BARN/path_files/path_274.npy
[2.251s] -- Symlinking: /home/sankala-mahidhar/jackal_ws/install/jackal_helper/share/jackal_helper/worlds/BARN/path_files/path_275.npy
[2.259s] -- Symlinking: /home/sankala-mahidhar/jackal_ws/install/jackal_helper/share/jackal_helper/worlds/BARN/path_files/path_276.npy
[2.268s] -- Symlinking: /home/sankala-mahidhar/jackal_ws/install/jackal_helper/share/jackal_helper/worlds/BARN/path_files/path_277.npy
[2.276s] -- Symlinking: /home/sankala-mahidhar/jackal_ws/install/jackal_helper/share/jackal_helper/worlds/BARN/path_files/path_278.npy
[2.285s] -- Symlinking: /home/sankala-mahidhar/jackal_ws/install/jackal_helper/share/jackal_helper/worlds/BARN/path_files/path_279.npy
[2.292s] -- Symlinking: /home/sankala-mahidhar/jackal_ws/install/jackal_helper/share/jackal_helper/worlds/BARN/path_files/path_28.npy
[2.301s] -- Symlinking: /home/sankala-mahidhar/jackal_ws/install/jackal_helper/share/jackal_helper/worlds/BARN/path_files/path_280.npy
[2.311s] -- Symlinking: /home/sankala-mahidhar/jackal_ws/install/jackal_helper/share/jackal_helper/worlds/BARN/path_files/path_281.npy
[2.321s] -- Symlinking: /home/sankala-mahidhar/jackal_ws/install/jackal_helper/share/jackal_helper/worlds/BARN/path_files/path_282.npy
[2.330s] -- Symlinking: /home/sankala-mahidhar/jackal_ws/install/jackal_helper/share/jackal_helper/worlds/BARN/path_files/path_283.npy
[2.339s] -- Symlinking: /home/sankala-mahidhar/jackal_ws/install/jackal_helper/share/jackal_helper/worlds/BARN/path_files/path_284.npy
[2.348s] -- Symlinking: /home/sankala-mahidhar/jackal_ws/install/jackal_helper/share/jackal_helper/worlds/BARN/path_files/path_285.npy
[2.357s] -- Symlinking: /home/sankala-mahidhar/jackal_ws/install/jackal_helper/share/jackal_helper/worlds/BARN/path_files/path_286.npy
[2.365s] -- Symlinking: /home/sankala-mahidhar/jackal_ws/install/jackal_helper/share/jackal_helper/worlds/BARN/path_files/path_287.npy
[2.373s] -- Symlinking: /home/sankala-mahidhar/jackal_ws/install/jackal_helper/share/jackal_helper/worlds/BARN/path_files/path_288.npy
[2.382s] -- Symlinking: /home/sankala-mahidhar/jackal_ws/install/jackal_helper/share/jackal_helper/worlds/BARN/path_files/path_289.npy
[2.391s] -- Symlinking: /home/sankala-mahidhar/jackal_ws/install/jackal_helper/share/jackal_helper/worlds/BARN/path_files/path_29.npy
[2.403s] -- Symlinking: /home/sankala-mahidhar/jackal_ws/install/jackal_helper/share/jackal_helper/worlds/BARN/path_files/path_290.npy
[2.415s] -- Symlinking: /home/sankala-mahidhar/jackal_ws/install/jackal_helper/share/jackal_helper/worlds/BARN/path_files/path_291.npy
[2.423s] -- Symlinking: /home/sankala-mahidhar/jackal_ws/install/jackal_helper/share/jackal_helper/worlds/BARN/path_files/path_292.npy
[2.432s] -- Symlinking: /home/sankala-mahidhar/jackal_ws/install/jackal_helper/share/jackal_helper/worlds/BARN/path_files/path_293.npy
[2.444s] -- Symlinking: /home/sankala-mahidhar/jackal_ws/install/jackal_helper/share/jackal_helper/worlds/BARN/path_files/path_294.npy
[2.454s] -- Symlinking: /home/sankala-mahidhar/jackal_ws/install/jackal_helper/share/jackal_helper/worlds/BARN/path_files/path_295.npy
[2.462s] -- Symlinking: /home/sankala-mahidhar/jackal_ws/install/jackal_helper/share/jackal_helper/worlds/BARN/path_files/path_296.npy
[2.470s] -- Symlinking: /home/sankala-mahidhar/jackal_ws/install/jackal_helper/share/jackal_helper/worlds/BARN/path_files/path_297.npy
[2.480s] -- Symlinking: /home/sankala-mahidhar/jackal_ws/install/jackal_helper/share/jackal_helper/worlds/BARN/path_files/path_298.npy
[2.490s] -- Symlinking: /home/sankala-mahidhar/jackal_ws/install/jackal_helper/share/jackal_helper/worlds/BARN/path_files/path_299.npy
[2.499s] -- Symlinking: /home/sankala-mahidhar/jackal_ws/install/jackal_helper/share/jackal_helper/worlds/BARN/path_files/path_3.npy
[2.508s] -- Symlinking: /home/sankala-mahidhar/jackal_ws/install/jackal_helper/share/jackal_helper/worlds/BARN/path_files/path_30.npy
[2.519s] -- Symlinking: /home/sankala-mahidhar/jackal_ws/install/jackal_helper/share/jackal_helper/worlds/BARN/path_files/path_31.npy
[2.527s] -- Symlinking: /home/sankala-mahidhar/jackal_ws/install/jackal_helper/share/jackal_helper/worlds/BARN/path_files/path_32.npy
[2.537s] -- Symlinking: /home/sankala-mahidhar/jackal_ws/install/jackal_helper/share/jackal_helper/worlds/BARN/path_files/path_33.npy
[2.546s] -- Symlinking: /home/sankala-mahidhar/jackal_ws/install/jackal_helper/share/jackal_helper/worlds/BARN/path_files/path_34.npy
[2.554s] -- Symlinking: /home/sankala-mahidhar/jackal_ws/install/jackal_helper/share/jackal_helper/worlds/BARN/path_files/path_35.npy
[2.563s] -- Symlinking: /home/sankala-mahidhar/jackal_ws/install/jackal_helper/share/jackal_helper/worlds/BARN/path_files/path_36.npy
[2.572s] -- Symlinking: /home/sankala-mahidhar/jackal_ws/install/jackal_helper/share/jackal_helper/worlds/BARN/path_files/path_37.npy
[2.580s] -- Symlinking: /home/sankala-mahidhar/jackal_ws/install/jackal_helper/share/jackal_helper/worlds/BARN/path_files/path_38.npy
[2.590s] -- Symlinking: /home/sankala-mahidhar/jackal_ws/install/jackal_helper/share/jackal_helper/worlds/BARN/path_files/path_39.npy
[2.599s] -- Symlinking: /home/sankala-mahidhar/jackal_ws/install/jackal_helper/share/jackal_helper/worlds/BARN/path_files/path_4.npy
[2.607s] -- Symlinking: /home/sankala-mahidhar/jackal_ws/install/jackal_helper/share/jackal_helper/worlds/BARN/path_files/path_40.npy
[2.617s] -- Symlinking: /home/sankala-mahidhar/jackal_ws/install/jackal_helper/share/jackal_helper/worlds/BARN/path_files/path_41.npy
[2.626s] -- Symlinking: /home/sankala-mahidhar/jackal_ws/install/jackal_helper/share/jackal_helper/worlds/BARN/path_files/path_42.npy
[2.636s] -- Symlinking: /home/sankala-mahidhar/jackal_ws/install/jackal_helper/share/jackal_helper/worlds/BARN/path_files/path_43.npy
[2.645s] -- Symlinking: /home/sankala-mahidhar/jackal_ws/install/jackal_helper/share/jackal_helper/worlds/BARN/path_files/path_44.npy
[2.654s] -- Symlinking: /home/sankala-mahidhar/jackal_ws/install/jackal_helper/share/jackal_helper/worlds/BARN/path_files/path_45.npy
[2.662s] -- Symlinking: /home/sankala-mahidhar/jackal_ws/install/jackal_helper/share/jackal_helper/worlds/BARN/path_files/path_46.npy
[2.669s] -- Symlinking: /home/sankala-mahidhar/jackal_ws/install/jackal_helper/share/jackal_helper/worlds/BARN/path_files/path_47.npy
[2.677s] -- Symlinking: /home/sankala-mahidhar/jackal_ws/install/jackal_helper/share/jackal_helper/worlds/BARN/path_files/path_48.npy
[2.686s] -- Symlinking: /home/sankala-mahidhar/jackal_ws/install/jackal_helper/share/jackal_helper/worlds/BARN/path_files/path_49.npy
[2.695s] -- Symlinking: /home/sankala-mahidhar/jackal_ws/install/jackal_helper/share/jackal_helper/worlds/BARN/path_files/path_5.npy
[2.702s] -- Symlinking: /home/sankala-mahidhar/jackal_ws/install/jackal_helper/share/jackal_helper/worlds/BARN/path_files/path_50.npy
[2.713s] -- Symlinking: /home/sankala-mahidhar/jackal_ws/install/jackal_helper/share/jackal_helper/worlds/BARN/path_files/path_51.npy
[2.722s] -- Symlinking: /home/sankala-mahidhar/jackal_ws/install/jackal_helper/share/jackal_helper/worlds/BARN/path_files/path_52.npy
[2.729s] -- Symlinking: /home/sankala-mahidhar/jackal_ws/install/jackal_helper/share/jackal_helper/worlds/BARN/path_files/path_53.npy
[2.738s] -- Symlinking: /home/sankala-mahidhar/jackal_ws/install/jackal_helper/share/jackal_helper/worlds/BARN/path_files/path_54.npy
[2.747s] -- Symlinking: /home/sankala-mahidhar/jackal_ws/install/jackal_helper/share/jackal_helper/worlds/BARN/path_files/path_55.npy
[2.757s] -- Symlinking: /home/sankala-mahidhar/jackal_ws/install/jackal_helper/share/jackal_helper/worlds/BARN/path_files/path_56.npy
[2.767s] -- Symlinking: /home/sankala-mahidhar/jackal_ws/install/jackal_helper/share/jackal_helper/worlds/BARN/path_files/path_57.npy
[2.775s] -- Symlinking: /home/sankala-mahidhar/jackal_ws/install/jackal_helper/share/jackal_helper/worlds/BARN/path_files/path_58.npy
[2.786s] -- Symlinking: /home/sankala-mahidhar/jackal_ws/install/jackal_helper/share/jackal_helper/worlds/BARN/path_files/path_59.npy
[2.794s] -- Symlinking: /home/sankala-mahidhar/jackal_ws/install/jackal_helper/share/jackal_helper/worlds/BARN/path_files/path_6.npy
[2.802s] -- Symlinking: /home/sankala-mahidhar/jackal_ws/install/jackal_helper/share/jackal_helper/worlds/BARN/path_files/path_60.npy
[2.812s] -- Symlinking: /home/sankala-mahidhar/jackal_ws/install/jackal_helper/share/jackal_helper/worlds/BARN/path_files/path_61.npy
[2.822s] -- Symlinking: /home/sankala-mahidhar/jackal_ws/install/jackal_helper/share/jackal_helper/worlds/BARN/path_files/path_62.npy
[2.829s] -- Symlinking: /home/sankala-mahidhar/jackal_ws/install/jackal_helper/share/jackal_helper/worlds/BARN/path_files/path_63.npy
[2.840s] -- Symlinking: /home/sankala-mahidhar/jackal_ws/install/jackal_helper/share/jackal_helper/worlds/BARN/path_files/path_64.npy
[2.850s] -- Symlinking: /home/sankala-mahidhar/jackal_ws/install/jackal_helper/share/jackal_helper/worlds/BARN/path_files/path_65.npy
[2.858s] -- Symlinking: /home/sankala-mahidhar/jackal_ws/install/jackal_helper/share/jackal_helper/worlds/BARN/path_files/path_66.npy
[2.867s] -- Symlinking: /home/sankala-mahidhar/jackal_ws/install/jackal_helper/share/jackal_helper/worlds/BARN/path_files/path_67.npy
[2.876s] -- Symlinking: /home/sankala-mahidhar/jackal_ws/install/jackal_helper/share/jackal_helper/worlds/BARN/path_files/path_68.npy
[2.885s] -- Symlinking: /home/sankala-mahidhar/jackal_ws/install/jackal_helper/share/jackal_helper/worlds/BARN/path_files/path_69.npy
[2.892s] -- Symlinking: /home/sankala-mahidhar/jackal_ws/install/jackal_helper/share/jackal_helper/worlds/BARN/path_files/path_7.npy
[2.900s] -- Symlinking: /home/sankala-mahidhar/jackal_ws/install/jackal_helper/share/jackal_helper/worlds/BARN/path_files/path_70.npy
[2.909s] -- Symlinking: /home/sankala-mahidhar/jackal_ws/install/jackal_helper/share/jackal_helper/worlds/BARN/path_files/path_71.npy
[2.920s] -- Symlinking: /home/sankala-mahidhar/jackal_ws/install/jackal_helper/share/jackal_helper/worlds/BARN/path_files/path_72.npy
[2.929s] -- Symlinking: /home/sankala-mahidhar/jackal_ws/install/jackal_helper/share/jackal_helper/worlds/BARN/path_files/path_73.npy
[2.937s] -- Symlinking: /home/sankala-mahidhar/jackal_ws/install/jackal_helper/share/jackal_helper/worlds/BARN/path_files/path_74.npy
[2.946s] -- Symlinking: /home/sankala-mahidhar/jackal_ws/install/jackal_helper/share/jackal_helper/worlds/BARN/path_files/path_75.npy
[2.954s] -- Symlinking: /home/sankala-mahidhar/jackal_ws/install/jackal_helper/share/jackal_helper/worlds/BARN/path_files/path_76.npy
[2.962s] -- Symlinking: /home/sankala-mahidhar/jackal_ws/install/jackal_helper/share/jackal_helper/worlds/BARN/path_files/path_77.npy
[2.971s] -- Symlinking: /home/sankala-mahidhar/jackal_ws/install/jackal_helper/share/jackal_helper/worlds/BARN/path_files/path_78.npy
[2.980s] -- Symlinking: /home/sankala-mahidhar/jackal_ws/install/jackal_helper/share/jackal_helper/worlds/BARN/path_files/path_79.npy
[2.988s] -- Symlinking: /home/sankala-mahidhar/jackal_ws/install/jackal_helper/share/jackal_helper/worlds/BARN/path_files/path_8.npy
[2.995s] -- Symlinking: /home/sankala-mahidhar/jackal_ws/install/jackal_helper/share/jackal_helper/worlds/BARN/path_files/path_80.npy
[3.003s] -- Symlinking: /home/sankala-mahidhar/jackal_ws/install/jackal_helper/share/jackal_helper/worlds/BARN/path_files/path_81.npy
[3.013s] -- Symlinking: /home/sankala-mahidhar/jackal_ws/install/jackal_helper/share/jackal_helper/worlds/BARN/path_files/path_82.npy
[3.021s] -- Symlinking: /home/sankala-mahidhar/jackal_ws/install/jackal_helper/share/jackal_helper/worlds/BARN/path_files/path_83.npy
[3.029s] -- Symlinking: /home/sankala-mahidhar/jackal_ws/install/jackal_helper/share/jackal_helper/worlds/BARN/path_files/path_84.npy
[3.037s] -- Symlinking: /home/sankala-mahidhar/jackal_ws/install/jackal_helper/share/jackal_helper/worlds/BARN/path_files/path_85.npy
[3.045s] -- Symlinking: /home/sankala-mahidhar/jackal_ws/install/jackal_helper/share/jackal_helper/worlds/BARN/path_files/path_86.npy
[3.052s] -- Symlinking: /home/sankala-mahidhar/jackal_ws/install/jackal_helper/share/jackal_helper/worlds/BARN/path_files/path_87.npy
[3.061s] -- Symlinking: /home/sankala-mahidhar/jackal_ws/install/jackal_helper/share/jackal_helper/worlds/BARN/path_files/path_88.npy
[3.068s] -- Symlinking: /home/sankala-mahidhar/jackal_ws/install/jackal_helper/share/jackal_helper/worlds/BARN/path_files/path_89.npy
[3.076s] -- Symlinking: /home/sankala-mahidhar/jackal_ws/install/jackal_helper/share/jackal_helper/worlds/BARN/path_files/path_9.npy
[3.085s] -- Symlinking: /home/sankala-mahidhar/jackal_ws/install/jackal_helper/share/jackal_helper/worlds/BARN/path_files/path_90.npy
[3.091s] -- Symlinking: /home/sankala-mahidhar/jackal_ws/install/jackal_helper/share/jackal_helper/worlds/BARN/path_files/path_91.npy
[3.098s] -- Symlinking: /home/sankala-mahidhar/jackal_ws/install/jackal_helper/share/jackal_helper/worlds/BARN/path_files/path_92.npy
[3.105s] -- Symlinking: /home/sankala-mahidhar/jackal_ws/install/jackal_helper/share/jackal_helper/worlds/BARN/path_files/path_93.npy
[3.116s] -- Symlinking: /home/sankala-mahidhar/jackal_ws/install/jackal_helper/share/jackal_helper/worlds/BARN/path_files/path_94.npy
[3.124s] -- Symlinking: /home/sankala-mahidhar/jackal_ws/install/jackal_helper/share/jackal_helper/worlds/BARN/path_files/path_95.npy
[3.133s] -- Symlinking: /home/sankala-mahidhar/jackal_ws/install/jackal_helper/share/jackal_helper/worlds/BARN/path_files/path_96.npy
[3.141s] -- Symlinking: /home/sankala-mahidhar/jackal_ws/install/jackal_helper/share/jackal_helper/worlds/BARN/path_files/path_97.npy
[3.149s] -- Symlinking: /home/sankala-mahidhar/jackal_ws/install/jackal_helper/share/jackal_helper/worlds/BARN/path_files/path_98.npy
[3.157s] -- Symlinking: /home/sankala-mahidhar/jackal_ws/install/jackal_helper/share/jackal_helper/worlds/BARN/path_files/path_99.npy
[3.165s] -- Symlinking: /home/sankala-mahidhar/jackal_ws/install/jackal_helper/share/jackal_helper/worlds/BARN/world_0.world
[3.173s] -- Symlinking: /home/sankala-mahidhar/jackal_ws/install/jackal_helper/share/jackal_helper/worlds/BARN/world_1.world
[3.180s] -- Symlinking: /home/sankala-mahidhar/jackal_ws/install/jackal_helper/share/jackal_helper/worlds/BARN/world_10.world
[3.189s] -- Symlinking: /home/sankala-mahidhar/jackal_ws/install/jackal_helper/share/jackal_helper/worlds/BARN/world_100.world
[3.196s] -- Symlinking: /home/sankala-mahidhar/jackal_ws/install/jackal_helper/share/jackal_helper/worlds/BARN/world_101.world
[3.203s] -- Symlinking: /home/sankala-mahidhar/jackal_ws/install/jackal_helper/share/jackal_helper/worlds/BARN/world_102.world
[3.213s] -- Symlinking: /home/sankala-mahidhar/jackal_ws/install/jackal_helper/share/jackal_helper/worlds/BARN/world_103.world
[3.222s] -- Symlinking: /home/sankala-mahidhar/jackal_ws/install/jackal_helper/share/jackal_helper/worlds/BARN/world_104.world
[3.230s] -- Symlinking: /home/sankala-mahidhar/jackal_ws/install/jackal_helper/share/jackal_helper/worlds/BARN/world_105.world
[3.238s] -- Symlinking: /home/sankala-mahidhar/jackal_ws/install/jackal_helper/share/jackal_helper/worlds/BARN/world_106.world
[3.245s] -- Symlinking: /home/sankala-mahidhar/jackal_ws/install/jackal_helper/share/jackal_helper/worlds/BARN/world_107.world
[3.253s] -- Symlinking: /home/sankala-mahidhar/jackal_ws/install/jackal_helper/share/jackal_helper/worlds/BARN/world_108.world
[3.261s] -- Symlinking: /home/sankala-mahidhar/jackal_ws/install/jackal_helper/share/jackal_helper/worlds/BARN/world_109.world
[3.269s] -- Symlinking: /home/sankala-mahidhar/jackal_ws/install/jackal_helper/share/jackal_helper/worlds/BARN/world_11.world
[3.277s] -- Symlinking: /home/sankala-mahidhar/jackal_ws/install/jackal_helper/share/jackal_helper/worlds/BARN/world_110.world
[3.284s] -- Symlinking: /home/sankala-mahidhar/jackal_ws/install/jackal_helper/share/jackal_helper/worlds/BARN/world_111.world
[3.292s] -- Symlinking: /home/sankala-mahidhar/jackal_ws/install/jackal_helper/share/jackal_helper/worlds/BARN/world_112.world
[3.299s] -- Symlinking: /home/sankala-mahidhar/jackal_ws/install/jackal_helper/share/jackal_helper/worlds/BARN/world_113.world
[3.307s] -- Symlinking: /home/sankala-mahidhar/jackal_ws/install/jackal_helper/share/jackal_helper/worlds/BARN/world_114.world
[3.316s] -- Symlinking: /home/sankala-mahidhar/jackal_ws/install/jackal_helper/share/jackal_helper/worlds/BARN/world_115.world
[3.325s] -- Symlinking: /home/sankala-mahidhar/jackal_ws/install/jackal_helper/share/jackal_helper/worlds/BARN/world_116.world
[3.332s] -- Symlinking: /home/sankala-mahidhar/jackal_ws/install/jackal_helper/share/jackal_helper/worlds/BARN/world_117.world
[3.340s] -- Symlinking: /home/sankala-mahidhar/jackal_ws/install/jackal_helper/share/jackal_helper/worlds/BARN/world_118.world
[3.348s] -- Symlinking: /home/sankala-mahidhar/jackal_ws/install/jackal_helper/share/jackal_helper/worlds/BARN/world_119.world
[3.357s] -- Symlinking: /home/sankala-mahidhar/jackal_ws/install/jackal_helper/share/jackal_helper/worlds/BARN/world_12.world
[3.364s] -- Symlinking: /home/sankala-mahidhar/jackal_ws/install/jackal_helper/share/jackal_helper/worlds/BARN/world_120.world
[3.371s] -- Symlinking: /home/sankala-mahidhar/jackal_ws/install/jackal_helper/share/jackal_helper/worlds/BARN/world_121.world
[3.380s] -- Symlinking: /home/sankala-mahidhar/jackal_ws/install/jackal_helper/share/jackal_helper/worlds/BARN/world_122.world
[3.388s] -- Symlinking: /home/sankala-mahidhar/jackal_ws/install/jackal_helper/share/jackal_helper/worlds/BARN/world_123.world
[3.396s] -- Symlinking: /home/sankala-mahidhar/jackal_ws/install/jackal_helper/share/jackal_helper/worlds/BARN/world_124.world
[3.403s] -- Symlinking: /home/sankala-mahidhar/jackal_ws/install/jackal_helper/share/jackal_helper/worlds/BARN/world_125.world
[3.412s] -- Symlinking: /home/sankala-mahidhar/jackal_ws/install/jackal_helper/share/jackal_helper/worlds/BARN/world_126.world
[3.420s] -- Symlinking: /home/sankala-mahidhar/jackal_ws/install/jackal_helper/share/jackal_helper/worlds/BARN/world_127.world
[3.428s] -- Symlinking: /home/sankala-mahidhar/jackal_ws/install/jackal_helper/share/jackal_helper/worlds/BARN/world_128.world
[3.436s] -- Symlinking: /home/sankala-mahidhar/jackal_ws/install/jackal_helper/share/jackal_helper/worlds/BARN/world_129.world
[3.444s] -- Symlinking: /home/sankala-mahidhar/jackal_ws/install/jackal_helper/share/jackal_helper/worlds/BARN/world_13.world
[3.451s] -- Symlinking: /home/sankala-mahidhar/jackal_ws/install/jackal_helper/share/jackal_helper/worlds/BARN/world_130.world
[3.459s] -- Symlinking: /home/sankala-mahidhar/jackal_ws/install/jackal_helper/share/jackal_helper/worlds/BARN/world_131.world
[3.469s] -- Symlinking: /home/sankala-mahidhar/jackal_ws/install/jackal_helper/share/jackal_helper/worlds/BARN/world_132.world
[3.477s] -- Symlinking: /home/sankala-mahidhar/jackal_ws/install/jackal_helper/share/jackal_helper/worlds/BARN/world_133.world
[3.485s] -- Symlinking: /home/sankala-mahidhar/jackal_ws/install/jackal_helper/share/jackal_helper/worlds/BARN/world_134.world
[3.493s] -- Symlinking: /home/sankala-mahidhar/jackal_ws/install/jackal_helper/share/jackal_helper/worlds/BARN/world_135.world
[3.501s] -- Symlinking: /home/sankala-mahidhar/jackal_ws/install/jackal_helper/share/jackal_helper/worlds/BARN/world_136.world
[3.509s] -- Symlinking: /home/sankala-mahidhar/jackal_ws/install/jackal_helper/share/jackal_helper/worlds/BARN/world_137.world
[3.518s] -- Symlinking: /home/sankala-mahidhar/jackal_ws/install/jackal_helper/share/jackal_helper/worlds/BARN/world_138.world
[3.526s] -- Symlinking: /home/sankala-mahidhar/jackal_ws/install/jackal_helper/share/jackal_helper/worlds/BARN/world_139.world
[3.536s] -- Symlinking: /home/sankala-mahidhar/jackal_ws/install/jackal_helper/share/jackal_helper/worlds/BARN/world_14.world
[3.544s] -- Symlinking: /home/sankala-mahidhar/jackal_ws/install/jackal_helper/share/jackal_helper/worlds/BARN/world_140.world
[3.552s] -- Symlinking: /home/sankala-mahidhar/jackal_ws/install/jackal_helper/share/jackal_helper/worlds/BARN/world_141.world
[3.559s] -- Symlinking: /home/sankala-mahidhar/jackal_ws/install/jackal_helper/share/jackal_helper/worlds/BARN/world_142.world
[3.567s] -- Symlinking: /home/sankala-mahidhar/jackal_ws/install/jackal_helper/share/jackal_helper/worlds/BARN/world_143.world
[3.576s] -- Symlinking: /home/sankala-mahidhar/jackal_ws/install/jackal_helper/share/jackal_helper/worlds/BARN/world_144.world
[3.585s] -- Symlinking: /home/sankala-mahidhar/jackal_ws/install/jackal_helper/share/jackal_helper/worlds/BARN/world_145.world
[3.593s] -- Symlinking: /home/sankala-mahidhar/jackal_ws/install/jackal_helper/share/jackal_helper/worlds/BARN/world_146.world
[3.600s] -- Symlinking: /home/sankala-mahidhar/jackal_ws/install/jackal_helper/share/jackal_helper/worlds/BARN/world_147.world
[3.609s] -- Symlinking: /home/sankala-mahidhar/jackal_ws/install/jackal_helper/share/jackal_helper/worlds/BARN/world_148.world
[3.618s] -- Symlinking: /home/sankala-mahidhar/jackal_ws/install/jackal_helper/share/jackal_helper/worlds/BARN/world_149.world
[3.628s] -- Symlinking: /home/sankala-mahidhar/jackal_ws/install/jackal_helper/share/jackal_helper/worlds/BARN/world_15.world
[3.637s] -- Symlinking: /home/sankala-mahidhar/jackal_ws/install/jackal_helper/share/jackal_helper/worlds/BARN/world_150.world
[3.645s] -- Symlinking: /home/sankala-mahidhar/jackal_ws/install/jackal_helper/share/jackal_helper/worlds/BARN/world_151.world
[3.655s] -- Symlinking: /home/sankala-mahidhar/jackal_ws/install/jackal_helper/share/jackal_helper/worlds/BARN/world_152.world
[3.663s] -- Symlinking: /home/sankala-mahidhar/jackal_ws/install/jackal_helper/share/jackal_helper/worlds/BARN/world_153.world
[3.670s] -- Symlinking: /home/sankala-mahidhar/jackal_ws/install/jackal_helper/share/jackal_helper/worlds/BARN/world_154.world
[3.678s] -- Symlinking: /home/sankala-mahidhar/jackal_ws/install/jackal_helper/share/jackal_helper/worlds/BARN/world_155.world
[3.686s] -- Symlinking: /home/sankala-mahidhar/jackal_ws/install/jackal_helper/share/jackal_helper/worlds/BARN/world_156.world
[3.693s] -- Symlinking: /home/sankala-mahidhar/jackal_ws/install/jackal_helper/share/jackal_helper/worlds/BARN/world_157.world
[3.700s] -- Symlinking: /home/sankala-mahidhar/jackal_ws/install/jackal_helper/share/jackal_helper/worlds/BARN/world_158.world
[3.710s] -- Symlinking: /home/sankala-mahidhar/jackal_ws/install/jackal_helper/share/jackal_helper/worlds/BARN/world_159.world
[3.720s] -- Symlinking: /home/sankala-mahidhar/jackal_ws/install/jackal_helper/share/jackal_helper/worlds/BARN/world_16.world
[3.728s] -- Symlinking: /home/sankala-mahidhar/jackal_ws/install/jackal_helper/share/jackal_helper/worlds/BARN/world_160.world
[3.739s] -- Symlinking: /home/sankala-mahidhar/jackal_ws/install/jackal_helper/share/jackal_helper/worlds/BARN/world_161.world
[3.747s] -- Symlinking: /home/sankala-mahidhar/jackal_ws/install/jackal_helper/share/jackal_helper/worlds/BARN/world_162.world
[3.754s] -- Symlinking: /home/sankala-mahidhar/jackal_ws/install/jackal_helper/share/jackal_helper/worlds/BARN/world_163.world
[3.762s] -- Symlinking: /home/sankala-mahidhar/jackal_ws/install/jackal_helper/share/jackal_helper/worlds/BARN/world_164.world
[3.770s] -- Symlinking: /home/sankala-mahidhar/jackal_ws/install/jackal_helper/share/jackal_helper/worlds/BARN/world_165.world
[3.777s] -- Symlinking: /home/sankala-mahidhar/jackal_ws/install/jackal_helper/share/jackal_helper/worlds/BARN/world_166.world
[3.785s] -- Symlinking: /home/sankala-mahidhar/jackal_ws/install/jackal_helper/share/jackal_helper/worlds/BARN/world_167.world
[3.792s] -- Symlinking: /home/sankala-mahidhar/jackal_ws/install/jackal_helper/share/jackal_helper/worlds/BARN/world_168.world
[3.800s] -- Symlinking: /home/sankala-mahidhar/jackal_ws/install/jackal_helper/share/jackal_helper/worlds/BARN/world_169.world
[3.808s] -- Symlinking: /home/sankala-mahidhar/jackal_ws/install/jackal_helper/share/jackal_helper/worlds/BARN/world_17.world
[3.817s] -- Symlinking: /home/sankala-mahidhar/jackal_ws/install/jackal_helper/share/jackal_helper/worlds/BARN/world_170.world
[3.825s] -- Symlinking: /home/sankala-mahidhar/jackal_ws/install/jackal_helper/share/jackal_helper/worlds/BARN/world_171.world
[3.835s] -- Symlinking: /home/sankala-mahidhar/jackal_ws/install/jackal_helper/share/jackal_helper/worlds/BARN/world_172.world
[3.844s] -- Symlinking: /home/sankala-mahidhar/jackal_ws/install/jackal_helper/share/jackal_helper/worlds/BARN/world_173.world
[3.853s] -- Symlinking: /home/sankala-mahidhar/jackal_ws/install/jackal_helper/share/jackal_helper/worlds/BARN/world_174.world
[3.861s] -- Symlinking: /home/sankala-mahidhar/jackal_ws/install/jackal_helper/share/jackal_helper/worlds/BARN/world_175.world
[3.871s] -- Symlinking: /home/sankala-mahidhar/jackal_ws/install/jackal_helper/share/jackal_helper/worlds/BARN/world_176.world
[3.879s] -- Symlinking: /home/sankala-mahidhar/jackal_ws/install/jackal_helper/share/jackal_helper/worlds/BARN/world_177.world
[3.887s] -- Symlinking: /home/sankala-mahidhar/jackal_ws/install/jackal_helper/share/jackal_helper/worlds/BARN/world_178.world
[3.894s] -- Symlinking: /home/sankala-mahidhar/jackal_ws/install/jackal_helper/share/jackal_helper/worlds/BARN/world_179.world
[3.902s] -- Symlinking: /home/sankala-mahidhar/jackal_ws/install/jackal_helper/share/jackal_helper/worlds/BARN/world_18.world
[3.912s] -- Symlinking: /home/sankala-mahidhar/jackal_ws/install/jackal_helper/share/jackal_helper/worlds/BARN/world_180.world
[3.920s] -- Symlinking: /home/sankala-mahidhar/jackal_ws/install/jackal_helper/share/jackal_helper/worlds/BARN/world_181.world
[3.929s] -- Symlinking: /home/sankala-mahidhar/jackal_ws/install/jackal_helper/share/jackal_helper/worlds/BARN/world_182.world
[3.938s] -- Symlinking: /home/sankala-mahidhar/jackal_ws/install/jackal_helper/share/jackal_helper/worlds/BARN/world_183.world
[3.946s] -- Symlinking: /home/sankala-mahidhar/jackal_ws/install/jackal_helper/share/jackal_helper/worlds/BARN/world_184.world
[3.955s] -- Symlinking: /home/sankala-mahidhar/jackal_ws/install/jackal_helper/share/jackal_helper/worlds/BARN/world_185.world
[3.962s] -- Symlinking: /home/sankala-mahidhar/jackal_ws/install/jackal_helper/share/jackal_helper/worlds/BARN/world_186.world
[3.970s] -- Symlinking: /home/sankala-mahidhar/jackal_ws/install/jackal_helper/share/jackal_helper/worlds/BARN/world_187.world
[3.977s] -- Symlinking: /home/sankala-mahidhar/jackal_ws/install/jackal_helper/share/jackal_helper/worlds/BARN/world_188.world
[3.985s] -- Symlinking: /home/sankala-mahidhar/jackal_ws/install/jackal_helper/share/jackal_helper/worlds/BARN/world_189.world
[3.993s] -- Symlinking: /home/sankala-mahidhar/jackal_ws/install/jackal_helper/share/jackal_helper/worlds/BARN/world_19.world
[4.001s] -- Symlinking: /home/sankala-mahidhar/jackal_ws/install/jackal_helper/share/jackal_helper/worlds/BARN/world_190.world
[4.009s] -- Symlinking: /home/sankala-mahidhar/jackal_ws/install/jackal_helper/share/jackal_helper/worlds/BARN/world_191.world
[4.019s] -- Symlinking: /home/sankala-mahidhar/jackal_ws/install/jackal_helper/share/jackal_helper/worlds/BARN/world_192.world
[4.026s] -- Symlinking: /home/sankala-mahidhar/jackal_ws/install/jackal_helper/share/jackal_helper/worlds/BARN/world_193.world
[4.035s] -- Symlinking: /home/sankala-mahidhar/jackal_ws/install/jackal_helper/share/jackal_helper/worlds/BARN/world_194.world
[4.043s] -- Symlinking: /home/sankala-mahidhar/jackal_ws/install/jackal_helper/share/jackal_helper/worlds/BARN/world_195.world
[4.051s] -- Symlinking: /home/sankala-mahidhar/jackal_ws/install/jackal_helper/share/jackal_helper/worlds/BARN/world_196.world
[4.058s] -- Symlinking: /home/sankala-mahidhar/jackal_ws/install/jackal_helper/share/jackal_helper/worlds/BARN/world_197.world
[4.067s] -- Symlinking: /home/sankala-mahidhar/jackal_ws/install/jackal_helper/share/jackal_helper/worlds/BARN/world_198.world
[4.074s] -- Symlinking: /home/sankala-mahidhar/jackal_ws/install/jackal_helper/share/jackal_helper/worlds/BARN/world_199.world
[4.082s] -- Symlinking: /home/sankala-mahidhar/jackal_ws/install/jackal_helper/share/jackal_helper/worlds/BARN/world_2.world
[4.090s] -- Symlinking: /home/sankala-mahidhar/jackal_ws/install/jackal_helper/share/jackal_helper/worlds/BARN/world_20.world
[4.098s] -- Symlinking: /home/sankala-mahidhar/jackal_ws/install/jackal_helper/share/jackal_helper/worlds/BARN/world_200.world
[4.106s] -- Symlinking: /home/sankala-mahidhar/jackal_ws/install/jackal_helper/share/jackal_helper/worlds/BARN/world_201.world
[4.114s] -- Symlinking: /home/sankala-mahidhar/jackal_ws/install/jackal_helper/share/jackal_helper/worlds/BARN/world_202.world
[4.123s] -- Symlinking: /home/sankala-mahidhar/jackal_ws/install/jackal_helper/share/jackal_helper/worlds/BARN/world_203.world
[4.132s] -- Symlinking: /home/sankala-mahidhar/jackal_ws/install/jackal_helper/share/jackal_helper/worlds/BARN/world_204.world
[4.139s] -- Symlinking: /home/sankala-mahidhar/jackal_ws/install/jackal_helper/share/jackal_helper/worlds/BARN/world_205.world
[4.148s] -- Symlinking: /home/sankala-mahidhar/jackal_ws/install/jackal_helper/share/jackal_helper/worlds/BARN/world_206.world
[4.155s] -- Symlinking: /home/sankala-mahidhar/jackal_ws/install/jackal_helper/share/jackal_helper/worlds/BARN/world_207.world
[4.163s] -- Symlinking: /home/sankala-mahidhar/jackal_ws/install/jackal_helper/share/jackal_helper/worlds/BARN/world_208.world
[4.172s] -- Symlinking: /home/sankala-mahidhar/jackal_ws/install/jackal_helper/share/jackal_helper/worlds/BARN/world_209.world
[4.180s] -- Symlinking: /home/sankala-mahidhar/jackal_ws/install/jackal_helper/share/jackal_helper/worlds/BARN/world_21.world
[4.187s] -- Symlinking: /home/sankala-mahidhar/jackal_ws/install/jackal_helper/share/jackal_helper/worlds/BARN/world_210.world
[4.196s] -- Symlinking: /home/sankala-mahidhar/jackal_ws/install/jackal_helper/share/jackal_helper/worlds/BARN/world_211.world
[4.203s] -- Symlinking: /home/sankala-mahidhar/jackal_ws/install/jackal_helper/share/jackal_helper/worlds/BARN/world_212.world
[4.212s] -- Symlinking: /home/sankala-mahidhar/jackal_ws/install/jackal_helper/share/jackal_helper/worlds/BARN/world_213.world
[4.222s] -- Symlinking: /home/sankala-mahidhar/jackal_ws/install/jackal_helper/share/jackal_helper/worlds/BARN/world_214.world
[4.230s] -- Symlinking: /home/sankala-mahidhar/jackal_ws/install/jackal_helper/share/jackal_helper/worlds/BARN/world_215.world
[4.237s] -- Symlinking: /home/sankala-mahidhar/jackal_ws/install/jackal_helper/share/jackal_helper/worlds/BARN/world_216.world
[4.244s] -- Symlinking: /home/sankala-mahidhar/jackal_ws/install/jackal_helper/share/jackal_helper/worlds/BARN/world_217.world
[4.252s] -- Symlinking: /home/sankala-mahidhar/jackal_ws/install/jackal_helper/share/jackal_helper/worlds/BARN/world_218.world
[4.260s] -- Symlinking: /home/sankala-mahidhar/jackal_ws/install/jackal_helper/share/jackal_helper/worlds/BARN/world_219.world
[4.268s] -- Symlinking: /home/sankala-mahidhar/jackal_ws/install/jackal_helper/share/jackal_helper/worlds/BARN/world_22.world
[4.276s] -- Symlinking: /home/sankala-mahidhar/jackal_ws/install/jackal_helper/share/jackal_helper/worlds/BARN/world_220.world
[4.283s] -- Symlinking: /home/sankala-mahidhar/jackal_ws/install/jackal_helper/share/jackal_helper/worlds/BARN/world_221.world
[4.291s] -- Symlinking: /home/sankala-mahidhar/jackal_ws/install/jackal_helper/share/jackal_helper/worlds/BARN/world_222.world
[4.298s] -- Symlinking: /home/sankala-mahidhar/jackal_ws/install/jackal_helper/share/jackal_helper/worlds/BARN/world_223.world
[4.305s] -- Symlinking: /home/sankala-mahidhar/jackal_ws/install/jackal_helper/share/jackal_helper/worlds/BARN/world_224.world
[4.314s] -- Symlinking: /home/sankala-mahidhar/jackal_ws/install/jackal_helper/share/jackal_helper/worlds/BARN/world_225.world
[4.321s] -- Symlinking: /home/sankala-mahidhar/jackal_ws/install/jackal_helper/share/jackal_helper/worlds/BARN/world_226.world
[4.330s] -- Symlinking: /home/sankala-mahidhar/jackal_ws/install/jackal_helper/share/jackal_helper/worlds/BARN/world_227.world
[4.338s] -- Symlinking: /home/sankala-mahidhar/jackal_ws/install/jackal_helper/share/jackal_helper/worlds/BARN/world_228.world
[4.347s] -- Symlinking: /home/sankala-mahidhar/jackal_ws/install/jackal_helper/share/jackal_helper/worlds/BARN/world_229.world
[4.357s] -- Symlinking: /home/sankala-mahidhar/jackal_ws/install/jackal_helper/share/jackal_helper/worlds/BARN/world_23.world
[4.365s] -- Symlinking: /home/sankala-mahidhar/jackal_ws/install/jackal_helper/share/jackal_helper/worlds/BARN/world_230.world
[4.373s] -- Symlinking: /home/sankala-mahidhar/jackal_ws/install/jackal_helper/share/jackal_helper/worlds/BARN/world_231.world
[4.381s] -- Symlinking: /home/sankala-mahidhar/jackal_ws/install/jackal_helper/share/jackal_helper/worlds/BARN/world_232.world
[4.389s] -- Symlinking: /home/sankala-mahidhar/jackal_ws/install/jackal_helper/share/jackal_helper/worlds/BARN/world_233.world
[4.397s] -- Symlinking: /home/sankala-mahidhar/jackal_ws/install/jackal_helper/share/jackal_helper/worlds/BARN/world_234.world
[4.404s] -- Symlinking: /home/sankala-mahidhar/jackal_ws/install/jackal_helper/share/jackal_helper/worlds/BARN/world_235.world
[4.412s] -- Symlinking: /home/sankala-mahidhar/jackal_ws/install/jackal_helper/share/jackal_helper/worlds/BARN/world_236.world
[4.421s] -- Symlinking: /home/sankala-mahidhar/jackal_ws/install/jackal_helper/share/jackal_helper/worlds/BARN/world_237.world
[4.430s] -- Symlinking: /home/sankala-mahidhar/jackal_ws/install/jackal_helper/share/jackal_helper/worlds/BARN/world_238.world
[4.438s] -- Symlinking: /home/sankala-mahidhar/jackal_ws/install/jackal_helper/share/jackal_helper/worlds/BARN/world_239.world
[4.445s] -- Symlinking: /home/sankala-mahidhar/jackal_ws/install/jackal_helper/share/jackal_helper/worlds/BARN/world_24.world
[4.453s] -- Symlinking: /home/sankala-mahidhar/jackal_ws/install/jackal_helper/share/jackal_helper/worlds/BARN/world_240.world
[4.461s] -- Symlinking: /home/sankala-mahidhar/jackal_ws/install/jackal_helper/share/jackal_helper/worlds/BARN/world_241.world
[4.470s] -- Symlinking: /home/sankala-mahidhar/jackal_ws/install/jackal_helper/share/jackal_helper/worlds/BARN/world_242.world
[4.478s] -- Symlinking: /home/sankala-mahidhar/jackal_ws/install/jackal_helper/share/jackal_helper/worlds/BARN/world_243.world
[4.486s] -- Symlinking: /home/sankala-mahidhar/jackal_ws/install/jackal_helper/share/jackal_helper/worlds/BARN/world_244.world
[4.494s] -- Symlinking: /home/sankala-mahidhar/jackal_ws/install/jackal_helper/share/jackal_helper/worlds/BARN/world_245.world
[4.501s] -- Symlinking: /home/sankala-mahidhar/jackal_ws/install/jackal_helper/share/jackal_helper/worlds/BARN/world_246.world
[4.510s] -- Symlinking: /home/sankala-mahidhar/jackal_ws/install/jackal_helper/share/jackal_helper/worlds/BARN/world_247.world
[4.520s] -- Symlinking: /home/sankala-mahidhar/jackal_ws/install/jackal_helper/share/jackal_helper/worlds/BARN/world_248.world
[4.529s] -- Symlinking: /home/sankala-mahidhar/jackal_ws/install/jackal_helper/share/jackal_helper/worlds/BARN/world_249.world
[4.539s] -- Symlinking: /home/sankala-mahidhar/jackal_ws/install/jackal_helper/share/jackal_helper/worlds/BARN/world_25.world
[4.550s] -- Symlinking: /home/sankala-mahidhar/jackal_ws/install/jackal_helper/share/jackal_helper/worlds/BARN/world_250.world
[4.559s] -- Symlinking: /home/sankala-mahidhar/jackal_ws/install/jackal_helper/share/jackal_helper/worlds/BARN/world_251.world
[4.570s] -- Symlinking: /home/sankala-mahidhar/jackal_ws/install/jackal_helper/share/jackal_helper/worlds/BARN/world_252.world
[4.580s] -- Symlinking: /home/sankala-mahidhar/jackal_ws/install/jackal_helper/share/jackal_helper/worlds/BARN/world_253.world
[4.588s] -- Symlinking: /home/sankala-mahidhar/jackal_ws/install/jackal_helper/share/jackal_helper/worlds/BARN/world_254.world
[4.596s] -- Symlinking: /home/sankala-mahidhar/jackal_ws/install/jackal_helper/share/jackal_helper/worlds/BARN/world_255.world
[4.606s] -- Symlinking: /home/sankala-mahidhar/jackal_ws/install/jackal_helper/share/jackal_helper/worlds/BARN/world_256.world
[4.617s] -- Symlinking: /home/sankala-mahidhar/jackal_ws/install/jackal_helper/share/jackal_helper/worlds/BARN/world_257.world
[4.628s] -- Symlinking: /home/sankala-mahidhar/jackal_ws/install/jackal_helper/share/jackal_helper/worlds/BARN/world_258.world
[4.636s] -- Symlinking: /home/sankala-mahidhar/jackal_ws/install/jackal_helper/share/jackal_helper/worlds/BARN/world_259.world
[4.644s] -- Symlinking: /home/sankala-mahidhar/jackal_ws/install/jackal_helper/share/jackal_helper/worlds/BARN/world_26.world
[4.652s] -- Symlinking: /home/sankala-mahidhar/jackal_ws/install/jackal_helper/share/jackal_helper/worlds/BARN/world_260.world
[4.660s] -- Symlinking: /home/sankala-mahidhar/jackal_ws/install/jackal_helper/share/jackal_helper/worlds/BARN/world_261.world
[4.670s] -- Symlinking: /home/sankala-mahidhar/jackal_ws/install/jackal_helper/share/jackal_helper/worlds/BARN/world_262.world
[4.679s] -- Symlinking: /home/sankala-mahidhar/jackal_ws/install/jackal_helper/share/jackal_helper/worlds/BARN/world_263.world
[4.687s] -- Symlinking: /home/sankala-mahidhar/jackal_ws/install/jackal_helper/share/jackal_helper/worlds/BARN/world_264.world
[4.694s] -- Symlinking: /home/sankala-mahidhar/jackal_ws/install/jackal_helper/share/jackal_helper/worlds/BARN/world_265.world
[4.703s] -- Symlinking: /home/sankala-mahidhar/jackal_ws/install/jackal_helper/share/jackal_helper/worlds/BARN/world_266.world
[4.711s] -- Symlinking: /home/sankala-mahidhar/jackal_ws/install/jackal_helper/share/jackal_helper/worlds/BARN/world_267.world
[4.720s] -- Symlinking: /home/sankala-mahidhar/jackal_ws/install/jackal_helper/share/jackal_helper/worlds/BARN/world_268.world
[4.731s] -- Symlinking: /home/sankala-mahidhar/jackal_ws/install/jackal_helper/share/jackal_helper/worlds/BARN/world_269.world
[4.739s] -- Symlinking: /home/sankala-mahidhar/jackal_ws/install/jackal_helper/share/jackal_helper/worlds/BARN/world_27.world
[4.749s] -- Symlinking: /home/sankala-mahidhar/jackal_ws/install/jackal_helper/share/jackal_helper/worlds/BARN/world_270.world
[4.756s] -- Symlinking: /home/sankala-mahidhar/jackal_ws/install/jackal_helper/share/jackal_helper/worlds/BARN/world_271.world
[4.765s] -- Symlinking: /home/sankala-mahidhar/jackal_ws/install/jackal_helper/share/jackal_helper/worlds/BARN/world_272.world
[4.773s] -- Symlinking: /home/sankala-mahidhar/jackal_ws/install/jackal_helper/share/jackal_helper/worlds/BARN/world_273.world
[4.782s] -- Symlinking: /home/sankala-mahidhar/jackal_ws/install/jackal_helper/share/jackal_helper/worlds/BARN/world_274.world
[4.789s] -- Symlinking: /home/sankala-mahidhar/jackal_ws/install/jackal_helper/share/jackal_helper/worlds/BARN/world_275.world
[4.798s] -- Symlinking: /home/sankala-mahidhar/jackal_ws/install/jackal_helper/share/jackal_helper/worlds/BARN/world_276.world
[4.805s] -- Symlinking: /home/sankala-mahidhar/jackal_ws/install/jackal_helper/share/jackal_helper/worlds/BARN/world_277.world
[4.815s] -- Symlinking: /home/sankala-mahidhar/jackal_ws/install/jackal_helper/share/jackal_helper/worlds/BARN/world_278.world
[4.823s] -- Symlinking: /home/sankala-mahidhar/jackal_ws/install/jackal_helper/share/jackal_helper/worlds/BARN/world_279.world
[4.833s] -- Symlinking: /home/sankala-mahidhar/jackal_ws/install/jackal_helper/share/jackal_helper/worlds/BARN/world_28.world
[4.840s] -- Symlinking: /home/sankala-mahidhar/jackal_ws/install/jackal_helper/share/jackal_helper/worlds/BARN/world_280.world
[4.850s] -- Symlinking: /home/sankala-mahidhar/jackal_ws/install/jackal_helper/share/jackal_helper/worlds/BARN/world_281.world
[4.857s] -- Symlinking: /home/sankala-mahidhar/jackal_ws/install/jackal_helper/share/jackal_helper/worlds/BARN/world_282.world
[4.866s] -- Symlinking: /home/sankala-mahidhar/jackal_ws/install/jackal_helper/share/jackal_helper/worlds/BARN/world_283.world
[4.874s] -- Symlinking: /home/sankala-mahidhar/jackal_ws/install/jackal_helper/share/jackal_helper/worlds/BARN/world_284.world
[4.882s] -- Symlinking: /home/sankala-mahidhar/jackal_ws/install/jackal_helper/share/jackal_helper/worlds/BARN/world_285.world
[4.889s] -- Symlinking: /home/sankala-mahidhar/jackal_ws/install/jackal_helper/share/jackal_helper/worlds/BARN/world_286.world
[4.897s] -- Symlinking: /home/sankala-mahidhar/jackal_ws/install/jackal_helper/share/jackal_helper/worlds/BARN/world_287.world
[4.904s] -- Symlinking: /home/sankala-mahidhar/jackal_ws/install/jackal_helper/share/jackal_helper/worlds/BARN/world_288.world
[4.913s] -- Symlinking: /home/sankala-mahidhar/jackal_ws/install/jackal_helper/share/jackal_helper/worlds/BARN/world_289.world
[4.923s] -- Symlinking: /home/sankala-mahidhar/jackal_ws/install/jackal_helper/share/jackal_helper/worlds/BARN/world_29.world
[4.931s] -- Symlinking: /home/sankala-mahidhar/jackal_ws/install/jackal_helper/share/jackal_helper/worlds/BARN/world_290.world
[4.940s] -- Symlinking: /home/sankala-mahidhar/jackal_ws/install/jackal_helper/share/jackal_helper/worlds/BARN/world_291.world
[4.949s] -- Symlinking: /home/sankala-mahidhar/jackal_ws/install/jackal_helper/share/jackal_helper/worlds/BARN/world_292.world
[4.957s] -- Symlinking: /home/sankala-mahidhar/jackal_ws/install/jackal_helper/share/jackal_helper/worlds/BARN/world_293.world
[4.965s] -- Symlinking: /home/sankala-mahidhar/jackal_ws/install/jackal_helper/share/jackal_helper/worlds/BARN/world_294.world
[4.973s] -- Symlinking: /home/sankala-mahidhar/jackal_ws/install/jackal_helper/share/jackal_helper/worlds/BARN/world_295.world
[4.980s] -- Symlinking: /home/sankala-mahidhar/jackal_ws/install/jackal_helper/share/jackal_helper/worlds/BARN/world_296.world
[4.989s] -- Symlinking: /home/sankala-mahidhar/jackal_ws/install/jackal_helper/share/jackal_helper/worlds/BARN/world_297.world
[4.996s] -- Symlinking: /home/sankala-mahidhar/jackal_ws/install/jackal_helper/share/jackal_helper/worlds/BARN/world_298.world
[5.004s] -- Symlinking: /home/sankala-mahidhar/jackal_ws/install/jackal_helper/share/jackal_helper/worlds/BARN/world_299.world
[5.014s] -- Symlinking: /home/sankala-mahidhar/jackal_ws/install/jackal_helper/share/jackal_helper/worlds/BARN/world_3.world
[5.022s] -- Symlinking: /home/sankala-mahidhar/jackal_ws/install/jackal_helper/share/jackal_helper/worlds/BARN/world_30.world
[5.032s] -- Symlinking: /home/sankala-mahidhar/jackal_ws/install/jackal_helper/share/jackal_helper/worlds/BARN/world_31.world
[5.040s] -- Symlinking: /home/sankala-mahidhar/jackal_ws/install/jackal_helper/share/jackal_helper/worlds/BARN/world_32.world
[5.050s] -- Symlinking: /home/sankala-mahidhar/jackal_ws/install/jackal_helper/share/jackal_helper/worlds/BARN/world_33.world
[5.057s] -- Symlinking: /home/sankala-mahidhar/jackal_ws/install/jackal_helper/share/jackal_helper/worlds/BARN/world_34.world
[5.065s] -- Symlinking: /home/sankala-mahidhar/jackal_ws/install/jackal_helper/share/jackal_helper/worlds/BARN/world_35.world
[5.073s] -- Symlinking: /home/sankala-mahidhar/jackal_ws/install/jackal_helper/share/jackal_helper/worlds/BARN/world_36.world
[5.080s] -- Symlinking: /home/sankala-mahidhar/jackal_ws/install/jackal_helper/share/jackal_helper/worlds/BARN/world_37.world
[5.088s] -- Symlinking: /home/sankala-mahidhar/jackal_ws/install/jackal_helper/share/jackal_helper/worlds/BARN/world_38.world
[5.095s] -- Symlinking: /home/sankala-mahidhar/jackal_ws/install/jackal_helper/share/jackal_helper/worlds/BARN/world_39.world
[5.104s] -- Symlinking: /home/sankala-mahidhar/jackal_ws/install/jackal_helper/share/jackal_helper/worlds/BARN/world_4.world
[5.111s] -- Symlinking: /home/sankala-mahidhar/jackal_ws/install/jackal_helper/share/jackal_helper/worlds/BARN/world_40.world
[5.121s] -- Symlinking: /home/sankala-mahidhar/jackal_ws/install/jackal_helper/share/jackal_helper/worlds/BARN/world_41.world
[5.128s] -- Symlinking: /home/sankala-mahidhar/jackal_ws/install/jackal_helper/share/jackal_helper/worlds/BARN/world_42.world
[5.137s] -- Symlinking: /home/sankala-mahidhar/jackal_ws/install/jackal_helper/share/jackal_helper/worlds/BARN/world_43.world
[5.146s] -- Symlinking: /home/sankala-mahidhar/jackal_ws/install/jackal_helper/share/jackal_helper/worlds/BARN/world_44.world
[5.154s] -- Symlinking: /home/sankala-mahidhar/jackal_ws/install/jackal_helper/share/jackal_helper/worlds/BARN/world_45.world
[5.162s] -- Symlinking: /home/sankala-mahidhar/jackal_ws/install/jackal_helper/share/jackal_helper/worlds/BARN/world_46.world
[5.171s] -- Symlinking: /home/sankala-mahidhar/jackal_ws/install/jackal_helper/share/jackal_helper/worlds/BARN/world_47.world
[5.178s] -- Symlinking: /home/sankala-mahidhar/jackal_ws/install/jackal_helper/share/jackal_helper/worlds/BARN/world_48.world
[5.186s] -- Symlinking: /home/sankala-mahidhar/jackal_ws/install/jackal_helper/share/jackal_helper/worlds/BARN/world_49.world
[5.193s] -- Symlinking: /home/sankala-mahidhar/jackal_ws/install/jackal_helper/share/jackal_helper/worlds/BARN/world_5.world
[5.201s] -- Symlinking: /home/sankala-mahidhar/jackal_ws/install/jackal_helper/share/jackal_helper/worlds/BARN/world_50.world
[5.210s] -- Symlinking: /home/sankala-mahidhar/jackal_ws/install/jackal_helper/share/jackal_helper/worlds/BARN/world_51.world
[5.217s] -- Symlinking: /home/sankala-mahidhar/jackal_ws/install/jackal_helper/share/jackal_helper/worlds/BARN/world_52.world
[5.225s] -- Symlinking: /home/sankala-mahidhar/jackal_ws/install/jackal_helper/share/jackal_helper/worlds/BARN/world_53.world
[5.234s] -- Symlinking: /home/sankala-mahidhar/jackal_ws/install/jackal_helper/share/jackal_helper/worlds/BARN/world_54.world
[5.241s] -- Symlinking: /home/sankala-mahidhar/jackal_ws/install/jackal_helper/share/jackal_helper/worlds/BARN/world_55.world
[5.250s] -- Symlinking: /home/sankala-mahidhar/jackal_ws/install/jackal_helper/share/jackal_helper/worlds/BARN/world_56.world
[5.258s] -- Symlinking: /home/sankala-mahidhar/jackal_ws/install/jackal_helper/share/jackal_helper/worlds/BARN/world_57.world
[5.266s] -- Symlinking: /home/sankala-mahidhar/jackal_ws/install/jackal_helper/share/jackal_helper/worlds/BARN/world_58.world
[5.275s] -- Symlinking: /home/sankala-mahidhar/jackal_ws/install/jackal_helper/share/jackal_helper/worlds/BARN/world_59.world
[5.283s] -- Symlinking: /home/sankala-mahidhar/jackal_ws/install/jackal_helper/share/jackal_helper/worlds/BARN/world_6.world
[5.289s] -- Symlinking: /home/sankala-mahidhar/jackal_ws/install/jackal_helper/share/jackal_helper/worlds/BARN/world_60.world
[5.297s] -- Symlinking: /home/sankala-mahidhar/jackal_ws/install/jackal_helper/share/jackal_helper/worlds/BARN/world_61.world
[5.304s] -- Symlinking: /home/sankala-mahidhar/jackal_ws/install/jackal_helper/share/jackal_helper/worlds/BARN/world_62.world
[5.314s] -- Symlinking: /home/sankala-mahidhar/jackal_ws/install/jackal_helper/share/jackal_helper/worlds/BARN/world_63.world
[5.322s] -- Symlinking: /home/sankala-mahidhar/jackal_ws/install/jackal_helper/share/jackal_helper/worlds/BARN/world_64.world
[5.331s] -- Symlinking: /home/sankala-mahidhar/jackal_ws/install/jackal_helper/share/jackal_helper/worlds/BARN/world_65.world
[5.338s] -- Symlinking: /home/sankala-mahidhar/jackal_ws/install/jackal_helper/share/jackal_helper/worlds/BARN/world_66.world
[5.346s] -- Symlinking: /home/sankala-mahidhar/jackal_ws/install/jackal_helper/share/jackal_helper/worlds/BARN/world_67.world
[5.354s] -- Symlinking: /home/sankala-mahidhar/jackal_ws/install/jackal_helper/share/jackal_helper/worlds/BARN/world_68.world
[5.363s] -- Symlinking: /home/sankala-mahidhar/jackal_ws/install/jackal_helper/share/jackal_helper/worlds/BARN/world_69.world
[5.371s] -- Symlinking: /home/sankala-mahidhar/jackal_ws/install/jackal_helper/share/jackal_helper/worlds/BARN/world_7.world
[5.380s] -- Symlinking: /home/sankala-mahidhar/jackal_ws/install/jackal_helper/share/jackal_helper/worlds/BARN/world_70.world
[5.387s] -- Symlinking: /home/sankala-mahidhar/jackal_ws/install/jackal_helper/share/jackal_helper/worlds/BARN/world_71.world
[5.396s] -- Symlinking: /home/sankala-mahidhar/jackal_ws/install/jackal_helper/share/jackal_helper/worlds/BARN/world_72.world
[5.403s] -- Symlinking: /home/sankala-mahidhar/jackal_ws/install/jackal_helper/share/jackal_helper/worlds/BARN/world_73.world
[5.412s] -- Symlinking: /home/sankala-mahidhar/jackal_ws/install/jackal_helper/share/jackal_helper/worlds/BARN/world_74.world
[5.421s] -- Symlinking: /home/sankala-mahidhar/jackal_ws/install/jackal_helper/share/jackal_helper/worlds/BARN/world_75.world
[5.429s] -- Symlinking: /home/sankala-mahidhar/jackal_ws/install/jackal_helper/share/jackal_helper/worlds/BARN/world_76.world
[5.438s] -- Symlinking: /home/sankala-mahidhar/jackal_ws/install/jackal_helper/share/jackal_helper/worlds/BARN/world_77.world
[5.447s] -- Symlinking: /home/sankala-mahidhar/jackal_ws/install/jackal_helper/share/jackal_helper/worlds/BARN/world_78.world
[5.454s] -- Symlinking: /home/sankala-mahidhar/jackal_ws/install/jackal_helper/share/jackal_helper/worlds/BARN/world_79.world
[5.463s] -- Symlinking: /home/sankala-mahidhar/jackal_ws/install/jackal_helper/share/jackal_helper/worlds/BARN/world_8.world
[5.471s] -- Symlinking: /home/sankala-mahidhar/jackal_ws/install/jackal_helper/share/jackal_helper/worlds/BARN/world_80.world
[5.480s] -- Symlinking: /home/sankala-mahidhar/jackal_ws/install/jackal_helper/share/jackal_helper/worlds/BARN/world_81.world
[5.489s] -- Symlinking: /home/sankala-mahidhar/jackal_ws/install/jackal_helper/share/jackal_helper/worlds/BARN/world_82.world
[5.496s] -- Symlinking: /home/sankala-mahidhar/jackal_ws/install/jackal_helper/share/jackal_helper/worlds/BARN/world_83.world
[5.504s] -- Symlinking: /home/sankala-mahidhar/jackal_ws/install/jackal_helper/share/jackal_helper/worlds/BARN/world_84.world
[5.513s] -- Symlinking: /home/sankala-mahidhar/jackal_ws/install/jackal_helper/share/jackal_helper/worlds/BARN/world_85.world
[5.522s] -- Symlinking: /home/sankala-mahidhar/jackal_ws/install/jackal_helper/share/jackal_helper/worlds/BARN/world_86.world
[5.530s] -- Symlinking: /home/sankala-mahidhar/jackal_ws/install/jackal_helper/share/jackal_helper/worlds/BARN/world_87.world
[5.539s] -- Symlinking: /home/sankala-mahidhar/jackal_ws/install/jackal_helper/share/jackal_helper/worlds/BARN/world_88.world
[5.546s] -- Symlinking: /home/sankala-mahidhar/jackal_ws/install/jackal_helper/share/jackal_helper/worlds/BARN/world_89.world
[5.555s] -- Symlinking: /home/sankala-mahidhar/jackal_ws/install/jackal_helper/share/jackal_helper/worlds/BARN/world_9.world
[5.562s] -- Symlinking: /home/sankala-mahidhar/jackal_ws/install/jackal_helper/share/jackal_helper/worlds/BARN/world_90.world
[5.570s] -- Symlinking: /home/sankala-mahidhar/jackal_ws/install/jackal_helper/share/jackal_helper/worlds/BARN/world_91.world
[5.577s] -- Symlinking: /home/sankala-mahidhar/jackal_ws/install/jackal_helper/share/jackal_helper/worlds/BARN/world_92.world
[5.585s] -- Symlinking: /home/sankala-mahidhar/jackal_ws/install/jackal_helper/share/jackal_helper/worlds/BARN/world_93.world
[5.593s] -- Symlinking: /home/sankala-mahidhar/jackal_ws/install/jackal_helper/share/jackal_helper/worlds/BARN/world_94.world
[5.599s] -- Symlinking: /home/sankala-mahidhar/jackal_ws/install/jackal_helper/share/jackal_helper/worlds/BARN/world_95.world
[5.606s] -- Symlinking: /home/sankala-mahidhar/jackal_ws/install/jackal_helper/share/jackal_helper/worlds/BARN/world_96.world
[5.616s] -- Symlinking: /home/sankala-mahidhar/jackal_ws/install/jackal_helper/share/jackal_helper/worlds/BARN/world_97.world
[5.623s] -- Symlinking: /home/sankala-mahidhar/jackal_ws/install/jackal_helper/share/jackal_helper/worlds/BARN/world_98.world
[5.631s] -- Symlinking: /home/sankala-mahidhar/jackal_ws/install/jackal_helper/share/jackal_helper/worlds/BARN/world_99.world
[5.640s] -- Symlinking: /home/sankala-mahidhar/jackal_ws/install/jackal_helper/share/ament_index/resource_index/package_run_dependencies/jackal_helper
[5.648s] -- Symlinking: /home/sankala-mahidhar/jackal_ws/install/jackal_helper/share/ament_index/resource_index/parent_prefix_path/jackal_helper
[5.657s] -- Symlinking: /home/sankala-mahidhar/jackal_ws/install/jackal_helper/share/jackal_helper/environment/ament_prefix_path.sh
[5.664s] -- Symlinking: /home/sankala-mahidhar/jackal_ws/install/jackal_helper/share/jackal_helper/environment/ament_prefix_path.dsv
[5.671s] -- Symlinking: /home/sankala-mahidhar/jackal_ws/install/jackal_helper/share/jackal_helper/environment/path.sh
[5.679s] -- Symlinking: /home/sankala-mahidhar/jackal_ws/install/jackal_helper/share/jackal_helper/environment/path.dsv
[5.688s] -- Symlinking: /home/sankala-mahidhar/jackal_ws/install/jackal_helper/share/jackal_helper/local_setup.bash
[5.696s] -- Symlinking: /home/sankala-mahidhar/jackal_ws/install/jackal_helper/share/jackal_helper/local_setup.sh
[5.703s] -- Symlinking: /home/sankala-mahidhar/jackal_ws/install/jackal_helper/share/jackal_helper/local_setup.zsh
[5.711s] -- Symlinking: /home/sankala-mahidhar/jackal_ws/install/jackal_helper/share/jackal_helper/local_setup.dsv
[5.722s] -- Symlinking: /home/sankala-mahidhar/jackal_ws/install/jackal_helper/share/jackal_helper/package.dsv
[5.729s] -- Symlinking: /home/sankala-mahidhar/jackal_ws/install/jackal_helper/share/ament_index/resource_index/packages/jackal_helper
[5.738s] -- Symlinking: /home/sankala-mahidhar/jackal_ws/install/jackal_helper/share/jackal_helper/cmake/jackal_helperConfig.cmake
[5.747s] -- Symlinking: /home/sankala-mahidhar/jackal_ws/install/jackal_helper/share/jackal_helper/cmake/jackal_helperConfig-version.cmake
[5.756s] -- Symlinking: /home/sankala-mahidhar/jackal_ws/install/jackal_helper/share/jackal_helper/package.xml
[5.796s] Listing '/home/sankala-mahidhar/jackal_ws/install/jackal_helper/lib/python3.12/site-packages/jackal_helper'...
[5.796s] Compiling '/home/sankala-mahidhar/jackal_ws/install/jackal_helper/lib/python3.12/site-packages/jackal_helper/__init__.py'...
[5.796s] Compiling '/home/sankala-mahidhar/jackal_ws/install/jackal_helper/lib/python3.12/site-packages/jackal_helper/utils.py'...
[5.803s] Invoked command in '/home/sankala-mahidhar/jackal_ws/build/jackal_helper' returned '0': CMAKE_PREFIX_PATH=${CMAKE_PREFIX_PATH}:/opt/ros/jazzy DEBUGINFOD_URLS=https://debuginfod.ubuntu.com /usr/bin/cmake --install /home/sankala-mahidhar/jackal_ws/build/jackal_helper
